{"C:\\Users\\zhouy16\\Desktop\\New folder\\COMP 531\\hw5-sleepyzzzzzz\\src\\actions.js": {"path":"C:\\Users\\zhouy16\\Desktop\\New folder\\COMP 531\\hw5-sleepyzzzzzz\\src\\actions.js","statementMap":{"0":{"start":{"line":1,"column":25},"end":{"line":4,"column":2}},"1":{"start":{"line":1,"column":37},"end":{"line":4,"column":1}},"2":{"start":{"line":6,"column":24},"end":{"line":9,"column":2}},"3":{"start":{"line":6,"column":36},"end":{"line":9,"column":1}},"4":{"start":{"line":11,"column":26},"end":{"line":13,"column":2}},"5":{"start":{"line":11,"column":33},"end":{"line":13,"column":1}},"6":{"start":{"line":15,"column":28},"end":{"line":19,"column":2}},"7":{"start":{"line":15,"column":47},"end":{"line":19,"column":1}},"8":{"start":{"line":21,"column":27},"end":{"line":23,"column":2}},"9":{"start":{"line":21,"column":34},"end":{"line":23,"column":1}},"10":{"start":{"line":25,"column":30},"end":{"line":28,"column":2}},"11":{"start":{"line":25,"column":41},"end":{"line":28,"column":1}},"12":{"start":{"line":30,"column":27},"end":{"line":32,"column":2}},"13":{"start":{"line":30,"column":34},"end":{"line":32,"column":1}},"14":{"start":{"line":34,"column":28},"end":{"line":36,"column":2}},"15":{"start":{"line":34,"column":35},"end":{"line":36,"column":1}},"16":{"start":{"line":38,"column":28},"end":{"line":44,"column":2}},"17":{"start":{"line":38,"column":61},"end":{"line":44,"column":1}},"18":{"start":{"line":46,"column":28},"end":{"line":49,"column":2}},"19":{"start":{"line":46,"column":41},"end":{"line":49,"column":1}},"20":{"start":{"line":51,"column":30},"end":{"line":55,"column":2}},"21":{"start":{"line":51,"column":56},"end":{"line":55,"column":1}},"22":{"start":{"line":57,"column":23},"end":{"line":62,"column":2}},"23":{"start":{"line":57,"column":56},"end":{"line":62,"column":1}},"24":{"start":{"line":64,"column":26},"end":{"line":68,"column":2}},"25":{"start":{"line":64,"column":46},"end":{"line":68,"column":1}}},"fnMap":{"0":{"name":"(anonymous_0)","decl":{"start":{"line":1,"column":25},"end":{"line":1,"column":26}},"loc":{"start":{"line":1,"column":37},"end":{"line":4,"column":1}},"line":1},"1":{"name":"(anonymous_1)","decl":{"start":{"line":6,"column":24},"end":{"line":6,"column":25}},"loc":{"start":{"line":6,"column":36},"end":{"line":9,"column":1}},"line":6},"2":{"name":"(anonymous_2)","decl":{"start":{"line":11,"column":26},"end":{"line":11,"column":27}},"loc":{"start":{"line":11,"column":33},"end":{"line":13,"column":1}},"line":11},"3":{"name":"(anonymous_3)","decl":{"start":{"line":15,"column":28},"end":{"line":15,"column":29}},"loc":{"start":{"line":15,"column":47},"end":{"line":19,"column":1}},"line":15},"4":{"name":"(anonymous_4)","decl":{"start":{"line":21,"column":27},"end":{"line":21,"column":28}},"loc":{"start":{"line":21,"column":34},"end":{"line":23,"column":1}},"line":21},"5":{"name":"(anonymous_5)","decl":{"start":{"line":25,"column":30},"end":{"line":25,"column":31}},"loc":{"start":{"line":25,"column":41},"end":{"line":28,"column":1}},"line":25},"6":{"name":"(anonymous_6)","decl":{"start":{"line":30,"column":27},"end":{"line":30,"column":28}},"loc":{"start":{"line":30,"column":34},"end":{"line":32,"column":1}},"line":30},"7":{"name":"(anonymous_7)","decl":{"start":{"line":34,"column":28},"end":{"line":34,"column":29}},"loc":{"start":{"line":34,"column":35},"end":{"line":36,"column":1}},"line":34},"8":{"name":"(anonymous_8)","decl":{"start":{"line":38,"column":28},"end":{"line":38,"column":29}},"loc":{"start":{"line":38,"column":61},"end":{"line":44,"column":1}},"line":38},"9":{"name":"(anonymous_9)","decl":{"start":{"line":46,"column":28},"end":{"line":46,"column":29}},"loc":{"start":{"line":46,"column":41},"end":{"line":49,"column":1}},"line":46},"10":{"name":"(anonymous_10)","decl":{"start":{"line":51,"column":30},"end":{"line":51,"column":31}},"loc":{"start":{"line":51,"column":56},"end":{"line":55,"column":1}},"line":51},"11":{"name":"(anonymous_11)","decl":{"start":{"line":57,"column":23},"end":{"line":57,"column":24}},"loc":{"start":{"line":57,"column":56},"end":{"line":62,"column":1}},"line":57},"12":{"name":"(anonymous_12)","decl":{"start":{"line":64,"column":26},"end":{"line":64,"column":27}},"loc":{"start":{"line":64,"column":46},"end":{"line":68,"column":1}},"line":64}},"branchMap":{},"s":{"0":1,"1":17,"2":1,"3":13,"4":1,"5":1,"6":1,"7":55,"8":1,"9":13,"10":1,"11":3,"12":1,"13":1,"14":1,"15":1,"16":1,"17":3,"18":1,"19":1,"20":1,"21":5,"22":1,"23":1,"24":1,"25":2},"f":{"0":17,"1":13,"2":1,"3":55,"4":13,"5":3,"6":1,"7":1,"8":3,"9":1,"10":5,"11":1,"12":2},"b":{},"_coverageSchema":"1a1c01bbd47fc00a2c39e90264f33305004495a9","hash":"c0c66350db3495709f70a0c50f5a5d7adfcb5d43"}
,"C:\\Users\\zhouy16\\Desktop\\New folder\\COMP 531\\hw5-sleepyzzzzzz\\src\\index.js": {"path":"C:\\Users\\zhouy16\\Desktop\\New folder\\COMP 531\\hw5-sleepyzzzzzz\\src\\index.js","statementMap":{"0":{"start":{"line":12,"column":14},"end":{"line":12,"column":35}},"1":{"start":{"line":14,"column":0},"end":{"line":21,"column":2}},"2":{"start":{"line":26,"column":0},"end":{"line":26,"column":27}}},"fnMap":{},"branchMap":{},"s":{"0":0,"1":0,"2":0},"f":{},"b":{}}
,"C:\\Users\\zhouy16\\Desktop\\New folder\\COMP 531\\hw5-sleepyzzzzzz\\src\\reducer.js": {"path":"C:\\Users\\zhouy16\\Desktop\\New folder\\COMP 531\\hw5-sleepyzzzzzz\\src\\reducer.js","statementMap":{"0":{"start":{"line":7,"column":19},"end":{"line":9,"column":108}},"1":{"start":{"line":10,"column":24},"end":{"line":12,"column":108}},"2":{"start":{"line":14,"column":21},"end":{"line":33,"column":1}},"3":{"start":{"line":36,"column":21},"end":{"line":36,"column":26}},"4":{"start":{"line":37,"column":24},"end":{"line":37,"column":35}},"5":{"start":{"line":38,"column":27},"end":{"line":38,"column":89}},"6":{"start":{"line":39,"column":23},"end":{"line":39,"column":42}},"7":{"start":{"line":40,"column":19},"end":{"line":40,"column":38}},"8":{"start":{"line":41,"column":4},"end":{"line":440,"column":5}},"9":{"start":{"line":43,"column":29},"end":{"line":43,"column":52}},"10":{"start":{"line":58,"column":27},"end":{"line":58,"column":56}},"11":{"start":{"line":59,"column":12},"end":{"line":79,"column":13}},"12":{"start":{"line":60,"column":36},"end":{"line":60,"column":75}},"13":{"start":{"line":61,"column":32},"end":{"line":61,"column":48}},"14":{"start":{"line":62,"column":34},"end":{"line":62,"column":36}},"15":{"start":{"line":63,"column":16},"end":{"line":65,"column":17}},"16":{"start":{"line":64,"column":20},"end":{"line":64,"column":65}},"17":{"start":{"line":66,"column":16},"end":{"line":78,"column":18}},"18":{"start":{"line":80,"column":12},"end":{"line":82,"column":13}},"19":{"start":{"line":81,"column":16},"end":{"line":81,"column":51}},"20":{"start":{"line":83,"column":12},"end":{"line":86,"column":14}},"21":{"start":{"line":88,"column":29},"end":{"line":88,"column":65}},"22":{"start":{"line":89,"column":12},"end":{"line":91,"column":13}},"23":{"start":{"line":89,"column":25},"end":{"line":89,"column":26}},"24":{"start":{"line":90,"column":16},"end":{"line":90,"column":55}},"25":{"start":{"line":95,"column":34},"end":{"line":95,"column":50}},"26":{"start":{"line":96,"column":12},"end":{"line":107,"column":13}},"27":{"start":{"line":97,"column":39},"end":{"line":97,"column":98}},"28":{"start":{"line":98,"column":32},"end":{"line":98,"column":79}},"29":{"start":{"line":99,"column":16},"end":{"line":106,"column":18}},"30":{"start":{"line":108,"column":12},"end":{"line":112,"column":14}},"31":{"start":{"line":114,"column":12},"end":{"line":117,"column":13}},"32":{"start":{"line":119,"column":22},"end":{"line":119,"column":34}},"33":{"start":{"line":120,"column":24},"end":{"line":120,"column":36}},"34":{"start":{"line":121,"column":12},"end":{"line":175,"column":13}},"35":{"start":{"line":123,"column":20},"end":{"line":127,"column":22}},"36":{"start":{"line":129,"column":20},"end":{"line":133,"column":22}},"37":{"start":{"line":135,"column":20},"end":{"line":139,"column":22}},"38":{"start":{"line":141,"column":20},"end":{"line":145,"column":22}},"39":{"start":{"line":147,"column":20},"end":{"line":151,"column":22}},"40":{"start":{"line":153,"column":20},"end":{"line":157,"column":22}},"41":{"start":{"line":159,"column":20},"end":{"line":163,"column":22}},"42":{"start":{"line":165,"column":20},"end":{"line":169,"column":21}},"43":{"start":{"line":171,"column":20},"end":{"line":174,"column":22}},"44":{"start":{"line":177,"column":12},"end":{"line":177,"column":74}},"45":{"start":{"line":178,"column":12},"end":{"line":183,"column":13}},"46":{"start":{"line":179,"column":16},"end":{"line":182,"column":17}},"47":{"start":{"line":184,"column":33},"end":{"line":184,"column":50}},"48":{"start":{"line":185,"column":33},"end":{"line":185,"column":79}},"49":{"start":{"line":186,"column":33},"end":{"line":186,"column":50}},"50":{"start":{"line":187,"column":31},"end":{"line":187,"column":78}},"51":{"start":{"line":188,"column":12},"end":{"line":188,"column":58}},"52":{"start":{"line":189,"column":12},"end":{"line":204,"column":14}},"53":{"start":{"line":206,"column":12},"end":{"line":206,"column":72}},"54":{"start":{"line":207,"column":12},"end":{"line":212,"column":13}},"55":{"start":{"line":208,"column":16},"end":{"line":211,"column":18}},"56":{"start":{"line":213,"column":24},"end":{"line":213,"column":91}},"57":{"start":{"line":214,"column":28},"end":{"line":214,"column":39}},"58":{"start":{"line":215,"column":27},"end":{"line":226,"column":13}},"59":{"start":{"line":227,"column":12},"end":{"line":227,"column":46}},"60":{"start":{"line":228,"column":12},"end":{"line":228,"column":37}},"61":{"start":{"line":230,"column":12},"end":{"line":235,"column":14}},"62":{"start":{"line":237,"column":12},"end":{"line":248,"column":14}},"63":{"start":{"line":250,"column":12},"end":{"line":250,"column":38}},"64":{"start":{"line":251,"column":12},"end":{"line":253,"column":13}},"65":{"start":{"line":252,"column":16},"end":{"line":252,"column":51}},"66":{"start":{"line":254,"column":12},"end":{"line":272,"column":13}},"67":{"start":{"line":274,"column":28},"end":{"line":274,"column":76}},"68":{"start":{"line":275,"column":28},"end":{"line":275,"column":76}},"69":{"start":{"line":276,"column":30},"end":{"line":276,"column":84}},"70":{"start":{"line":277,"column":26},"end":{"line":277,"column":68}},"71":{"start":{"line":278,"column":31},"end":{"line":289,"column":13}},"72":{"start":{"line":290,"column":12},"end":{"line":290,"column":51}},"73":{"start":{"line":291,"column":12},"end":{"line":299,"column":14}},"74":{"start":{"line":301,"column":38},"end":{"line":304,"column":13}},"75":{"start":{"line":305,"column":12},"end":{"line":305,"column":58}},"76":{"start":{"line":307,"column":12},"end":{"line":309,"column":13}},"77":{"start":{"line":308,"column":16},"end":{"line":308,"column":62}},"78":{"start":{"line":311,"column":12},"end":{"line":315,"column":13}},"79":{"start":{"line":317,"column":41},"end":{"line":317,"column":55}},"80":{"start":{"line":318,"column":24},"end":{"line":318,"column":35}},"81":{"start":{"line":319,"column":39},"end":{"line":319,"column":89}},"82":{"start":{"line":320,"column":12},"end":{"line":379,"column":13}},"83":{"start":{"line":322,"column":32},"end":{"line":322,"column":85}},"84":{"start":{"line":323,"column":20},"end":{"line":340,"column":21}},"85":{"start":{"line":324,"column":24},"end":{"line":327,"column":25}},"86":{"start":{"line":329,"column":25},"end":{"line":340,"column":21}},"87":{"start":{"line":330,"column":24},"end":{"line":333,"column":25}},"88":{"start":{"line":335,"column":25},"end":{"line":340,"column":21}},"89":{"start":{"line":336,"column":24},"end":{"line":339,"column":25}},"90":{"start":{"line":341,"column":20},"end":{"line":341,"column":89}},"91":{"start":{"line":342,"column":20},"end":{"line":342,"column":67}},"92":{"start":{"line":343,"column":20},"end":{"line":343,"column":71}},"93":{"start":{"line":344,"column":20},"end":{"line":344,"column":47}},"94":{"start":{"line":345,"column":20},"end":{"line":345,"column":67}},"95":{"start":{"line":346,"column":20},"end":{"line":353,"column":21}},"96":{"start":{"line":355,"column":30},"end":{"line":355,"column":32}},"97":{"start":{"line":356,"column":20},"end":{"line":361,"column":21}},"98":{"start":{"line":356,"column":33},"end":{"line":356,"column":34}},"99":{"start":{"line":357,"column":24},"end":{"line":360,"column":25}},"100":{"start":{"line":358,"column":28},"end":{"line":358,"column":36}},"101":{"start":{"line":359,"column":28},"end":{"line":359,"column":34}},"102":{"start":{"line":362,"column":20},"end":{"line":362,"column":58}},"103":{"start":{"line":363,"column":20},"end":{"line":363,"column":67}},"104":{"start":{"line":364,"column":20},"end":{"line":364,"column":67}},"105":{"start":{"line":365,"column":20},"end":{"line":365,"column":76}},"106":{"start":{"line":366,"column":20},"end":{"line":366,"column":47}},"107":{"start":{"line":367,"column":39},"end":{"line":367,"column":41}},"108":{"start":{"line":368,"column":20},"end":{"line":368,"column":80}},"109":{"start":{"line":368,"column":57},"end":{"line":368,"column":78}},"110":{"start":{"line":369,"column":20},"end":{"line":376,"column":21}},"111":{"start":{"line":378,"column":20},"end":{"line":378,"column":40}},"112":{"start":{"line":381,"column":32},"end":{"line":381,"column":47}},"113":{"start":{"line":382,"column":37},"end":{"line":382,"column":48}},"114":{"start":{"line":383,"column":30},"end":{"line":383,"column":80}},"115":{"start":{"line":384,"column":37},"end":{"line":384,"column":59}},"116":{"start":{"line":385,"column":26},"end":{"line":385,"column":51}},"117":{"start":{"line":386,"column":28},"end":{"line":386,"column":72}},"118":{"start":{"line":387,"column":32},"end":{"line":395,"column":13}},"119":{"start":{"line":396,"column":12},"end":{"line":396,"column":49}},"120":{"start":{"line":397,"column":12},"end":{"line":397,"column":54}},"121":{"start":{"line":398,"column":12},"end":{"line":403,"column":14}},"122":{"start":{"line":405,"column":38},"end":{"line":405,"column":49}},"123":{"start":{"line":406,"column":27},"end":{"line":406,"column":29}},"124":{"start":{"line":407,"column":12},"end":{"line":437,"column":13}},"125":{"start":{"line":409,"column":20},"end":{"line":413,"column":21}},"126":{"start":{"line":409,"column":33},"end":{"line":409,"column":34}},"127":{"start":{"line":410,"column":24},"end":{"line":412,"column":25}},"128":{"start":{"line":411,"column":28},"end":{"line":411,"column":66}},"129":{"start":{"line":414,"column":20},"end":{"line":417,"column":21}},"130":{"start":{"line":419,"column":20},"end":{"line":427,"column":21}},"131":{"start":{"line":419,"column":33},"end":{"line":419,"column":34}},"132":{"start":{"line":420,"column":34},"end":{"line":420,"column":72}},"133":{"start":{"line":421,"column":24},"end":{"line":426,"column":25}},"134":{"start":{"line":421,"column":37},"end":{"line":421,"column":38}},"135":{"start":{"line":422,"column":28},"end":{"line":425,"column":29}},"136":{"start":{"line":423,"column":32},"end":{"line":423,"column":70}},"137":{"start":{"line":424,"column":32},"end":{"line":424,"column":38}},"138":{"start":{"line":428,"column":20},"end":{"line":431,"column":21}},"139":{"start":{"line":433,"column":20},"end":{"line":436,"column":22}},"140":{"start":{"line":439,"column":12},"end":{"line":439,"column":32}},"141":{"start":{"line":444,"column":21},"end":{"line":444,"column":23}},"142":{"start":{"line":445,"column":4},"end":{"line":462,"column":5}},"143":{"start":{"line":445,"column":17},"end":{"line":445,"column":18}},"144":{"start":{"line":446,"column":19},"end":{"line":446,"column":26}},"145":{"start":{"line":447,"column":20},"end":{"line":447,"column":87}},"146":{"start":{"line":448,"column":23},"end":{"line":460,"column":9}},"147":{"start":{"line":461,"column":8},"end":{"line":461,"column":34}},"148":{"start":{"line":463,"column":4},"end":{"line":473,"column":5}},"149":{"start":{"line":463,"column":17},"end":{"line":463,"column":18}},"150":{"start":{"line":464,"column":23},"end":{"line":464,"column":25}},"151":{"start":{"line":465,"column":8},"end":{"line":471,"column":9}},"152":{"start":{"line":465,"column":21},"end":{"line":465,"column":22}},"153":{"start":{"line":466,"column":22},"end":{"line":466,"column":27}},"154":{"start":{"line":467,"column":12},"end":{"line":469,"column":13}},"155":{"start":{"line":468,"column":16},"end":{"line":468,"column":41}},"156":{"start":{"line":470,"column":12},"end":{"line":470,"column":59}},"157":{"start":{"line":472,"column":8},"end":{"line":472,"column":42}},"158":{"start":{"line":474,"column":4},"end":{"line":474,"column":22}},"159":{"start":{"line":478,"column":21},"end":{"line":478,"column":23}},"160":{"start":{"line":479,"column":4},"end":{"line":505,"column":7}},"161":{"start":{"line":480,"column":23},"end":{"line":480,"column":25}},"162":{"start":{"line":481,"column":21},"end":{"line":481,"column":23}},"163":{"start":{"line":482,"column":8},"end":{"line":488,"column":9}},"164":{"start":{"line":482,"column":21},"end":{"line":482,"column":22}},"165":{"start":{"line":483,"column":12},"end":{"line":487,"column":13}},"166":{"start":{"line":484,"column":16},"end":{"line":484,"column":48}},"167":{"start":{"line":485,"column":16},"end":{"line":485,"column":41}},"168":{"start":{"line":486,"column":16},"end":{"line":486,"column":22}},"169":{"start":{"line":489,"column":19},"end":{"line":489,"column":77}},"170":{"start":{"line":490,"column":20},"end":{"line":490,"column":97}},"171":{"start":{"line":491,"column":23},"end":{"line":499,"column":9}},"172":{"start":{"line":502,"column":8},"end":{"line":502,"column":53}},"173":{"start":{"line":504,"column":8},"end":{"line":504,"column":34}},"174":{"start":{"line":506,"column":4},"end":{"line":506,"column":22}},"175":{"start":{"line":510,"column":4},"end":{"line":512,"column":5}},"176":{"start":{"line":510,"column":17},"end":{"line":510,"column":18}},"177":{"start":{"line":511,"column":8},"end":{"line":511,"column":57}},"178":{"start":{"line":516,"column":21},"end":{"line":516,"column":23}},"179":{"start":{"line":517,"column":14},"end":{"line":517,"column":15}},"180":{"start":{"line":518,"column":4},"end":{"line":524,"column":5}},"181":{"start":{"line":518,"column":17},"end":{"line":518,"column":18}},"182":{"start":{"line":519,"column":8},"end":{"line":523,"column":9}},"183":{"start":{"line":520,"column":12},"end":{"line":520,"column":33}},"184":{"start":{"line":521,"column":12},"end":{"line":521,"column":38}},"185":{"start":{"line":522,"column":12},"end":{"line":522,"column":21}},"186":{"start":{"line":525,"column":4},"end":{"line":525,"column":33}},"187":{"start":{"line":529,"column":29},"end":{"line":529,"column":64}},"188":{"start":{"line":530,"column":25},"end":{"line":530,"column":46}},"189":{"start":{"line":531,"column":19},"end":{"line":531,"column":32}},"190":{"start":{"line":532,"column":14},"end":{"line":532,"column":29}},"191":{"start":{"line":533,"column":22},"end":{"line":539,"column":5}},"192":{"start":{"line":540,"column":4},"end":{"line":540,"column":34}},"193":{"start":{"line":541,"column":4},"end":{"line":541,"column":32}},"194":{"start":{"line":542,"column":4},"end":{"line":542,"column":29}},"195":{"start":{"line":546,"column":21},"end":{"line":546,"column":23}},"196":{"start":{"line":547,"column":19},"end":{"line":547,"column":21}},"197":{"start":{"line":548,"column":4},"end":{"line":548,"column":106}},"198":{"start":{"line":548,"column":26},"end":{"line":548,"column":104}},"199":{"start":{"line":549,"column":4},"end":{"line":559,"column":5}},"200":{"start":{"line":549,"column":17},"end":{"line":549,"column":18}},"201":{"start":{"line":550,"column":18},"end":{"line":550,"column":73}},"202":{"start":{"line":551,"column":8},"end":{"line":553,"column":9}},"203":{"start":{"line":552,"column":12},"end":{"line":552,"column":74}},"204":{"start":{"line":554,"column":8},"end":{"line":554,"column":23}},"205":{"start":{"line":555,"column":24},"end":{"line":555,"column":39}},"206":{"start":{"line":556,"column":19},"end":{"line":556,"column":77}},"207":{"start":{"line":557,"column":22},"end":{"line":557,"column":41}},"208":{"start":{"line":558,"column":8},"end":{"line":558,"column":59}},"209":{"start":{"line":563,"column":4},"end":{"line":565,"column":5}},"210":{"start":{"line":564,"column":8},"end":{"line":564,"column":20}},"211":{"start":{"line":566,"column":19},"end":{"line":566,"column":24}},"212":{"start":{"line":567,"column":4},"end":{"line":572,"column":5}},"213":{"start":{"line":567,"column":17},"end":{"line":567,"column":18}},"214":{"start":{"line":568,"column":8},"end":{"line":571,"column":9}},"215":{"start":{"line":569,"column":12},"end":{"line":569,"column":28}},"216":{"start":{"line":570,"column":12},"end":{"line":570,"column":28}},"217":{"start":{"line":573,"column":4},"end":{"line":573,"column":20}},"218":{"start":{"line":577,"column":19},"end":{"line":577,"column":24}},"219":{"start":{"line":578,"column":4},"end":{"line":583,"column":7}},"220":{"start":{"line":579,"column":8},"end":{"line":582,"column":9}},"221":{"start":{"line":580,"column":12},"end":{"line":580,"column":28}},"222":{"start":{"line":581,"column":12},"end":{"line":581,"column":28}},"223":{"start":{"line":584,"column":4},"end":{"line":584,"column":20}},"224":{"start":{"line":588,"column":23},"end":{"line":588,"column":25}},"225":{"start":{"line":589,"column":14},"end":{"line":589,"column":16}},"226":{"start":{"line":590,"column":4},"end":{"line":604,"column":5}},"227":{"start":{"line":590,"column":17},"end":{"line":590,"column":18}},"228":{"start":{"line":591,"column":8},"end":{"line":603,"column":9}},"229":{"start":{"line":592,"column":12},"end":{"line":592,"column":60}},"230":{"start":{"line":593,"column":12},"end":{"line":593,"column":48}},"231":{"start":{"line":594,"column":12},"end":{"line":594,"column":48}},"232":{"start":{"line":595,"column":12},"end":{"line":595,"column":52}},"233":{"start":{"line":596,"column":12},"end":{"line":596,"column":44}},"234":{"start":{"line":597,"column":12},"end":{"line":597,"column":50}},"235":{"start":{"line":598,"column":12},"end":{"line":598,"column":52}},"236":{"start":{"line":599,"column":12},"end":{"line":599,"column":54}},"237":{"start":{"line":600,"column":12},"end":{"line":600,"column":58}},"238":{"start":{"line":601,"column":12},"end":{"line":601,"column":20}},"239":{"start":{"line":602,"column":12},"end":{"line":602,"column":18}},"240":{"start":{"line":605,"column":4},"end":{"line":605,"column":31}},"241":{"start":{"line":609,"column":16},"end":{"line":609,"column":21}},"242":{"start":{"line":610,"column":4},"end":{"line":616,"column":6}},"243":{"start":{"line":611,"column":21},"end":{"line":611,"column":41}},"244":{"start":{"line":612,"column":8},"end":{"line":615,"column":9}},"245":{"start":{"line":613,"column":12},"end":{"line":613,"column":25}},"246":{"start":{"line":614,"column":12},"end":{"line":614,"column":25}},"247":{"start":{"line":617,"column":4},"end":{"line":617,"column":17}},"248":{"start":{"line":621,"column":25},"end":{"line":621,"column":38}},"249":{"start":{"line":622,"column":25},"end":{"line":622,"column":27}},"250":{"start":{"line":623,"column":4},"end":{"line":627,"column":5}},"251":{"start":{"line":624,"column":8},"end":{"line":626,"column":11}},"252":{"start":{"line":625,"column":12},"end":{"line":625,"column":66}},"253":{"start":{"line":628,"column":22},"end":{"line":628,"column":38}},"254":{"start":{"line":629,"column":21},"end":{"line":629,"column":23}},"255":{"start":{"line":630,"column":14},"end":{"line":630,"column":15}},"256":{"start":{"line":631,"column":4},"end":{"line":637,"column":7}},"257":{"start":{"line":632,"column":8},"end":{"line":636,"column":9}},"258":{"start":{"line":633,"column":12},"end":{"line":633,"column":29}},"259":{"start":{"line":634,"column":12},"end":{"line":634,"column":34}},"260":{"start":{"line":635,"column":12},"end":{"line":635,"column":21}},"261":{"start":{"line":638,"column":4},"end":{"line":638,"column":34}},"262":{"start":{"line":639,"column":4},"end":{"line":639,"column":22}},"263":{"start":{"line":643,"column":35},"end":{"line":643,"column":59}},"264":{"start":{"line":644,"column":4},"end":{"line":662,"column":5}},"265":{"start":{"line":645,"column":18},"end":{"line":645,"column":30}},"266":{"start":{"line":646,"column":8},"end":{"line":650,"column":9}},"267":{"start":{"line":646,"column":21},"end":{"line":646,"column":22}},"268":{"start":{"line":647,"column":12},"end":{"line":647,"column":49}},"269":{"start":{"line":648,"column":12},"end":{"line":648,"column":52}},"270":{"start":{"line":649,"column":12},"end":{"line":649,"column":21}},"271":{"start":{"line":653,"column":8},"end":{"line":658,"column":9}},"272":{"start":{"line":653,"column":21},"end":{"line":653,"column":22}},"273":{"start":{"line":654,"column":12},"end":{"line":657,"column":13}},"274":{"start":{"line":655,"column":16},"end":{"line":655,"column":35}},"275":{"start":{"line":656,"column":16},"end":{"line":656,"column":23}},"276":{"start":{"line":659,"column":8},"end":{"line":661,"column":9}},"277":{"start":{"line":659,"column":21},"end":{"line":659,"column":22}},"278":{"start":{"line":660,"column":12},"end":{"line":660,"column":28}},"279":{"start":{"line":663,"column":4},"end":{"line":663,"column":29}},"280":{"start":{"line":667,"column":15},"end":{"line":667,"column":40}},"281":{"start":{"line":668,"column":16},"end":{"line":668,"column":36}},"282":{"start":{"line":669,"column":15},"end":{"line":669,"column":44}},"283":{"start":{"line":670,"column":20},"end":{"line":670,"column":58}},"284":{"start":{"line":671,"column":4},"end":{"line":671,"column":21}},"285":{"start":{"line":675,"column":4},"end":{"line":675,"column":77}}},"fnMap":{"0":{"name":"frontend","decl":{"start":{"line":35,"column":16},"end":{"line":35,"column":24}},"loc":{"start":{"line":35,"column":55},"end":{"line":441,"column":1}},"line":35},"1":{"name":"(anonymous_1)","decl":{"start":{"line":368,"column":51},"end":{"line":368,"column":52}},"loc":{"start":{"line":368,"column":57},"end":{"line":368,"column":78}},"line":368},"2":{"name":"load_user","decl":{"start":{"line":443,"column":9},"end":{"line":443,"column":18}},"loc":{"start":{"line":443,"column":25},"end":{"line":475,"column":1}},"line":443},"3":{"name":"load_post","decl":{"start":{"line":477,"column":9},"end":{"line":477,"column":18}},"loc":{"start":{"line":477,"column":32},"end":{"line":507,"column":1}},"line":477},"4":{"name":"(anonymous_4)","decl":{"start":{"line":479,"column":17},"end":{"line":479,"column":18}},"loc":{"start":{"line":479,"column":33},"end":{"line":505,"column":5}},"line":479},"5":{"name":"add_follow","decl":{"start":{"line":509,"column":9},"end":{"line":509,"column":19}},"loc":{"start":{"line":509,"column":37},"end":{"line":513,"column":1}},"line":509},"6":{"name":"add_post","decl":{"start":{"line":515,"column":9},"end":{"line":515,"column":17}},"loc":{"start":{"line":515,"column":31},"end":{"line":526,"column":1}},"line":515},"7":{"name":"add_comment","decl":{"start":{"line":528,"column":9},"end":{"line":528,"column":20}},"loc":{"start":{"line":528,"column":60},"end":{"line":543,"column":1}},"line":528},"8":{"name":"generate_comments","decl":{"start":{"line":545,"column":9},"end":{"line":545,"column":26}},"loc":{"start":{"line":545,"column":50},"end":{"line":560,"column":1}},"line":545},"9":{"name":"(anonymous_9)","decl":{"start":{"line":548,"column":18},"end":{"line":548,"column":19}},"loc":{"start":{"line":548,"column":26},"end":{"line":548,"column":104}},"line":548},"10":{"name":"login","decl":{"start":{"line":562,"column":9},"end":{"line":562,"column":14}},"loc":{"start":{"line":562,"column":40},"end":{"line":574,"column":1}},"line":562},"11":{"name":"check_register","decl":{"start":{"line":576,"column":9},"end":{"line":576,"column":23}},"loc":{"start":{"line":576,"column":44},"end":{"line":585,"column":1}},"line":576},"12":{"name":"(anonymous_12)","decl":{"start":{"line":578,"column":18},"end":{"line":578,"column":19}},"loc":{"start":{"line":578,"column":34},"end":{"line":583,"column":5}},"line":578},"13":{"name":"load_current_info","decl":{"start":{"line":587,"column":9},"end":{"line":587,"column":26}},"loc":{"start":{"line":587,"column":44},"end":{"line":606,"column":1}},"line":587},"14":{"name":"find_follow_exist","decl":{"start":{"line":608,"column":9},"end":{"line":608,"column":26}},"loc":{"start":{"line":608,"column":51},"end":{"line":618,"column":1}},"line":608},"15":{"name":"(anonymous_15)","decl":{"start":{"line":610,"column":22},"end":{"line":610,"column":23}},"loc":{"start":{"line":610,"column":42},"end":{"line":616,"column":5}},"line":610},"16":{"name":"find_user_post","decl":{"start":{"line":620,"column":9},"end":{"line":620,"column":23}},"loc":{"start":{"line":620,"column":37},"end":{"line":640,"column":1}},"line":620},"17":{"name":"(anonymous_17)","decl":{"start":{"line":624,"column":31},"end":{"line":624,"column":32}},"loc":{"start":{"line":624,"column":43},"end":{"line":626,"column":9}},"line":624},"18":{"name":"(anonymous_18)","decl":{"start":{"line":631,"column":18},"end":{"line":631,"column":19}},"loc":{"start":{"line":631,"column":34},"end":{"line":637,"column":5}},"line":631},"19":{"name":"updateposts","decl":{"start":{"line":642,"column":9},"end":{"line":642,"column":20}},"loc":{"start":{"line":642,"column":51},"end":{"line":664,"column":1}},"line":642},"20":{"name":"random_timestamp","decl":{"start":{"line":666,"column":9},"end":{"line":666,"column":25}},"loc":{"start":{"line":666,"column":32},"end":{"line":672,"column":1}},"line":666},"21":{"name":"compare_feed","decl":{"start":{"line":674,"column":9},"end":{"line":674,"column":21}},"loc":{"start":{"line":674,"column":28},"end":{"line":676,"column":1}},"line":674}},"branchMap":{"0":{"loc":{"start":{"line":35,"column":25},"end":{"line":35,"column":45}},"type":"default-arg","locations":[{"start":{"line":35,"column":33},"end":{"line":35,"column":45}}],"line":35},"1":{"loc":{"start":{"line":41,"column":4},"end":{"line":440,"column":5}},"type":"switch","locations":[{"start":{"line":42,"column":8},"end":{"line":86,"column":14}},{"start":{"line":87,"column":8},"end":{"line":112,"column":14}},{"start":{"line":113,"column":8},"end":{"line":117,"column":13}},{"start":{"line":118,"column":8},"end":{"line":175,"column":13}},{"start":{"line":176,"column":8},"end":{"line":204,"column":14}},{"start":{"line":205,"column":8},"end":{"line":235,"column":14}},{"start":{"line":236,"column":8},"end":{"line":248,"column":14}},{"start":{"line":249,"column":8},"end":{"line":272,"column":13}},{"start":{"line":273,"column":8},"end":{"line":299,"column":14}},{"start":{"line":300,"column":8},"end":{"line":315,"column":13}},{"start":{"line":316,"column":8},"end":{"line":379,"column":13}},{"start":{"line":380,"column":8},"end":{"line":403,"column":14}},{"start":{"line":404,"column":8},"end":{"line":437,"column":13}},{"start":{"line":438,"column":8},"end":{"line":439,"column":32}}],"line":41},"2":{"loc":{"start":{"line":59,"column":12},"end":{"line":79,"column":13}},"type":"if","locations":[{"start":{"line":59,"column":12},"end":{"line":79,"column":13}},{"start":{"line":59,"column":12},"end":{"line":79,"column":13}}],"line":59},"3":{"loc":{"start":{"line":63,"column":16},"end":{"line":65,"column":17}},"type":"if","locations":[{"start":{"line":63,"column":16},"end":{"line":65,"column":17}},{"start":{"line":63,"column":16},"end":{"line":65,"column":17}}],"line":63},"4":{"loc":{"start":{"line":76,"column":28},"end":{"line":76,"column":79}},"type":"cond-expr","locations":[{"start":{"line":76,"column":49},"end":{"line":76,"column":65}},{"start":{"line":76,"column":68},"end":{"line":76,"column":79}}],"line":76},"5":{"loc":{"start":{"line":80,"column":12},"end":{"line":82,"column":13}},"type":"if","locations":[{"start":{"line":80,"column":12},"end":{"line":82,"column":13}},{"start":{"line":80,"column":12},"end":{"line":82,"column":13}}],"line":80},"6":{"loc":{"start":{"line":96,"column":12},"end":{"line":107,"column":13}},"type":"if","locations":[{"start":{"line":96,"column":12},"end":{"line":107,"column":13}},{"start":{"line":96,"column":12},"end":{"line":107,"column":13}}],"line":96},"7":{"loc":{"start":{"line":121,"column":12},"end":{"line":175,"column":13}},"type":"switch","locations":[{"start":{"line":122,"column":16},"end":{"line":127,"column":22}},{"start":{"line":128,"column":16},"end":{"line":133,"column":22}},{"start":{"line":134,"column":16},"end":{"line":139,"column":22}},{"start":{"line":140,"column":16},"end":{"line":145,"column":22}},{"start":{"line":146,"column":16},"end":{"line":151,"column":22}},{"start":{"line":152,"column":16},"end":{"line":157,"column":22}},{"start":{"line":158,"column":16},"end":{"line":163,"column":22}},{"start":{"line":164,"column":16},"end":{"line":169,"column":21}},{"start":{"line":170,"column":16},"end":{"line":174,"column":22}}],"line":121},"8":{"loc":{"start":{"line":178,"column":12},"end":{"line":183,"column":13}},"type":"if","locations":[{"start":{"line":178,"column":12},"end":{"line":183,"column":13}},{"start":{"line":178,"column":12},"end":{"line":183,"column":13}}],"line":178},"9":{"loc":{"start":{"line":207,"column":12},"end":{"line":212,"column":13}},"type":"if","locations":[{"start":{"line":207,"column":12},"end":{"line":212,"column":13}},{"start":{"line":207,"column":12},"end":{"line":212,"column":13}}],"line":207},"10":{"loc":{"start":{"line":251,"column":12},"end":{"line":253,"column":13}},"type":"if","locations":[{"start":{"line":251,"column":12},"end":{"line":253,"column":13}},{"start":{"line":251,"column":12},"end":{"line":253,"column":13}}],"line":251},"11":{"loc":{"start":{"line":274,"column":28},"end":{"line":274,"column":76}},"type":"cond-expr","locations":[{"start":{"line":274,"column":50},"end":{"line":274,"column":61}},{"start":{"line":274,"column":64},"end":{"line":274,"column":76}}],"line":274},"12":{"loc":{"start":{"line":275,"column":28},"end":{"line":275,"column":76}},"type":"cond-expr","locations":[{"start":{"line":275,"column":50},"end":{"line":275,"column":61}},{"start":{"line":275,"column":64},"end":{"line":275,"column":76}}],"line":275},"13":{"loc":{"start":{"line":276,"column":30},"end":{"line":276,"column":84}},"type":"cond-expr","locations":[{"start":{"line":276,"column":54},"end":{"line":276,"column":67}},{"start":{"line":276,"column":70},"end":{"line":276,"column":84}}],"line":276},"14":{"loc":{"start":{"line":277,"column":26},"end":{"line":277,"column":68}},"type":"cond-expr","locations":[{"start":{"line":277,"column":46},"end":{"line":277,"column":55}},{"start":{"line":277,"column":58},"end":{"line":277,"column":68}}],"line":277},"15":{"loc":{"start":{"line":281,"column":29},"end":{"line":281,"column":107}},"type":"cond-expr","locations":[{"start":{"line":281,"column":67},"end":{"line":281,"column":102}},{"start":{"line":281,"column":105},"end":{"line":281,"column":107}}],"line":281},"16":{"loc":{"start":{"line":307,"column":12},"end":{"line":309,"column":13}},"type":"if","locations":[{"start":{"line":307,"column":12},"end":{"line":309,"column":13}},{"start":{"line":307,"column":12},"end":{"line":309,"column":13}}],"line":307},"17":{"loc":{"start":{"line":320,"column":12},"end":{"line":379,"column":13}},"type":"switch","locations":[{"start":{"line":321,"column":16},"end":{"line":353,"column":21}},{"start":{"line":354,"column":16},"end":{"line":376,"column":21}},{"start":{"line":377,"column":16},"end":{"line":378,"column":40}}],"line":320},"18":{"loc":{"start":{"line":323,"column":20},"end":{"line":340,"column":21}},"type":"if","locations":[{"start":{"line":323,"column":20},"end":{"line":340,"column":21}},{"start":{"line":323,"column":20},"end":{"line":340,"column":21}}],"line":323},"19":{"loc":{"start":{"line":329,"column":25},"end":{"line":340,"column":21}},"type":"if","locations":[{"start":{"line":329,"column":25},"end":{"line":340,"column":21}},{"start":{"line":329,"column":25},"end":{"line":340,"column":21}}],"line":329},"20":{"loc":{"start":{"line":335,"column":25},"end":{"line":340,"column":21}},"type":"if","locations":[{"start":{"line":335,"column":25},"end":{"line":340,"column":21}},{"start":{"line":335,"column":25},"end":{"line":340,"column":21}}],"line":335},"21":{"loc":{"start":{"line":357,"column":24},"end":{"line":360,"column":25}},"type":"if","locations":[{"start":{"line":357,"column":24},"end":{"line":360,"column":25}},{"start":{"line":357,"column":24},"end":{"line":360,"column":25}}],"line":357},"22":{"loc":{"start":{"line":407,"column":12},"end":{"line":437,"column":13}},"type":"switch","locations":[{"start":{"line":408,"column":16},"end":{"line":417,"column":21}},{"start":{"line":418,"column":16},"end":{"line":431,"column":21}},{"start":{"line":432,"column":16},"end":{"line":436,"column":22}}],"line":407},"23":{"loc":{"start":{"line":410,"column":24},"end":{"line":412,"column":25}},"type":"if","locations":[{"start":{"line":410,"column":24},"end":{"line":412,"column":25}},{"start":{"line":410,"column":24},"end":{"line":412,"column":25}}],"line":410},"24":{"loc":{"start":{"line":422,"column":28},"end":{"line":425,"column":29}},"type":"if","locations":[{"start":{"line":422,"column":28},"end":{"line":425,"column":29}},{"start":{"line":422,"column":28},"end":{"line":425,"column":29}}],"line":422},"25":{"loc":{"start":{"line":467,"column":12},"end":{"line":469,"column":13}},"type":"if","locations":[{"start":{"line":467,"column":12},"end":{"line":469,"column":13}},{"start":{"line":467,"column":12},"end":{"line":469,"column":13}}],"line":467},"26":{"loc":{"start":{"line":483,"column":12},"end":{"line":487,"column":13}},"type":"if","locations":[{"start":{"line":483,"column":12},"end":{"line":487,"column":13}},{"start":{"line":483,"column":12},"end":{"line":487,"column":13}}],"line":483},"27":{"loc":{"start":{"line":519,"column":8},"end":{"line":523,"column":9}},"type":"if","locations":[{"start":{"line":519,"column":8},"end":{"line":523,"column":9}},{"start":{"line":519,"column":8},"end":{"line":523,"column":9}}],"line":519},"28":{"loc":{"start":{"line":548,"column":26},"end":{"line":548,"column":104}},"type":"cond-expr","locations":[{"start":{"line":548,"column":58},"end":{"line":548,"column":91}},{"start":{"line":548,"column":94},"end":{"line":548,"column":104}}],"line":548},"29":{"loc":{"start":{"line":563,"column":4},"end":{"line":565,"column":5}},"type":"if","locations":[{"start":{"line":563,"column":4},"end":{"line":565,"column":5}},{"start":{"line":563,"column":4},"end":{"line":565,"column":5}}],"line":563},"30":{"loc":{"start":{"line":563,"column":8},"end":{"line":563,"column":40}},"type":"binary-expr","locations":[{"start":{"line":563,"column":8},"end":{"line":563,"column":26}},{"start":{"line":563,"column":30},"end":{"line":563,"column":40}}],"line":563},"31":{"loc":{"start":{"line":568,"column":8},"end":{"line":571,"column":9}},"type":"if","locations":[{"start":{"line":568,"column":8},"end":{"line":571,"column":9}},{"start":{"line":568,"column":8},"end":{"line":571,"column":9}}],"line":568},"32":{"loc":{"start":{"line":568,"column":12},"end":{"line":568,"column":72}},"type":"binary-expr","locations":[{"start":{"line":568,"column":12},"end":{"line":568,"column":48}},{"start":{"line":568,"column":52},"end":{"line":568,"column":72}}],"line":568},"33":{"loc":{"start":{"line":579,"column":8},"end":{"line":582,"column":9}},"type":"if","locations":[{"start":{"line":579,"column":8},"end":{"line":582,"column":9}},{"start":{"line":579,"column":8},"end":{"line":582,"column":9}}],"line":579},"34":{"loc":{"start":{"line":591,"column":8},"end":{"line":603,"column":9}},"type":"if","locations":[{"start":{"line":591,"column":8},"end":{"line":603,"column":9}},{"start":{"line":591,"column":8},"end":{"line":603,"column":9}}],"line":591},"35":{"loc":{"start":{"line":612,"column":8},"end":{"line":615,"column":9}},"type":"if","locations":[{"start":{"line":612,"column":8},"end":{"line":615,"column":9}},{"start":{"line":612,"column":8},"end":{"line":615,"column":9}}],"line":612},"36":{"loc":{"start":{"line":623,"column":4},"end":{"line":627,"column":5}},"type":"if","locations":[{"start":{"line":623,"column":4},"end":{"line":627,"column":5}},{"start":{"line":623,"column":4},"end":{"line":627,"column":5}}],"line":623},"37":{"loc":{"start":{"line":632,"column":8},"end":{"line":636,"column":9}},"type":"if","locations":[{"start":{"line":632,"column":8},"end":{"line":636,"column":9}},{"start":{"line":632,"column":8},"end":{"line":636,"column":9}}],"line":632},"38":{"loc":{"start":{"line":632,"column":12},"end":{"line":632,"column":79}},"type":"binary-expr","locations":[{"start":{"line":632,"column":12},"end":{"line":632,"column":48}},{"start":{"line":632,"column":52},"end":{"line":632,"column":79}}],"line":632},"39":{"loc":{"start":{"line":644,"column":4},"end":{"line":662,"column":5}},"type":"if","locations":[{"start":{"line":644,"column":4},"end":{"line":662,"column":5}},{"start":{"line":644,"column":4},"end":{"line":662,"column":5}}],"line":644},"40":{"loc":{"start":{"line":654,"column":12},"end":{"line":657,"column":13}},"type":"if","locations":[{"start":{"line":654,"column":12},"end":{"line":657,"column":13}},{"start":{"line":654,"column":12},"end":{"line":657,"column":13}}],"line":654}},"s":{"0":1,"1":1,"2":1,"3":117,"4":117,"5":117,"6":117,"7":117,"8":117,"9":17,"10":17,"11":17,"12":16,"13":16,"14":16,"15":16,"16":16,"17":16,"18":1,"19":1,"20":1,"21":13,"22":13,"23":13,"24":130,"25":13,"26":13,"27":13,"28":13,"29":13,"30":0,"31":1,"32":55,"33":55,"34":55,"35":17,"36":4,"37":5,"38":4,"39":4,"40":4,"41":16,"42":1,"43":0,"44":13,"45":13,"46":2,"47":11,"48":11,"49":11,"50":11,"51":11,"52":11,"53":3,"54":3,"55":1,"56":2,"57":2,"58":2,"59":2,"60":2,"61":2,"62":1,"63":1,"64":1,"65":1,"66":1,"67":3,"68":3,"69":3,"70":3,"71":3,"72":3,"73":3,"74":1,"75":1,"76":1,"77":1,"78":1,"79":5,"80":5,"81":5,"82":5,"83":4,"84":4,"85":1,"86":3,"87":1,"88":2,"89":1,"90":1,"91":1,"92":1,"93":1,"94":1,"95":1,"96":1,"97":1,"98":1,"99":1,"100":1,"101":1,"102":1,"103":1,"104":1,"105":1,"106":1,"107":1,"108":1,"109":2,"110":1,"111":0,"112":1,"113":1,"114":1,"115":1,"116":1,"117":1,"118":1,"119":1,"120":1,"121":1,"122":2,"123":2,"124":2,"125":1,"126":1,"127":40,"128":10,"129":1,"130":1,"131":1,"132":40,"133":40,"134":40,"135":570,"136":20,"137":20,"138":1,"139":0,"140":1,"141":17,"142":17,"143":17,"144":170,"145":170,"146":170,"147":170,"148":17,"149":17,"150":170,"151":170,"152":170,"153":510,"154":510,"155":102,"156":510,"157":170,"158":17,"159":13,"160":13,"161":1300,"162":1300,"163":1300,"164":1300,"165":7150,"166":1300,"167":1300,"168":1300,"169":1300,"170":1300,"171":1300,"172":1300,"173":1300,"174":13,"175":2,"176":2,"177":6,"178":130,"179":130,"180":130,"181":130,"182":13000,"183":1300,"184":1300,"185":1300,"186":130,"187":3900,"188":3900,"189":3900,"190":3900,"191":3900,"192":3900,"193":3900,"194":3900,"195":1300,"196":1300,"197":1300,"198":13000,"199":1300,"200":1300,"201":3900,"202":3900,"203":304,"204":3900,"205":3900,"206":3900,"207":3900,"208":3900,"209":13,"210":0,"211":13,"212":13,"213":13,"214":31,"215":11,"216":11,"217":2,"218":3,"219":3,"220":30,"221":1,"222":1,"223":3,"224":4063,"225":4063,"226":4063,"227":4063,"228":21585,"229":4017,"230":4017,"231":4017,"232":4017,"233":4017,"234":4017,"235":4017,"236":4017,"237":4017,"238":4017,"239":4017,"240":4063,"241":4,"242":4,"243":12,"244":12,"245":1,"246":1,"247":4,"248":24,"249":24,"250":24,"251":21,"252":63,"253":24,"254":24,"255":24,"256":24,"257":2400,"258":840,"259":840,"260":840,"261":24,"262":24,"263":2,"264":2,"265":1,"266":1,"267":1,"268":10,"269":10,"270":10,"271":1,"272":1,"273":40,"274":10,"275":10,"276":1,"277":1,"278":30,"279":2,"280":5200,"281":5200,"282":5200,"283":5200,"284":5200,"285":8794},"f":{"0":117,"1":2,"2":17,"3":13,"4":1300,"5":2,"6":130,"7":3900,"8":1300,"9":13000,"10":13,"11":3,"12":30,"13":4063,"14":4,"15":12,"16":24,"17":63,"18":2400,"19":2,"20":5200,"21":8794},"b":{"0":[21],"1":[17,13,1,55,13,3,1,1,3,1,5,1,2,1],"2":[16,1],"3":[16,0],"4":[0,16],"5":[1,0],"6":[13,0],"7":[17,4,5,4,4,4,16,1,0],"8":[2,11],"9":[1,2],"10":[1,0],"11":[2,1],"12":[2,1],"13":[2,1],"14":[2,1],"15":[3,0],"16":[1,0],"17":[4,1,0],"18":[1,3],"19":[1,2],"20":[1,1],"21":[1,0],"22":[1,1,0],"23":[10,30],"24":[20,550],"25":[102,408],"26":[1300,5850],"27":[1300,11700],"28":[11700,1300],"29":[0,13],"30":[13,13],"31":[11,20],"32":[31,12],"33":[1,29],"34":[4017,17568],"35":[1,11],"36":[21,3],"37":[840,1560],"38":[2400,1770],"39":[1,1],"40":[10,30]},"_coverageSchema":"1a1c01bbd47fc00a2c39e90264f33305004495a9","hash":"6ded8177db39969ff96c44e0968028e85edd0738"}
,"C:\\Users\\zhouy16\\Desktop\\New folder\\COMP 531\\hw5-sleepyzzzzzz\\src\\routers.js": {"path":"C:\\Users\\zhouy16\\Desktop\\New folder\\COMP 531\\hw5-sleepyzzzzzz\\src\\routers.js","statementMap":{},"fnMap":{},"branchMap":{},"s":{},"f":{},"b":{}}
,"C:\\Users\\zhouy16\\Desktop\\New folder\\COMP 531\\hw5-sleepyzzzzzz\\src\\serviceWorker.js": {"path":"C:\\Users\\zhouy16\\Desktop\\New folder\\COMP 531\\hw5-sleepyzzzzzz\\src\\serviceWorker.js","statementMap":{"0":{"start":{"line":13,"column":20},"end":{"line":21,"column":1}},"1":{"start":{"line":24,"column":2},"end":{"line":54,"column":3}},"2":{"start":{"line":26,"column":22},"end":{"line":26,"column":75}},"3":{"start":{"line":27,"column":4},"end":{"line":32,"column":5}},"4":{"start":{"line":31,"column":6},"end":{"line":31,"column":13}},"5":{"start":{"line":34,"column":4},"end":{"line":53,"column":7}},"6":{"start":{"line":35,"column":20},"end":{"line":35,"column":65}},"7":{"start":{"line":37,"column":6},"end":{"line":52,"column":7}},"8":{"start":{"line":39,"column":8},"end":{"line":39,"column":47}},"9":{"start":{"line":43,"column":8},"end":{"line":48,"column":11}},"10":{"start":{"line":44,"column":10},"end":{"line":47,"column":12}},"11":{"start":{"line":51,"column":8},"end":{"line":51,"column":39}},"12":{"start":{"line":58,"column":2},"end":{"line":98,"column":7}},"13":{"start":{"line":61,"column":6},"end":{"line":94,"column":8}},"14":{"start":{"line":62,"column":33},"end":{"line":62,"column":56}},"15":{"start":{"line":63,"column":8},"end":{"line":65,"column":9}},"16":{"start":{"line":64,"column":10},"end":{"line":64,"column":17}},"17":{"start":{"line":66,"column":8},"end":{"line":93,"column":10}},"18":{"start":{"line":67,"column":10},"end":{"line":92,"column":11}},"19":{"start":{"line":68,"column":12},"end":{"line":91,"column":13}},"20":{"start":{"line":72,"column":14},"end":{"line":75,"column":16}},"21":{"start":{"line":78,"column":14},"end":{"line":80,"column":15}},"22":{"start":{"line":79,"column":16},"end":{"line":79,"column":46}},"23":{"start":{"line":85,"column":14},"end":{"line":85,"column":64}},"24":{"start":{"line":88,"column":14},"end":{"line":90,"column":15}},"25":{"start":{"line":89,"column":16},"end":{"line":89,"column":47}},"26":{"start":{"line":97,"column":6},"end":{"line":97,"column":72}},"27":{"start":{"line":103,"column":2},"end":{"line":128,"column":7}},"28":{"start":{"line":108,"column":26},"end":{"line":108,"column":62}},"29":{"start":{"line":109,"column":6},"end":{"line":122,"column":7}},"30":{"start":{"line":114,"column":8},"end":{"line":118,"column":11}},"31":{"start":{"line":115,"column":10},"end":{"line":117,"column":13}},"32":{"start":{"line":116,"column":12},"end":{"line":116,"column":37}},"33":{"start":{"line":121,"column":8},"end":{"line":121,"column":39}},"34":{"start":{"line":125,"column":6},"end":{"line":127,"column":8}},"35":{"start":{"line":132,"column":2},"end":{"line":140,"column":3}},"36":{"start":{"line":133,"column":4},"end":{"line":139,"column":9}},"37":{"start":{"line":135,"column":8},"end":{"line":135,"column":34}},"38":{"start":{"line":138,"column":8},"end":{"line":138,"column":37}}},"fnMap":{"0":{"name":"register","decl":{"start":{"line":23,"column":16},"end":{"line":23,"column":24}},"loc":{"start":{"line":23,"column":33},"end":{"line":55,"column":1}},"line":23},"1":{"name":"(anonymous_1)","decl":{"start":{"line":34,"column":36},"end":{"line":34,"column":37}},"loc":{"start":{"line":34,"column":42},"end":{"line":53,"column":5}},"line":34},"2":{"name":"(anonymous_2)","decl":{"start":{"line":43,"column":43},"end":{"line":43,"column":44}},"loc":{"start":{"line":43,"column":49},"end":{"line":48,"column":9}},"line":43},"3":{"name":"registerValidSW","decl":{"start":{"line":57,"column":9},"end":{"line":57,"column":24}},"loc":{"start":{"line":57,"column":40},"end":{"line":99,"column":1}},"line":57},"4":{"name":"(anonymous_4)","decl":{"start":{"line":60,"column":10},"end":{"line":60,"column":11}},"loc":{"start":{"line":60,"column":26},"end":{"line":95,"column":5}},"line":60},"5":{"name":"(anonymous_5)","decl":{"start":{"line":61,"column":35},"end":{"line":61,"column":36}},"loc":{"start":{"line":61,"column":41},"end":{"line":94,"column":7}},"line":61},"6":{"name":"(anonymous_6)","decl":{"start":{"line":66,"column":41},"end":{"line":66,"column":42}},"loc":{"start":{"line":66,"column":47},"end":{"line":93,"column":9}},"line":66},"7":{"name":"(anonymous_7)","decl":{"start":{"line":96,"column":11},"end":{"line":96,"column":12}},"loc":{"start":{"line":96,"column":20},"end":{"line":98,"column":5}},"line":96},"8":{"name":"checkValidServiceWorker","decl":{"start":{"line":101,"column":9},"end":{"line":101,"column":32}},"loc":{"start":{"line":101,"column":48},"end":{"line":129,"column":1}},"line":101},"9":{"name":"(anonymous_9)","decl":{"start":{"line":106,"column":10},"end":{"line":106,"column":11}},"loc":{"start":{"line":106,"column":22},"end":{"line":123,"column":5}},"line":106},"10":{"name":"(anonymous_10)","decl":{"start":{"line":114,"column":43},"end":{"line":114,"column":44}},"loc":{"start":{"line":114,"column":59},"end":{"line":118,"column":9}},"line":114},"11":{"name":"(anonymous_11)","decl":{"start":{"line":115,"column":41},"end":{"line":115,"column":42}},"loc":{"start":{"line":115,"column":47},"end":{"line":117,"column":11}},"line":115},"12":{"name":"(anonymous_12)","decl":{"start":{"line":124,"column":11},"end":{"line":124,"column":12}},"loc":{"start":{"line":124,"column":17},"end":{"line":128,"column":5}},"line":124},"13":{"name":"unregister","decl":{"start":{"line":131,"column":16},"end":{"line":131,"column":26}},"loc":{"start":{"line":131,"column":29},"end":{"line":141,"column":1}},"line":131},"14":{"name":"(anonymous_14)","decl":{"start":{"line":134,"column":12},"end":{"line":134,"column":13}},"loc":{"start":{"line":134,"column":28},"end":{"line":136,"column":7}},"line":134},"15":{"name":"(anonymous_15)","decl":{"start":{"line":137,"column":13},"end":{"line":137,"column":14}},"loc":{"start":{"line":137,"column":22},"end":{"line":139,"column":7}},"line":137}},"branchMap":{"0":{"loc":{"start":{"line":14,"column":2},"end":{"line":20,"column":5}},"type":"binary-expr","locations":[{"start":{"line":14,"column":2},"end":{"line":14,"column":42}},{"start":{"line":16,"column":4},"end":{"line":16,"column":40}},{"start":{"line":18,"column":4},"end":{"line":20,"column":5}}],"line":14},"1":{"loc":{"start":{"line":24,"column":2},"end":{"line":54,"column":3}},"type":"if","locations":[{"start":{"line":24,"column":2},"end":{"line":54,"column":3}},{"start":{"line":24,"column":2},"end":{"line":54,"column":3}}],"line":24},"2":{"loc":{"start":{"line":24,"column":6},"end":{"line":24,"column":75}},"type":"binary-expr","locations":[{"start":{"line":24,"column":6},"end":{"line":24,"column":43}},{"start":{"line":24,"column":47},"end":{"line":24,"column":75}}],"line":24},"3":{"loc":{"start":{"line":27,"column":4},"end":{"line":32,"column":5}},"type":"if","locations":[{"start":{"line":27,"column":4},"end":{"line":32,"column":5}},{"start":{"line":27,"column":4},"end":{"line":32,"column":5}}],"line":27},"4":{"loc":{"start":{"line":37,"column":6},"end":{"line":52,"column":7}},"type":"if","locations":[{"start":{"line":37,"column":6},"end":{"line":52,"column":7}},{"start":{"line":37,"column":6},"end":{"line":52,"column":7}}],"line":37},"5":{"loc":{"start":{"line":63,"column":8},"end":{"line":65,"column":9}},"type":"if","locations":[{"start":{"line":63,"column":8},"end":{"line":65,"column":9}},{"start":{"line":63,"column":8},"end":{"line":65,"column":9}}],"line":63},"6":{"loc":{"start":{"line":67,"column":10},"end":{"line":92,"column":11}},"type":"if","locations":[{"start":{"line":67,"column":10},"end":{"line":92,"column":11}},{"start":{"line":67,"column":10},"end":{"line":92,"column":11}}],"line":67},"7":{"loc":{"start":{"line":68,"column":12},"end":{"line":91,"column":13}},"type":"if","locations":[{"start":{"line":68,"column":12},"end":{"line":91,"column":13}},{"start":{"line":68,"column":12},"end":{"line":91,"column":13}}],"line":68},"8":{"loc":{"start":{"line":78,"column":14},"end":{"line":80,"column":15}},"type":"if","locations":[{"start":{"line":78,"column":14},"end":{"line":80,"column":15}},{"start":{"line":78,"column":14},"end":{"line":80,"column":15}}],"line":78},"9":{"loc":{"start":{"line":78,"column":18},"end":{"line":78,"column":43}},"type":"binary-expr","locations":[{"start":{"line":78,"column":18},"end":{"line":78,"column":24}},{"start":{"line":78,"column":28},"end":{"line":78,"column":43}}],"line":78},"10":{"loc":{"start":{"line":88,"column":14},"end":{"line":90,"column":15}},"type":"if","locations":[{"start":{"line":88,"column":14},"end":{"line":90,"column":15}},{"start":{"line":88,"column":14},"end":{"line":90,"column":15}}],"line":88},"11":{"loc":{"start":{"line":88,"column":18},"end":{"line":88,"column":44}},"type":"binary-expr","locations":[{"start":{"line":88,"column":18},"end":{"line":88,"column":24}},{"start":{"line":88,"column":28},"end":{"line":88,"column":44}}],"line":88},"12":{"loc":{"start":{"line":109,"column":6},"end":{"line":122,"column":7}},"type":"if","locations":[{"start":{"line":109,"column":6},"end":{"line":122,"column":7}},{"start":{"line":109,"column":6},"end":{"line":122,"column":7}}],"line":109},"13":{"loc":{"start":{"line":110,"column":8},"end":{"line":111,"column":73}},"type":"binary-expr","locations":[{"start":{"line":110,"column":8},"end":{"line":110,"column":31}},{"start":{"line":111,"column":9},"end":{"line":111,"column":28}},{"start":{"line":111,"column":32},"end":{"line":111,"column":72}}],"line":110},"14":{"loc":{"start":{"line":132,"column":2},"end":{"line":140,"column":3}},"type":"if","locations":[{"start":{"line":132,"column":2},"end":{"line":140,"column":3}},{"start":{"line":132,"column":2},"end":{"line":140,"column":3}}],"line":132}},"s":{"0":0,"1":0,"2":0,"3":0,"4":0,"5":0,"6":0,"7":0,"8":0,"9":0,"10":0,"11":0,"12":0,"13":0,"14":0,"15":0,"16":0,"17":0,"18":0,"19":0,"20":0,"21":0,"22":0,"23":0,"24":0,"25":0,"26":0,"27":0,"28":0,"29":0,"30":0,"31":0,"32":0,"33":0,"34":0,"35":0,"36":0,"37":0,"38":0},"f":{"0":0,"1":0,"2":0,"3":0,"4":0,"5":0,"6":0,"7":0,"8":0,"9":0,"10":0,"11":0,"12":0,"13":0,"14":0,"15":0},"b":{"0":[0,0,0],"1":[0,0],"2":[0,0],"3":[0,0],"4":[0,0],"5":[0,0],"6":[0,0],"7":[0,0],"8":[0,0],"9":[0,0],"10":[0,0],"11":[0,0],"12":[0,0],"13":[0,0,0],"14":[0,0]}}
,"C:\\Users\\zhouy16\\Desktop\\New folder\\COMP 531\\hw5-sleepyzzzzzz\\src\\component\\app\\app.js": {"path":"C:\\Users\\zhouy16\\Desktop\\New folder\\COMP 531\\hw5-sleepyzzzzzz\\src\\component\\app\\app.js","statementMap":{"0":{"start":{"line":11,"column":4},"end":{"line":16,"column":8}},"1":{"start":{"line":12,"column":21},"end":{"line":12,"column":31}},"2":{"start":{"line":15,"column":10},"end":{"line":15,"column":35}},"3":{"start":{"line":17,"column":4},"end":{"line":22,"column":8}},"4":{"start":{"line":18,"column":21},"end":{"line":18,"column":31}},"5":{"start":{"line":21,"column":10},"end":{"line":21,"column":34}},"6":{"start":{"line":26,"column":4},"end":{"line":44,"column":6}},"7":{"start":{"line":35,"column":70},"end":{"line":35,"column":93}},"8":{"start":{"line":38,"column":73},"end":{"line":38,"column":96}},"9":{"start":{"line":48,"column":24},"end":{"line":60,"column":1}},"10":{"start":{"line":49,"column":2},"end":{"line":59,"column":4}},"11":{"start":{"line":62,"column":27},"end":{"line":68,"column":1}},"12":{"start":{"line":63,"column":2},"end":{"line":67,"column":3}},"13":{"start":{"line":64,"column":26},"end":{"line":64,"column":52}},"14":{"start":{"line":65,"column":25},"end":{"line":65,"column":50}},"15":{"start":{"line":66,"column":22},"end":{"line":66,"column":44}}},"fnMap":{"0":{"name":"(anonymous_0)","decl":{"start":{"line":10,"column":2},"end":{"line":10,"column":3}},"loc":{"start":{"line":10,"column":22},"end":{"line":23,"column":3}},"line":10},"1":{"name":"(anonymous_1)","decl":{"start":{"line":12,"column":12},"end":{"line":12,"column":13}},"loc":{"start":{"line":12,"column":21},"end":{"line":12,"column":31}},"line":12},"2":{"name":"(anonymous_2)","decl":{"start":{"line":14,"column":8},"end":{"line":14,"column":9}},"loc":{"start":{"line":15,"column":10},"end":{"line":15,"column":35}},"line":15},"3":{"name":"(anonymous_3)","decl":{"start":{"line":18,"column":12},"end":{"line":18,"column":13}},"loc":{"start":{"line":18,"column":21},"end":{"line":18,"column":31}},"line":18},"4":{"name":"(anonymous_4)","decl":{"start":{"line":20,"column":8},"end":{"line":20,"column":9}},"loc":{"start":{"line":21,"column":10},"end":{"line":21,"column":34}},"line":21},"5":{"name":"(anonymous_5)","decl":{"start":{"line":25,"column":2},"end":{"line":25,"column":3}},"loc":{"start":{"line":25,"column":11},"end":{"line":45,"column":3}},"line":25},"6":{"name":"(anonymous_6)","decl":{"start":{"line":35,"column":64},"end":{"line":35,"column":65}},"loc":{"start":{"line":35,"column":70},"end":{"line":35,"column":93}},"line":35},"7":{"name":"(anonymous_7)","decl":{"start":{"line":38,"column":67},"end":{"line":38,"column":68}},"loc":{"start":{"line":38,"column":73},"end":{"line":38,"column":96}},"line":38},"8":{"name":"(anonymous_8)","decl":{"start":{"line":48,"column":24},"end":{"line":48,"column":25}},"loc":{"start":{"line":48,"column":35},"end":{"line":60,"column":1}},"line":48},"9":{"name":"(anonymous_9)","decl":{"start":{"line":62,"column":27},"end":{"line":62,"column":28}},"loc":{"start":{"line":62,"column":41},"end":{"line":68,"column":1}},"line":62},"10":{"name":"(anonymous_10)","decl":{"start":{"line":64,"column":15},"end":{"line":64,"column":16}},"loc":{"start":{"line":64,"column":26},"end":{"line":64,"column":52}},"line":64},"11":{"name":"(anonymous_11)","decl":{"start":{"line":65,"column":14},"end":{"line":65,"column":15}},"loc":{"start":{"line":65,"column":25},"end":{"line":65,"column":50}},"line":65},"12":{"name":"(anonymous_12)","decl":{"start":{"line":66,"column":16},"end":{"line":66,"column":17}},"loc":{"start":{"line":66,"column":22},"end":{"line":66,"column":44}},"line":66}},"branchMap":{},"s":{"0":0,"1":0,"2":0,"3":0,"4":0,"5":0,"6":0,"7":0,"8":0,"9":0,"10":0,"11":0,"12":0,"13":0,"14":0,"15":0},"f":{"0":0,"1":0,"2":0,"3":0,"4":0,"5":0,"6":0,"7":0,"8":0,"9":0,"10":0,"11":0,"12":0},"b":{}}
,"C:\\Users\\zhouy16\\Desktop\\New folder\\COMP 531\\hw5-sleepyzzzzzz\\src\\component\\app\\login\\login.js": {"path":"C:\\Users\\zhouy16\\Desktop\\New folder\\COMP 531\\hw5-sleepyzzzzzz\\src\\component\\app\\login\\login.js","statementMap":{"0":{"start":{"line":10,"column":8},"end":{"line":10,"column":21}},"1":{"start":{"line":11,"column":8},"end":{"line":15,"column":9}},"2":{"start":{"line":18,"column":15},"end":{"line":21,"column":5}},"3":{"start":{"line":19,"column":8},"end":{"line":19,"column":59}},"4":{"start":{"line":20,"column":8},"end":{"line":20,"column":62}},"5":{"start":{"line":23,"column":18},"end":{"line":25,"column":5}},"6":{"start":{"line":24,"column":8},"end":{"line":24,"column":52}},"7":{"start":{"line":27,"column":15},"end":{"line":43,"column":5}},"8":{"start":{"line":28,"column":8},"end":{"line":28,"column":27}},"9":{"start":{"line":29,"column":18},"end":{"line":29,"column":20}},"10":{"start":{"line":30,"column":8},"end":{"line":32,"column":9}},"11":{"start":{"line":31,"column":12},"end":{"line":31,"column":36}},"12":{"start":{"line":33,"column":8},"end":{"line":35,"column":9}},"13":{"start":{"line":34,"column":12},"end":{"line":34,"column":28}},"14":{"start":{"line":36,"column":8},"end":{"line":36,"column":36}},"15":{"start":{"line":37,"column":8},"end":{"line":42,"column":9}},"16":{"start":{"line":38,"column":12},"end":{"line":38,"column":25}},"17":{"start":{"line":41,"column":12},"end":{"line":41,"column":37}},"18":{"start":{"line":46,"column":23},"end":{"line":46,"column":52}},"19":{"start":{"line":47,"column":8},"end":{"line":51,"column":9}},"20":{"start":{"line":48,"column":12},"end":{"line":50,"column":13}},"21":{"start":{"line":49,"column":16},"end":{"line":49,"column":48}},"22":{"start":{"line":52,"column":8},"end":{"line":103,"column":10}},"23":{"start":{"line":107,"column":24},"end":{"line":116,"column":1}},"24":{"start":{"line":108,"column":4},"end":{"line":115,"column":6}},"25":{"start":{"line":118,"column":27},"end":{"line":123,"column":1}},"26":{"start":{"line":119,"column":4},"end":{"line":122,"column":5}},"27":{"start":{"line":120,"column":40},"end":{"line":120,"column":76}},"28":{"start":{"line":121,"column":27},"end":{"line":121,"column":50}}},"fnMap":{"0":{"name":"(anonymous_0)","decl":{"start":{"line":9,"column":4},"end":{"line":9,"column":5}},"loc":{"start":{"line":9,"column":23},"end":{"line":16,"column":5}},"line":9},"1":{"name":"(anonymous_1)","decl":{"start":{"line":18,"column":15},"end":{"line":18,"column":16}},"loc":{"start":{"line":18,"column":22},"end":{"line":21,"column":5}},"line":18},"2":{"name":"(anonymous_2)","decl":{"start":{"line":23,"column":18},"end":{"line":23,"column":19}},"loc":{"start":{"line":23,"column":29},"end":{"line":25,"column":5}},"line":23},"3":{"name":"(anonymous_3)","decl":{"start":{"line":27,"column":15},"end":{"line":27,"column":16}},"loc":{"start":{"line":27,"column":22},"end":{"line":43,"column":5}},"line":27},"4":{"name":"(anonymous_4)","decl":{"start":{"line":45,"column":4},"end":{"line":45,"column":5}},"loc":{"start":{"line":45,"column":13},"end":{"line":104,"column":5}},"line":45},"5":{"name":"(anonymous_5)","decl":{"start":{"line":107,"column":24},"end":{"line":107,"column":25}},"loc":{"start":{"line":107,"column":35},"end":{"line":116,"column":1}},"line":107},"6":{"name":"(anonymous_6)","decl":{"start":{"line":118,"column":27},"end":{"line":118,"column":28}},"loc":{"start":{"line":118,"column":41},"end":{"line":123,"column":1}},"line":118},"7":{"name":"(anonymous_7)","decl":{"start":{"line":120,"column":22},"end":{"line":120,"column":23}},"loc":{"start":{"line":120,"column":40},"end":{"line":120,"column":76}},"line":120},"8":{"name":"(anonymous_8)","decl":{"start":{"line":121,"column":21},"end":{"line":121,"column":22}},"loc":{"start":{"line":121,"column":27},"end":{"line":121,"column":50}},"line":121}},"branchMap":{"0":{"loc":{"start":{"line":30,"column":8},"end":{"line":32,"column":9}},"type":"if","locations":[{"start":{"line":30,"column":8},"end":{"line":32,"column":9}},{"start":{"line":30,"column":8},"end":{"line":32,"column":9}}],"line":30},"1":{"loc":{"start":{"line":33,"column":8},"end":{"line":35,"column":9}},"type":"if","locations":[{"start":{"line":33,"column":8},"end":{"line":35,"column":9}},{"start":{"line":33,"column":8},"end":{"line":35,"column":9}}],"line":33},"2":{"loc":{"start":{"line":37,"column":8},"end":{"line":42,"column":9}},"type":"if","locations":[{"start":{"line":37,"column":8},"end":{"line":42,"column":9}},{"start":{"line":37,"column":8},"end":{"line":42,"column":9}}],"line":37},"3":{"loc":{"start":{"line":47,"column":8},"end":{"line":51,"column":9}},"type":"if","locations":[{"start":{"line":47,"column":8},"end":{"line":51,"column":9}},{"start":{"line":47,"column":8},"end":{"line":51,"column":9}}],"line":47},"4":{"loc":{"start":{"line":48,"column":12},"end":{"line":50,"column":13}},"type":"if","locations":[{"start":{"line":48,"column":12},"end":{"line":50,"column":13}},{"start":{"line":48,"column":12},"end":{"line":50,"column":13}}],"line":48},"5":{"loc":{"start":{"line":48,"column":17},"end":{"line":48,"column":55}},"type":"binary-expr","locations":[{"start":{"line":48,"column":17},"end":{"line":48,"column":36}},{"start":{"line":48,"column":40},"end":{"line":48,"column":55}}],"line":48},"6":{"loc":{"start":{"line":62,"column":43},"end":{"line":62,"column":119}},"type":"cond-expr","locations":[{"start":{"line":62,"column":77},"end":{"line":62,"column":102}},{"start":{"line":62,"column":105},"end":{"line":62,"column":119}}],"line":62},"7":{"loc":{"start":{"line":79,"column":43},"end":{"line":79,"column":111}},"type":"cond-expr","locations":[{"start":{"line":79,"column":69},"end":{"line":79,"column":94}},{"start":{"line":79,"column":97},"end":{"line":79,"column":111}}],"line":79}},"s":{"0":0,"1":0,"2":0,"3":0,"4":0,"5":0,"6":0,"7":0,"8":0,"9":0,"10":0,"11":0,"12":0,"13":0,"14":0,"15":0,"16":0,"17":0,"18":0,"19":0,"20":0,"21":0,"22":0,"23":0,"24":0,"25":0,"26":0,"27":0,"28":0},"f":{"0":0,"1":0,"2":0,"3":0,"4":0,"5":0,"6":0,"7":0,"8":0},"b":{"0":[0,0],"1":[0,0],"2":[0,0],"3":[0,0],"4":[0,0],"5":[0,0],"6":[0,0],"7":[0,0]}}
,"C:\\Users\\zhouy16\\Desktop\\New folder\\COMP 531\\hw5-sleepyzzzzzz\\src\\component\\app\\register\\register.js": {"path":"C:\\Users\\zhouy16\\Desktop\\New folder\\COMP 531\\hw5-sleepyzzzzzz\\src\\component\\app\\register\\register.js","statementMap":{"0":{"start":{"line":11,"column":8},"end":{"line":11,"column":21}},"1":{"start":{"line":12,"column":8},"end":{"line":23,"column":10}},"2":{"start":{"line":26,"column":17},"end":{"line":39,"column":5}},"3":{"start":{"line":27,"column":23},"end":{"line":27,"column":38}},"4":{"start":{"line":28,"column":18},"end":{"line":28,"column":36}},"5":{"start":{"line":29,"column":8},"end":{"line":38,"column":9}},"6":{"start":{"line":30,"column":12},"end":{"line":32,"column":13}},"7":{"start":{"line":31,"column":16},"end":{"line":31,"column":32}},"8":{"start":{"line":35,"column":12},"end":{"line":37,"column":13}},"9":{"start":{"line":36,"column":16},"end":{"line":36,"column":35}},"10":{"start":{"line":41,"column":21},"end":{"line":66,"column":5}},"11":{"start":{"line":42,"column":23},"end":{"line":42,"column":27}},"12":{"start":{"line":43,"column":8},"end":{"line":45,"column":9}},"13":{"start":{"line":44,"column":12},"end":{"line":44,"column":29}},"14":{"start":{"line":46,"column":19},"end":{"line":46,"column":37}},"15":{"start":{"line":47,"column":19},"end":{"line":47,"column":38}},"16":{"start":{"line":48,"column":8},"end":{"line":65,"column":9}},"17":{"start":{"line":49,"column":12},"end":{"line":51,"column":13}},"18":{"start":{"line":50,"column":16},"end":{"line":50,"column":32}},"19":{"start":{"line":52,"column":12},"end":{"line":54,"column":13}},"20":{"start":{"line":53,"column":16},"end":{"line":53,"column":33}},"21":{"start":{"line":57,"column":12},"end":{"line":57,"column":38}},"22":{"start":{"line":58,"column":12},"end":{"line":60,"column":13}},"23":{"start":{"line":59,"column":16},"end":{"line":59,"column":36}},"24":{"start":{"line":61,"column":12},"end":{"line":61,"column":39}},"25":{"start":{"line":62,"column":12},"end":{"line":64,"column":13}},"26":{"start":{"line":63,"column":16},"end":{"line":63,"column":36}},"27":{"start":{"line":68,"column":15},"end":{"line":138,"column":5}},"28":{"start":{"line":69,"column":8},"end":{"line":69,"column":59}},"29":{"start":{"line":70,"column":8},"end":{"line":70,"column":63}},"30":{"start":{"line":71,"column":20},"end":{"line":71,"column":33}},"31":{"start":{"line":72,"column":18},"end":{"line":72,"column":20}},"32":{"start":{"line":73,"column":23},"end":{"line":73,"column":27}},"33":{"start":{"line":74,"column":18},"end":{"line":74,"column":32}},"34":{"start":{"line":75,"column":8},"end":{"line":136,"column":9}},"35":{"start":{"line":77,"column":16},"end":{"line":77,"column":64}},"36":{"start":{"line":78,"column":16},"end":{"line":78,"column":65}},"37":{"start":{"line":79,"column":16},"end":{"line":79,"column":22}},"38":{"start":{"line":81,"column":16},"end":{"line":81,"column":45}},"39":{"start":{"line":82,"column":16},"end":{"line":82,"column":65}},"40":{"start":{"line":83,"column":16},"end":{"line":83,"column":22}},"41":{"start":{"line":85,"column":16},"end":{"line":85,"column":44}},"42":{"start":{"line":86,"column":16},"end":{"line":86,"column":65}},"43":{"start":{"line":87,"column":16},"end":{"line":87,"column":22}},"44":{"start":{"line":89,"column":28},"end":{"line":89,"column":38}},"45":{"start":{"line":90,"column":32},"end":{"line":90,"column":51}},"46":{"start":{"line":91,"column":33},"end":{"line":91,"column":53}},"47":{"start":{"line":92,"column":31},"end":{"line":92,"column":46}},"48":{"start":{"line":93,"column":29},"end":{"line":93,"column":43}},"49":{"start":{"line":94,"column":26},"end":{"line":94,"column":43}},"50":{"start":{"line":95,"column":32},"end":{"line":95,"column":48}},"51":{"start":{"line":96,"column":33},"end":{"line":96,"column":49}},"52":{"start":{"line":97,"column":31},"end":{"line":97,"column":47}},"53":{"start":{"line":98,"column":26},"end":{"line":98,"column":47}},"54":{"start":{"line":99,"column":16},"end":{"line":106,"column":17}},"55":{"start":{"line":100,"column":20},"end":{"line":102,"column":21}},"56":{"start":{"line":101,"column":24},"end":{"line":101,"column":38}},"57":{"start":{"line":104,"column":21},"end":{"line":106,"column":17}},"58":{"start":{"line":105,"column":20},"end":{"line":105,"column":34}},"59":{"start":{"line":107,"column":16},"end":{"line":109,"column":17}},"60":{"start":{"line":108,"column":20},"end":{"line":108,"column":37}},"61":{"start":{"line":110,"column":26},"end":{"line":110,"column":50}},"62":{"start":{"line":111,"column":16},"end":{"line":120,"column":17}},"63":{"start":{"line":112,"column":20},"end":{"line":114,"column":21}},"64":{"start":{"line":113,"column":24},"end":{"line":113,"column":46}},"65":{"start":{"line":117,"column":20},"end":{"line":119,"column":21}},"66":{"start":{"line":118,"column":24},"end":{"line":118,"column":43}},"67":{"start":{"line":121,"column":16},"end":{"line":121,"column":22}},"68":{"start":{"line":123,"column":16},"end":{"line":123,"column":32}},"69":{"start":{"line":124,"column":16},"end":{"line":124,"column":65}},"70":{"start":{"line":125,"column":16},"end":{"line":125,"column":22}},"71":{"start":{"line":127,"column":27},"end":{"line":127,"column":42}},"72":{"start":{"line":128,"column":16},"end":{"line":128,"column":63}},"73":{"start":{"line":129,"column":16},"end":{"line":129,"column":22}},"74":{"start":{"line":131,"column":27},"end":{"line":131,"column":41}},"75":{"start":{"line":132,"column":16},"end":{"line":132,"column":63}},"76":{"start":{"line":133,"column":16},"end":{"line":133,"column":22}},"77":{"start":{"line":135,"column":16},"end":{"line":135,"column":22}},"78":{"start":{"line":137,"column":8},"end":{"line":137,"column":36}},"79":{"start":{"line":140,"column":18},"end":{"line":142,"column":5}},"80":{"start":{"line":141,"column":8},"end":{"line":141,"column":52}},"81":{"start":{"line":144,"column":15},"end":{"line":184,"column":5}},"82":{"start":{"line":145,"column":8},"end":{"line":145,"column":27}},"83":{"start":{"line":146,"column":18},"end":{"line":146,"column":32}},"84":{"start":{"line":147,"column":8},"end":{"line":149,"column":9}},"85":{"start":{"line":148,"column":12},"end":{"line":148,"column":36}},"86":{"start":{"line":150,"column":8},"end":{"line":152,"column":9}},"87":{"start":{"line":151,"column":12},"end":{"line":151,"column":30}},"88":{"start":{"line":153,"column":8},"end":{"line":155,"column":9}},"89":{"start":{"line":154,"column":12},"end":{"line":154,"column":30}},"90":{"start":{"line":156,"column":8},"end":{"line":158,"column":9}},"91":{"start":{"line":157,"column":12},"end":{"line":157,"column":34}},"92":{"start":{"line":159,"column":8},"end":{"line":161,"column":9}},"93":{"start":{"line":160,"column":12},"end":{"line":160,"column":32}},"94":{"start":{"line":162,"column":8},"end":{"line":165,"column":9}},"95":{"start":{"line":163,"column":12},"end":{"line":163,"column":28}},"96":{"start":{"line":164,"column":12},"end":{"line":164,"column":29}},"97":{"start":{"line":166,"column":8},"end":{"line":166,"column":36}},"98":{"start":{"line":167,"column":8},"end":{"line":183,"column":9}},"99":{"start":{"line":168,"column":12},"end":{"line":168,"column":25}},"100":{"start":{"line":171,"column":12},"end":{"line":171,"column":40}},"101":{"start":{"line":172,"column":12},"end":{"line":182,"column":15}},"102":{"start":{"line":186,"column":12},"end":{"line":199,"column":5}},"103":{"start":{"line":187,"column":8},"end":{"line":197,"column":11}},"104":{"start":{"line":198,"column":8},"end":{"line":198,"column":33}},"105":{"start":{"line":202,"column":8},"end":{"line":204,"column":9}},"106":{"start":{"line":203,"column":12},"end":{"line":203,"column":56}},"107":{"start":{"line":205,"column":8},"end":{"line":393,"column":10}},"108":{"start":{"line":396,"column":24},"end":{"line":409,"column":1}},"109":{"start":{"line":397,"column":4},"end":{"line":408,"column":6}},"110":{"start":{"line":411,"column":27},"end":{"line":417,"column":1}},"111":{"start":{"line":412,"column":4},"end":{"line":416,"column":5}},"112":{"start":{"line":413,"column":40},"end":{"line":413,"column":76}},"113":{"start":{"line":414,"column":30},"end":{"line":414,"column":56}},"114":{"start":{"line":415,"column":27},"end":{"line":415,"column":50}}},"fnMap":{"0":{"name":"(anonymous_0)","decl":{"start":{"line":10,"column":4},"end":{"line":10,"column":5}},"loc":{"start":{"line":10,"column":23},"end":{"line":24,"column":5}},"line":10},"1":{"name":"(anonymous_1)","decl":{"start":{"line":26,"column":17},"end":{"line":26,"column":18}},"loc":{"start":{"line":26,"column":45},"end":{"line":39,"column":5}},"line":26},"2":{"name":"(anonymous_2)","decl":{"start":{"line":41,"column":21},"end":{"line":41,"column":22}},"loc":{"start":{"line":41,"column":42},"end":{"line":66,"column":5}},"line":41},"3":{"name":"(anonymous_3)","decl":{"start":{"line":68,"column":15},"end":{"line":68,"column":16}},"loc":{"start":{"line":68,"column":22},"end":{"line":138,"column":5}},"line":68},"4":{"name":"(anonymous_4)","decl":{"start":{"line":140,"column":18},"end":{"line":140,"column":19}},"loc":{"start":{"line":140,"column":29},"end":{"line":142,"column":5}},"line":140},"5":{"name":"(anonymous_5)","decl":{"start":{"line":144,"column":15},"end":{"line":144,"column":16}},"loc":{"start":{"line":144,"column":22},"end":{"line":184,"column":5}},"line":144},"6":{"name":"(anonymous_6)","decl":{"start":{"line":186,"column":12},"end":{"line":186,"column":13}},"loc":{"start":{"line":186,"column":18},"end":{"line":199,"column":5}},"line":186},"7":{"name":"(anonymous_7)","decl":{"start":{"line":201,"column":4},"end":{"line":201,"column":5}},"loc":{"start":{"line":201,"column":13},"end":{"line":394,"column":5}},"line":201},"8":{"name":"(anonymous_8)","decl":{"start":{"line":396,"column":24},"end":{"line":396,"column":25}},"loc":{"start":{"line":396,"column":35},"end":{"line":409,"column":1}},"line":396},"9":{"name":"(anonymous_9)","decl":{"start":{"line":411,"column":27},"end":{"line":411,"column":28}},"loc":{"start":{"line":411,"column":41},"end":{"line":417,"column":1}},"line":411},"10":{"name":"(anonymous_10)","decl":{"start":{"line":413,"column":22},"end":{"line":413,"column":23}},"loc":{"start":{"line":413,"column":40},"end":{"line":413,"column":76}},"line":413},"11":{"name":"(anonymous_11)","decl":{"start":{"line":414,"column":24},"end":{"line":414,"column":25}},"loc":{"start":{"line":414,"column":30},"end":{"line":414,"column":56}},"line":414},"12":{"name":"(anonymous_12)","decl":{"start":{"line":415,"column":21},"end":{"line":415,"column":22}},"loc":{"start":{"line":415,"column":27},"end":{"line":415,"column":50}},"line":415}},"branchMap":{"0":{"loc":{"start":{"line":29,"column":8},"end":{"line":38,"column":9}},"type":"if","locations":[{"start":{"line":29,"column":8},"end":{"line":38,"column":9}},{"start":{"line":29,"column":8},"end":{"line":38,"column":9}}],"line":29},"1":{"loc":{"start":{"line":30,"column":12},"end":{"line":32,"column":13}},"type":"if","locations":[{"start":{"line":30,"column":12},"end":{"line":32,"column":13}},{"start":{"line":30,"column":12},"end":{"line":32,"column":13}}],"line":30},"2":{"loc":{"start":{"line":35,"column":12},"end":{"line":37,"column":13}},"type":"if","locations":[{"start":{"line":35,"column":12},"end":{"line":37,"column":13}},{"start":{"line":35,"column":12},"end":{"line":37,"column":13}}],"line":35},"3":{"loc":{"start":{"line":43,"column":8},"end":{"line":45,"column":9}},"type":"if","locations":[{"start":{"line":43,"column":8},"end":{"line":45,"column":9}},{"start":{"line":43,"column":8},"end":{"line":45,"column":9}}],"line":43},"4":{"loc":{"start":{"line":48,"column":8},"end":{"line":65,"column":9}},"type":"if","locations":[{"start":{"line":48,"column":8},"end":{"line":65,"column":9}},{"start":{"line":48,"column":8},"end":{"line":65,"column":9}}],"line":48},"5":{"loc":{"start":{"line":49,"column":12},"end":{"line":51,"column":13}},"type":"if","locations":[{"start":{"line":49,"column":12},"end":{"line":51,"column":13}},{"start":{"line":49,"column":12},"end":{"line":51,"column":13}}],"line":49},"6":{"loc":{"start":{"line":52,"column":12},"end":{"line":54,"column":13}},"type":"if","locations":[{"start":{"line":52,"column":12},"end":{"line":54,"column":13}},{"start":{"line":52,"column":12},"end":{"line":54,"column":13}}],"line":52},"7":{"loc":{"start":{"line":58,"column":12},"end":{"line":60,"column":13}},"type":"if","locations":[{"start":{"line":58,"column":12},"end":{"line":60,"column":13}},{"start":{"line":58,"column":12},"end":{"line":60,"column":13}}],"line":58},"8":{"loc":{"start":{"line":62,"column":12},"end":{"line":64,"column":13}},"type":"if","locations":[{"start":{"line":62,"column":12},"end":{"line":64,"column":13}},{"start":{"line":62,"column":12},"end":{"line":64,"column":13}}],"line":62},"9":{"loc":{"start":{"line":75,"column":8},"end":{"line":136,"column":9}},"type":"switch","locations":[{"start":{"line":76,"column":12},"end":{"line":79,"column":22}},{"start":{"line":80,"column":12},"end":{"line":83,"column":22}},{"start":{"line":84,"column":12},"end":{"line":87,"column":22}},{"start":{"line":88,"column":12},"end":{"line":121,"column":22}},{"start":{"line":122,"column":12},"end":{"line":125,"column":22}},{"start":{"line":126,"column":12},"end":{"line":129,"column":22}},{"start":{"line":130,"column":12},"end":{"line":133,"column":22}},{"start":{"line":134,"column":12},"end":{"line":135,"column":22}}],"line":75},"10":{"loc":{"start":{"line":99,"column":16},"end":{"line":106,"column":17}},"type":"if","locations":[{"start":{"line":99,"column":16},"end":{"line":106,"column":17}},{"start":{"line":99,"column":16},"end":{"line":106,"column":17}}],"line":99},"11":{"loc":{"start":{"line":100,"column":20},"end":{"line":102,"column":21}},"type":"if","locations":[{"start":{"line":100,"column":20},"end":{"line":102,"column":21}},{"start":{"line":100,"column":20},"end":{"line":102,"column":21}}],"line":100},"12":{"loc":{"start":{"line":104,"column":21},"end":{"line":106,"column":17}},"type":"if","locations":[{"start":{"line":104,"column":21},"end":{"line":106,"column":17}},{"start":{"line":104,"column":21},"end":{"line":106,"column":17}}],"line":104},"13":{"loc":{"start":{"line":107,"column":16},"end":{"line":109,"column":17}},"type":"if","locations":[{"start":{"line":107,"column":16},"end":{"line":109,"column":17}},{"start":{"line":107,"column":16},"end":{"line":109,"column":17}}],"line":107},"14":{"loc":{"start":{"line":111,"column":16},"end":{"line":120,"column":17}},"type":"if","locations":[{"start":{"line":111,"column":16},"end":{"line":120,"column":17}},{"start":{"line":111,"column":16},"end":{"line":120,"column":17}}],"line":111},"15":{"loc":{"start":{"line":112,"column":20},"end":{"line":114,"column":21}},"type":"if","locations":[{"start":{"line":112,"column":20},"end":{"line":114,"column":21}},{"start":{"line":112,"column":20},"end":{"line":114,"column":21}}],"line":112},"16":{"loc":{"start":{"line":117,"column":20},"end":{"line":119,"column":21}},"type":"if","locat
[...]
n":27},"end":{"line":351,"column":28}},"loc":{"start":{"line":351,"column":41},"end":{"line":362,"column":1}},"line":351},"24":{"name":"(anonymous_24)","decl":{"start":{"line":353,"column":22},"end":{"line":353,"column":23}},"loc":{"start":{"line":353,"column":40},"end":{"line":353,"column":76}},"line":353},"25":{"name":"(anonymous_25)","decl":{"start":{"line":354,"column":22},"end":{"line":354,"column":23}},"loc":{"start":{"line":354,"column":28},"end":{"line":354,"column":52}},"line":354},"26":{"name":"(anonymous_26)","decl":{"start":{"line":355,"column":19},"end":{"line":355,"column":20}},"loc":{"start":{"line":355,"column":30},"end":{"line":355,"column":56}},"line":355},"27":{"name":"(anonymous_27)","decl":{"start":{"line":356,"column":18},"end":{"line":356,"column":19}},"loc":{"start":{"line":356,"column":29},"end":{"line":356,"column":54}},"line":356},"28":{"name":"(anonymous_28)","decl":{"start":{"line":357,"column":22},"end":{"line":357,"column":23}},"loc":{"start":{"line":357,"column":34},"end":{"line":357,"column":64}},"line":357},"29":{"name":"(anonymous_29)","decl":{"start":{"line":358,"column":24},"end":{"line":358,"column":25}},"loc":{"start":{"line":358,"column":49},"end":{"line":358,"column":94}},"line":358},"30":{"name":"(anonymous_30)","decl":{"start":{"line":359,"column":17},"end":{"line":359,"column":18}},"loc":{"start":{"line":359,"column":49},"end":{"line":359,"column":94}},"line":359},"31":{"name":"(anonymous_31)","decl":{"start":{"line":360,"column":20},"end":{"line":360,"column":21}},"loc":{"start":{"line":360,"column":39},"end":{"line":360,"column":74}},"line":360}},"branchMap":{"0":{"loc":{"start":{"line":63,"column":8},"end":{"line":66,"column":9}},"type":"if","locations":[{"start":{"line":63,"column":8},"end":{"line":66,"column":9}},{"start":{"line":63,"column":8},"end":{"line":66,"column":9}}],"line":63},"1":{"loc":{"start":{"line":73,"column":8},"end":{"line":96,"column":9}},"type":"if","locations":[{"start":{"line":73,"column":8},"end":{"line":96,"column":9}},{"start":{"line":73,"column":8},"end":{"line":96,"column":9}}],"line":73},"2":{"loc":{"start":{"line":106,"column":8},"end":{"line":108,"column":9}},"type":"if","locations":[{"start":{"line":106,"column":8},"end":{"line":108,"column":9}},{"start":{"line":106,"column":8},"end":{"line":108,"column":9}}],"line":106},"3":{"loc":{"start":{"line":106,"column":12},"end":{"line":106,"column":47}},"type":"binary-expr","locations":[{"start":{"line":106,"column":12},"end":{"line":106,"column":26}},{"start":{"line":106,"column":30},"end":{"line":106,"column":47}}],"line":106},"4":{"loc":{"start":{"line":122,"column":8},"end":{"line":127,"column":9}},"type":"if","locations":[{"start":{"line":122,"column":8},"end":{"line":127,"column":9}},{"start":{"line":122,"column":8},"end":{"line":127,"column":9}}],"line":122},"5":{"loc":{"start":{"line":122,"column":12},"end":{"line":122,"column":76}},"type":"binary-expr","locations":[{"start":{"line":122,"column":12},"end":{"line":122,"column":48}},{"start":{"line":122,"column":52},"end":{"line":122,"column":76}}],"line":122},"6":{"loc":{"start":{"line":145,"column":89},"end":{"line":145,"column":118}},"type":"cond-expr","locations":[{"start":{"line":145,"column":102},"end":{"line":145,"column":109}},{"start":{"line":145,"column":112},"end":{"line":145,"column":118}}],"line":145},"7":{"loc":{"start":{"line":172,"column":21},"end":{"line":172,"column":71}},"type":"cond-expr","locations":[{"start":{"line":172,"column":54},"end":{"line":172,"column":62}},{"start":{"line":172,"column":65},"end":{"line":172,"column":71}}],"line":172},"8":{"loc":{"start":{"line":176,"column":8},"end":{"line":193,"column":9}},"type":"if","locations":[{"start":{"line":176,"column":8},"end":{"line":193,"column":9}},{"start":{"line":176,"column":8},"end":{"line":193,"column":9}}],"line":176},"9":{"loc":{"start":{"line":178,"column":16},"end":{"line":180,"column":17}},"type":"if","locations":[{"start":{"line":178,"column":16},"end":{"line":180,"column":17}},{"start":{"line":178,"column":16},"end":{"line":180,"column":17}}],"line":178},"10":{"loc":{"start":{"line":183,"column":13},"end":{"line":193,"column":9}},"type":"if","locations":[{"start":{"line":183,"column":13},"end":{"line":193,"column":9}},{"start":{"line":183,"column":13},"end":{"line":193,"column":9}}],"line":183},"11":{"loc":{"start":{"line":187,"column":20},"end":{"line":190,"column":21}},"type":"if","locations":[{"start":{"line":187,"column":20},"end":{"line":190,"column":21}},{"start":{"line":187,"column":20},"end":{"line":190,"column":21}}],"line":187},"12":{"loc":{"start":{"line":199,"column":8},"end":{"line":201,"column":9}},"type":"if","locations":[{"start":{"line":199,"column":8},"end":{"line":201,"column":9}},{"start":{"line":199,"column":8},"end":{"line":201,"column":9}}],"line":199},"13":{"loc":{"start":{"line":199,"column":12},"end":{"line":199,"column":64}},"type":"binary-expr","locations":[{"start":{"line":199,"column":12},"end":{"line":199,"column":27}},{"start":{"line":199,"column":31},"end":{"line":199,"column":64}}],"line":199},"14":{"loc":{"start":{"line":202,"column":8},"end":{"line":204,"column":9}},"type":"if","locations":[{"start":{"line":202,"column":8},"end":{"line":204,"column":9}},{"start":{"line":202,"column":8},"end":{"line":204,"column":9}}],"line":202},"15":{"loc":{"start":{"line":282,"column":96},"end":{"line":282,"column":129}},"type":"cond-expr","locations":[{"start":{"line":282,"column":113},"end":{"line":282,"column":120}},{"start":{"line":282,"column":123},"end":{"line":282,"column":129}}],"line":282},"16":{"loc":{"start":{"line":283,"column":77},"end":{"line":283,"column":110}},"type":"cond-expr","locations":[{"start":{"line":283,"column":94},"end":{"line":283,"column":100}},{"start":{"line":283,"column":103},"end":{"line":283,"column":110}}],"line":283}},"s":{"0":0,"1":0,"2":0,"3":0,"4":0,"5":0,"6":0,"7":0,"8":0,"9":0,"10":0,"11":0,"12":0,"13":0,"14":0,"15":0,"16":0,"17":0,"18":0,"19":0,"20":0,"21":0,"22":0,"23":0,"24":0,"25":0,"26":0,"27":0,"28":0,"29":0,"30":0,"31":0,"32":0,"33":0,"34":0,"35":0,"36":0,"37":0,"38":0,"39":0,"40":0,"41":0,"42":0,"43":0,"44":0,"45":0,"46":0,"47":0,"48":0,"49":0,"50":0,"51":0,"52":0,"53":0,"54":0,"55":0,"56":0,"57":0,"58":0,"59":0,"60":0,"61":0,"62":0,"63":0,"64":0,"65":0,"66":0,"67":0,"68":0,"69":0,"70":0,"71":0,"72":0,"73":0,"74":0,"75":0,"76":0,"77":0,"78":0,"79":0,"80":0,"81":0,"82":0,"83":0,"84":0,"85":0,"86":0,"87":0,"88":0},"f":{"0":0,"1":0,"2":0,"3":0,"4":0,"5":0,"6":0,"7":0,"8":0,"9":0,"10":0,"11":0,"12":0,"13":0,"14":0,"15":0,"16":0,"17":0,"18":0,"19":0,"20":0,"21":0,"22":0,"23":0,"24":0,"25":0,"26":0,"27":0,"28":0,"29":0,"30":0,"31":0},"b":{"0":[0,0],"1":[0,0],"2":[0,0],"3":[0,0],"4":[0,0],"5":[0,0],"6":[0,0],"7":[0,0],"8":[0,0],"9":[0,0],"10":[0,0],"11":[0,0],"12":[0,0],"13":[0,0],"14":[0,0],"15":[0,0],"16":[0,0]}}
,"C:\\Users\\zhouy16\\Desktop\\New folder\\COMP 531\\hw5-sleepyzzzzzz\\src\\component\\profile\\profile.js": {"path":"C:\\Users\\zhouy16\\Desktop\\New folder\\COMP 531\\hw5-sleepyzzzzzz\\src\\component\\profile\\profile.js","statementMap":{"0":{"start":{"line":11,"column":8},"end":{"line":11,"column":21}},"1":{"start":{"line":12,"column":8},"end":{"line":20,"column":10}},"2":{"start":{"line":21,"column":8},"end":{"line":21,"column":40}},"3":{"start":{"line":24,"column":23},"end":{"line":37,"column":5}},"4":{"start":{"line":25,"column":8},"end":{"line":30,"column":14}},"5":{"start":{"line":26,"column":27},"end":{"line":26,"column":37}},"6":{"start":{"line":29,"column":20},"end":{"line":29,"column":45}},"7":{"start":{"line":31,"column":8},"end":{"line":36,"column":14}},"8":{"start":{"line":32,"column":27},"end":{"line":32,"column":37}},"9":{"start":{"line":35,"column":20},"end":{"line":35,"column":44}},"10":{"start":{"line":39,"column":17},"end":{"line":52,"column":5}},"11":{"start":{"line":40,"column":18},"end":{"line":40,"column":36}},"12":{"start":{"line":41,"column":23},"end":{"line":41,"column":38}},"13":{"start":{"line":42,"column":8},"end":{"line":51,"column":9}},"14":{"start":{"line":43,"column":12},"end":{"line":45,"column":13}},"15":{"start":{"line":44,"column":16},"end":{"line":44,"column":32}},"16":{"start":{"line":48,"column":12},"end":{"line":50,"column":13}},"17":{"start":{"line":49,"column":16},"end":{"line":49,"column":35}},"18":{"start":{"line":54,"column":15},"end":{"line":81,"column":5}},"19":{"start":{"line":55,"column":8},"end":{"line":55,"column":36}},"20":{"start":{"line":56,"column":8},"end":{"line":56,"column":59}},"21":{"start":{"line":57,"column":20},"end":{"line":57,"column":33}},"22":{"start":{"line":58,"column":18},"end":{"line":58,"column":32}},"23":{"start":{"line":59,"column":18},"end":{"line":59,"column":20}},"24":{"start":{"line":60,"column":8},"end":{"line":79,"column":9}},"25":{"start":{"line":62,"column":16},"end":{"line":62,"column":45}},"26":{"start":{"line":63,"column":16},"end":{"line":63,"column":83}},"27":{"start":{"line":64,"column":16},"end":{"line":64,"column":22}},"28":{"start":{"line":66,"column":16},"end":{"line":66,"column":44}},"29":{"start":{"line":67,"column":16},"end":{"line":67,"column":83}},"30":{"start":{"line":68,"column":16},"end":{"line":68,"column":22}},"31":{"start":{"line":70,"column":16},"end":{"line":70,"column":32}},"32":{"start":{"line":71,"column":16},"end":{"line":71,"column":85}},"33":{"start":{"line":72,"column":16},"end":{"line":72,"column":22}},"34":{"start":{"line":74,"column":16},"end":{"line":74,"column":31}},"35":{"start":{"line":75,"column":16},"end":{"line":75,"column":81}},"36":{"start":{"line":76,"column":16},"end":{"line":76,"column":22}},"37":{"start":{"line":78,"column":16},"end":{"line":78,"column":22}},"38":{"start":{"line":80,"column":8},"end":{"line":80,"column":36}},"39":{"start":{"line":83,"column":18},"end":{"line":85,"column":5}},"40":{"start":{"line":84,"column":8},"end":{"line":84,"column":52}},"41":{"start":{"line":87,"column":12},"end":{"line":98,"column":5}},"42":{"start":{"line":88,"column":8},"end":{"line":97,"column":11}},"43":{"start":{"line":100,"column":15},"end":{"line":116,"column":5}},"44":{"start":{"line":101,"column":8},"end":{"line":101,"column":27}},"45":{"start":{"line":102,"column":18},"end":{"line":102,"column":32}},"46":{"start":{"line":103,"column":8},"end":{"line":103,"column":36}},"47":{"start":{"line":104,"column":8},"end":{"line":115,"column":9}},"48":{"start":{"line":105,"column":12},"end":{"line":105,"column":25}},"49":{"start":{"line":108,"column":12},"end":{"line":114,"column":13}},"50":{"start":{"line":109,"column":16},"end":{"line":109,"column":65}},"51":{"start":{"line":112,"column":16},"end":{"line":112,"column":29}},"52":{"start":{"line":113,"column":16},"end":{"line":113,"column":112}},"53":{"start":{"line":118,"column":19},"end":{"line":120,"column":5}},"54":{"start":{"line":119,"column":8},"end":{"line":119,"column":36}},"55":{"start":{"line":123,"column":23},"end":{"line":123,"column":52}},"56":{"start":{"line":124,"column":8},"end":{"line":126,"column":9}},"57":{"start":{"line":125,"column":12},"end":{"line":125,"column":40}},"58":{"start":{"line":127,"column":8},"end":{"line":129,"column":9}},"59":{"start":{"line":128,"column":12},"end":{"line":128,"column":36}},"60":{"start":{"line":130,"column":8},"end":{"line":252,"column":10}},"61":{"start":{"line":256,"column":24},"end":{"line":271,"column":1}},"62":{"start":{"line":257,"column":4},"end":{"line":270,"column":6}},"63":{"start":{"line":273,"column":27},"end":{"line":279,"column":1}},"64":{"start":{"line":274,"column":4},"end":{"line":278,"column":5}},"65":{"start":{"line":275,"column":67},"end":{"line":275,"column":130}},"66":{"start":{"line":276,"column":30},"end":{"line":276,"column":56}},"67":{"start":{"line":277,"column":29},"end":{"line":277,"column":54}}},"fnMap":{"0":{"name":"(anonymous_0)","decl":{"start":{"line":10,"column":4},"end":{"line":10,"column":5}},"loc":{"start":{"line":10,"column":23},"end":{"line":22,"column":5}},"line":10},"1":{"name":"(anonymous_1)","decl":{"start":{"line":24,"column":23},"end":{"line":24,"column":24}},"loc":{"start":{"line":24,"column":29},"end":{"line":37,"column":5}},"line":24},"2":{"name":"(anonymous_2)","decl":{"start":{"line":26,"column":18},"end":{"line":26,"column":19}},"loc":{"start":{"line":26,"column":27},"end":{"line":26,"column":37}},"line":26},"3":{"name":"(anonymous_3)","decl":{"start":{"line":28,"column":16},"end":{"line":28,"column":17}},"loc":{"start":{"line":29,"column":20},"end":{"line":29,"column":45}},"line":29},"4":{"name":"(anonymous_4)","decl":{"start":{"line":32,"column":18},"end":{"line":32,"column":19}},"loc":{"start":{"line":32,"column":27},"end":{"line":32,"column":37}},"line":32},"5":{"name":"(anonymous_5)","decl":{"start":{"line":34,"column":16},"end":{"line":34,"column":17}},"loc":{"start":{"line":35,"column":20},"end":{"line":35,"column":44}},"line":35},"6":{"name":"(anonymous_6)","decl":{"start":{"line":39,"column":17},"end":{"line":39,"column":18}},"loc":{"start":{"line":39,"column":55},"end":{"line":52,"column":5}},"line":39},"7":{"name":"(anonymous_7)","decl":{"start":{"line":54,"column":15},"end":{"line":54,"column":16}},"loc":{"start":{"line":54,"column":22},"end":{"line":81,"column":5}},"line":54},"8":{"name":"(anonymous_8)","decl":{"start":{"line":83,"column":18},"end":{"line":83,"column":19}},"loc":{"start":{"line":83,"column":29},"end":{"line":85,"column":5}},"line":83},"9":{"name":"(anonymous_9)","decl":{"start":{"line":87,"column":12},"end":{"line":87,"column":13}},"loc":{"start":{"line":87,"column":18},"end":{"line":98,"column":5}},"line":87},"10":{"name":"(anonymous_10)","decl":{"start":{"line":100,"column":15},"end":{"line":100,"column":16}},"loc":{"start":{"line":100,"column":22},"end":{"line":116,"column":5}},"line":100},"11":{"name":"(anonymous_11)","decl":{"start":{"line":118,"column":19},"end":{"line":118,"column":20}},"loc":{"start":{"line":118,"column":25},"end":{"line":120,"column":5}},"line":118},"12":{"name":"(anonymous_12)","decl":{"start":{"line":122,"column":4},"end":{"line":122,"column":5}},"loc":{"start":{"line":122,"column":13},"end":{"line":253,"column":5}},"line":122},"13":{"name":"(anonymous_13)","decl":{"start":{"line":256,"column":24},"end":{"line":256,"column":25}},"loc":{"start":{"line":256,"column":35},"end":{"line":271,"column":1}},"line":256},"14":{"name":"(anonymous_14)","decl":{"start":{"line":273,"column":27},"end":{"line":273,"column":28}},"loc":{"start":{"line":273,"column":41},"end":{"line":279,"column":1}},"line":273},"15":{"name":"(anonymous_15)","decl":{"start":{"line":275,"column":22},"end":{"line":275,"column":23}},"loc":{"start":{"line":275,"column":67},"end":{"line":275,"column":130}},"line":275},"16":{"name":"(anonymous_16)","decl":{"start":{"line":276,"column":19},"end":{"line":276,"column":20}},"loc":{"start":{"line":276,"column":30},"end":{"line":276,"column":56}},"line":276},"17":{"name":"(anonymous_17)","decl":{"start":{"line":277,"column":18},"end":{"line":277,"column":19}},"loc":{"start":{"line":277,"column":29},"end":{"line":277,"column":54}},"line":277}},"branchMap":{"0":{"loc":{"start":{"line":42,"column":8},"end":{"line":51,"column":9}},"type":"if","locations":[{"start":{"line":42,"column":8},"end":{"line":51,"column":9}},{"start":{"line":42,"column":8},"end":{"line":51,"column":9}}],"line":42},"1":{"loc":{"start":{"line":42,"column":12},"end":{"line":42,"column":63}},"type":"binary-expr","locations":[{"start":{"line":42,"column":12},"end":{"line":42,"column":30}},{"start":{"line":42,"column":35},"end":{"line":42,"column":44}},{"start":{"line":42,"column":48},"end":{"line":42,"column":62}}],"line":42},"2":{"loc":{"start":{"line":43,"column":12},"end":{"line":45,"column":13}},"type":"if","locations":[{"start":{"line":43,"column":12},"end":{"line":45,"column":13}},{"start":{"line":43,"column":12},"end":{"line":45,"column":13}}],"line":43},"3":{"loc":{"start":{"line":48,"column":12},"end":{"line":50,"column":13}},"type":"if","locations":[{"start":{"line":48,"column":12},"end":{"line":50,"column":13}},{"start":{"line":48,"column":12},"end":{"line":50,"column":13}}],"line":48},"4":{"loc":{"start":{"line":60,"column":8},"end":{"line":79,"column":9}},"type":"switch","locations":[{"start":{"line":61,"column":12},"end":{"line":64,"column":22}},{"start":{"line":65,"column":12},"end":{"line":68,"column":22}},{"start":{"line":69,"column":12},"end":{"line":72,"column":22}},{"start":{"line":73,"column":12},"end":{"line":76,"column":22}},{"start":{"line":77,"column":12},"end":{"line":78,"column":22}}],"line":60},"5":{"loc":{"start":{"line":104,"column":8},"end":{"line":115,"column":9}},"type":"if","locations":[{"start":{"line":104,"column":8},"end":{"line":115,"column":9}},{"start":{"line":104,"column":8},"end":{"line":115,"column":9}}],"line":104},"6":{"loc":{"start":{"line":108,"column":12},"end":{"line":114,"column":13}},"type":"if","locations":[{"start":{"line":108,"column":12},"end":{"line":114,"column":13}},{"start":{"line":108,"column":12},"end":{"line":114,"column":13}}],"line":108},"7":{"loc":{"start":{"line":108,"column":16},"end":{"line":108,"column":120}},"type":"binary-expr","locations":[{"start":{"line":108,"column":16},"end":{"line":108,"column":39}},{"start":{"line":108,"column":43},"end":{"line":108,"column":66}},{"start":{"line":108,"column":70},"end":{"line":108,"column":95}},{"start":{"line":108,"column":99},"end":{"line":108,"column":120}}],"line":108},"8":{"loc":{"start":{"line":124,"column":8},"end":{"line":126,"column":9}},"type":"if","locations":[{"start":{"line":124,"column":8},"end":{"line":126,"column":9}},{"start":{"line":124,"column":8},"end":{"line":126,"column":9}}],"line":124},"9":{"loc":{"start":{"line":124,"column":12},"end":{"line":124,"column":64}},"type":"binary-expr","locations":[{"start":{"line":124,"column":12},"end":{"line":124,"column":27}},{"start":{"line":124,"column":31},"end":{"line":124,"column":64}}],"line":124},"10":{"loc":{"start":{"line":127,"column":8},"end":{"line":129,"column":9}},"type":"if","locations":[{"start":{"line":127,"column":8},"end":{"line":129,"column":9}},{"start":{"line":127,"column":8},"end":{"line":129,"column":9}}],"line":127},"11":{"loc":{"start":{"line":176,"column":51},"end":{"line":176,"column":121}},"type":"cond-expr","locations":[{"start":{"line":176,"column":79},"end":{"line":176,"column":104}},{"start":{"line":176,"column":107},"end":{"line":176,"column":121}}],"line":176},"12":{"loc":{"start":{"line":192,"column":51},"end":{"line":192,"column":121}},"type":"cond-expr","locations":[{"start":{"line":192,"column":79},"end":{"line":192,"column":104}},{"start":{"line":192,"column":107},"end":{"line":192,"column":121}}],"line":192},"13":{"loc":{"start":{"line":211,"column":51},"end":{"line":211,"column":123}},"type":"cond-expr","locations":[{"start":{"line":211,"column":81},"end":{"line":211,"column":106}},{"start":{"line":211,"column":109},"end":{"line":211,"column":123}}],"line":211},"14":{"loc":{"start":{"line":228,"column":51},"end":{"line":228,"column":119}},"type":"cond-expr","locations":[{"start":{"line":228,"column":77},"end":{"line":228,"column":102}},{"start":{"line":228,"column":105},"end":{"line":228,"column":119}}],"line":228}},"s":{"0":0,"1":0,"2":0,"3":0,"4":0,"5":0,"6":0,"7":0,"8":0,"9":0,"10":0,"11":0,"12":0,"13":0,"14":0,"15":0,"16":0,"17":0,"18":0,"19":0,"20":0,"21":0,"22":0,"23":0,"24":0,"25":0,"26":0,"27":0,"28":0,"29":0,"30":0,"31":0,"32":0,"33":0,"34":0,"35":0,"36":0,"37":0,"38":0,"39":0,"40":0,"41":0,"42":0,"43":0,"44":0,"45":0,"46":0,"47":0,"48":0,"49":0,"50":0,"51":0,"52":0,"53":0,"54":0,"55":0,"56":0,"57":0,"58":0,"59":0,"60":0,"61":0,"62":0,"63":0,"64":0,"65":0,"66":0,"67":0},"f":{"0":0,"1":0,"2":0,"3":0,"4":0,"5":0,"6":0,"7":0,"8":0,"9":0,"10":0,"11":0,"12":0,"13":0,"14":0,"15":0,"16":0,"17":0},"b":{"0":[0,0],"1":[0,0,0],"2":[0,0],"3":[0,0],"4":[0,0,0,0,0],"5":[0,0],"6":[0,0],"7":[0,0,0,0],"8":[0,0],"9":[0,0],"10":[0,0],"11":[0,0],"12":[0,0],"13":[0,0],"14":[0,0]}}
}
