TN:
SF:src\actions.js
FN:1,(anonymous_0)
FN:6,(anonymous_1)
FN:11,(anonymous_2)
FN:15,(anonymous_3)
FN:21,(anonymous_4)
FN:25,(anonymous_5)
FN:30,(anonymous_6)
FN:34,(anonymous_7)
FN:38,(anonymous_8)
FN:46,(anonymous_9)
FN:51,(anonymous_10)
FN:57,(anonymous_11)
FN:64,(anonymous_12)
FNF:13
FNH:13
FNDA:17,(anonymous_0)
FNDA:13,(anonymous_1)
FNDA:1,(anonymous_2)
FNDA:55,(anonymous_3)
FNDA:13,(anonymous_4)
FNDA:3,(anonymous_5)
FNDA:1,(anonymous_6)
FNDA:1,(anonymous_7)
FNDA:3,(anonymous_8)
FNDA:1,(anonymous_9)
FNDA:5,(anonymous_10)
FNDA:1,(anonymous_11)
FNDA:2,(anonymous_12)
DA:1,17
DA:6,13
DA:11,1
DA:15,55
DA:21,13
DA:25,3
DA:30,1
DA:34,1
DA:38,3
DA:46,1
DA:51,5
DA:57,1
DA:64,2
LF:13
LH:13
BRF:0
BRH:0
end_of_record
TN:
SF:src\index.js
FNF:0
FNH:0
DA:12,0
DA:14,0
DA:26,0
LF:3
LH:0
BRF:0
BRH:0
end_of_record
TN:
SF:src\reducer.js
FN:35,frontend
FN:368,(anonymous_1)
FN:443,load_user
FN:477,load_post
FN:479,(anonymous_4)
FN:509,add_follow
FN:515,add_post
FN:528,add_comment
FN:545,generate_comments
FN:548,(anonymous_9)
FN:562,login
FN:576,check_register
FN:578,(anonymous_12)
FN:587,load_current_info
FN:608,find_follow_exist
FN:610,(anonymous_15)
FN:620,find_user_post
FN:624,(anonymous_17)
FN:631,(anonymous_18)
FN:642,updateposts
FN:666,random_timestamp
FN:674,compare_feed
FNF:22
FNH:22
FNDA:117,frontend
FNDA:2,(anonymous_1)
FNDA:17,load_user
FNDA:13,load_post
FNDA:1300,(anonymous_4)
FNDA:2,add_follow
FNDA:130,add_post
FNDA:3900,add_comment
FNDA:1300,generate_comments
FNDA:13000,(anonymous_9)
FNDA:13,login
FNDA:3,check_register
FNDA:30,(anonymous_12)
FNDA:4063,load_current_info
FNDA:4,find_follow_exist
FNDA:12,(anonymous_15)
FNDA:24,find_user_post
FNDA:63,(anonymous_17)
FNDA:2400,(anonymous_18)
FNDA:2,updateposts
FNDA:5200,random_timestamp
FNDA:8794,compare_feed
DA:7,1
DA:10,1
DA:14,1
DA:36,117
DA:37,117
DA:38,117
DA:39,117
DA:40,117
DA:41,117
DA:43,17
DA:58,17
DA:59,17
DA:60,16
DA:61,16
DA:62,16
DA:63,16
DA:64,16
DA:66,16
DA:80,1
DA:81,1
DA:83,1
DA:88,13
DA:89,13
DA:90,130
DA:95,13
DA:96,13
DA:97,13
DA:98,13
DA:99,13
DA:108,0
DA:114,1
DA:119,55
DA:120,55
DA:121,55
DA:123,17
DA:129,4
DA:135,5
DA:141,4
DA:147,4
DA:153,4
DA:159,16
DA:165,1
DA:171,0
DA:177,13
DA:178,13
DA:179,2
DA:184,11
DA:185,11
DA:186,11
DA:187,11
DA:188,11
DA:189,11
DA:206,3
DA:207,3
DA:208,1
DA:213,2
DA:214,2
DA:215,2
DA:227,2
DA:228,2
DA:230,2
DA:237,1
DA:250,1
DA:251,1
DA:252,1
DA:254,1
DA:274,3
DA:275,3
DA:276,3
DA:277,3
DA:278,3
DA:290,3
DA:291,3
DA:301,1
DA:305,1
DA:307,1
DA:308,1
DA:311,1
DA:317,5
DA:318,5
DA:319,5
DA:320,5
DA:322,4
DA:323,4
DA:324,1
DA:329,3
DA:330,1
DA:335,2
DA:336,1
DA:341,1
DA:342,1
DA:343,1
DA:344,1
DA:345,1
DA:346,1
DA:355,1
DA:356,1
DA:357,1
DA:358,1
DA:359,1
DA:362,1
DA:363,1
DA:364,1
DA:365,1
DA:366,1
DA:367,1
DA:368,2
DA:369,1
DA:378,0
DA:381,1
DA:382,1
DA:383,1
DA:384,1
DA:385,1
DA:386,1
DA:387,1
DA:396,1
DA:397,1
DA:398,1
DA:405,2
DA:406,2
DA:407,2
DA:409,1
DA:410,40
DA:411,10
DA:414,1
DA:419,1
DA:420,40
DA:421,40
DA:422,570
DA:423,20
DA:424,20
DA:428,1
DA:433,0
DA:439,1
DA:444,17
DA:445,17
DA:446,170
DA:447,170
DA:448,170
DA:461,170
DA:463,17
DA:464,170
DA:465,170
DA:466,510
DA:467,510
DA:468,102
DA:470,510
DA:472,170
DA:474,17
DA:478,13
DA:479,13
DA:480,1300
DA:481,1300
DA:482,1300
DA:483,7150
DA:484,1300
DA:485,1300
DA:486,1300
DA:489,1300
DA:490,1300
DA:491,1300
DA:502,1300
DA:504,1300
DA:506,13
DA:510,2
DA:511,6
DA:516,130
DA:517,130
DA:518,130
DA:519,13000
DA:520,1300
DA:521,1300
DA:522,1300
DA:525,130
DA:529,3900
DA:530,3900
DA:531,3900
DA:532,3900
DA:533,3900
DA:540,3900
DA:541,3900
DA:542,3900
DA:546,1300
DA:547,1300
DA:548,13000
DA:549,1300
DA:550,3900
DA:551,3900
DA:552,304
DA:554,3900
DA:555,3900
DA:556,3900
DA:557,3900
DA:558,3900
DA:563,13
DA:564,0
DA:566,13
DA:567,13
DA:568,31
DA:569,11
DA:570,11
DA:573,2
DA:577,3
DA:578,3
DA:579,30
DA:580,1
DA:581,1
DA:584,3
DA:588,4063
DA:589,4063
DA:590,4063
DA:591,21585
DA:592,4017
DA:593,4017
DA:594,4017
DA:595,4017
DA:596,4017
DA:597,4017
DA:598,4017
DA:599,4017
DA:600,4017
DA:601,4017
DA:602,4017
DA:605,4063
DA:609,4
DA:610,4
DA:611,12
DA:612,12
DA:613,1
DA:614,1
DA:617,4
DA:621,24
DA:622,24
DA:623,24
DA:624,21
DA:625,63
DA:628,24
DA:629,24
DA:630,24
DA:631,24
DA:632,2400
DA:633,840
DA:634,840
DA:635,840
DA:638,24
DA:639,24
DA:643,2
DA:644,2
DA:645,1
DA:646,1
DA:647,10
DA:648,10
DA:649,10
DA:653,1
DA:654,40
DA:655,10
DA:656,10
DA:659,1
DA:660,30
DA:663,2
DA:667,5200
DA:668,5200
DA:669,5200
DA:670,5200
DA:671,5200
DA:675,8794
LF:267
LH:262
BRDA:35,0,0,21
BRDA:41,1,0,17
BRDA:41,1,1,13
BRDA:41,1,2,1
BRDA:41,1,3,55
BRDA:41,1,4,13
BRDA:41,1,5,3
BRDA:41,1,6,1
BRDA:41,1,7,1
BRDA:41,1,8,3
BRDA:41,1,9,1
BRDA:41,1,10,5
BRDA:41,1,11,1
BRDA:41,1,12,2
BRDA:41,1,13,1
BRDA:59,2,0,16
BRDA:59,2,1,1
BRDA:63,3,0,16
BRDA:63,3,1,0
BRDA:76,4,0,0
BRDA:76,4,1,16
BRDA:80,5,0,1
BRDA:80,5,1,0
BRDA:96,6,0,13
BRDA:96,6,1,0
BRDA:121,7,0,17
BRDA:121,7,1,4
BRDA:121,7,2,5
BRDA:121,7,3,4
BRDA:121,7,4,4
BRDA:121,7,5,4
BRDA:121,7,6,16
BRDA:121,7,7,1
BRDA:121,7,8,0
BRDA:178,8,0,2
BRDA:178,8,1,11
BRDA:207,9,0,1
BRDA:207,9,1,2
BRDA:251,10,0,1
BRDA:251,10,1,0
BRDA:274,11,0,2
BRDA:274,11,1,1
BRDA:275,12,0,2
BRDA:275,12,1,1
BRDA:276,13,0,2
BRDA:276,13,1,1
BRDA:277,14,0,2
BRDA:277,14,1,1
BRDA:281,15,0,3
BRDA:281,15,1,0
BRDA:307,16,0,1
BRDA:307,16,1,0
BRDA:320,17,0,4
BRDA:320,17,1,1
BRDA:320,17,2,0
BRDA:323,18,0,1
BRDA:323,18,1,3
BRDA:329,19,0,1
BRDA:329,19,1,2
BRDA:335,20,0,1
BRDA:335,20,1,1
BRDA:357,21,0,1
BRDA:357,21,1,0
BRDA:407,22,0,1
BRDA:407,22,1,1
BRDA:407,22,2,0
BRDA:410,23,0,10
BRDA:410,23,1,30
BRDA:422,24,0,20
BRDA:422,24,1,550
BRDA:467,25,0,102
BRDA:467,25,1,408
BRDA:483,26,0,1300
BRDA:483,26,1,5850
BRDA:519,27,0,1300
BRDA:519,27,1,11700
BRDA:548,28,0,11700
BRDA:548,28,1,1300
BRDA:563,29,0,0
BRDA:563,29,1,13
BRDA:563,30,0,13
BRDA:563,30,1,13
BRDA:568,31,0,11
BRDA:568,31,1,20
BRDA:568,32,0,31
BRDA:568,32,1,12
BRDA:579,33,0,1
BRDA:579,33,1,29
BRDA:591,34,0,4017
BRDA:591,34,1,17568
BRDA:612,35,0,1
BRDA:612,35,1,11
BRDA:623,36,0,21
BRDA:623,36,1,3
BRDA:632,37,0,840
BRDA:632,37,1,1560
BRDA:632,38,0,2400
BRDA:632,38,1,1770
BRDA:644,39,0,1
BRDA:644,39,1,1
BRDA:654,40,0,10
BRDA:654,40,1,30
BRF:102
BRH:90
end_of_record
TN:
SF:src\routers.js
FNF:0
FNH:0
LF:0
LH:0
BRF:0
BRH:0
end_of_record
TN:
SF:src\serviceWorker.js
FN:23,register
FN:34,(anonymous_1)
FN:43,(anonymous_2)
FN:57,registerValidSW
FN:60,(anonymous_4)
FN:61,(anonymous_5)
FN:66,(anonymous_6)
FN:96,(anonymous_7)
FN:101,checkValidServiceWorker
FN:106,(anonymous_9)
FN:114,(anonymous_10)
FN:115,(anonymous_11)
FN:124,(anonymous_12)
FN:131,unregister
FN:134,(anonymous_14)
FN:137,(anonymous_15)
FNF:16
FNH:0
FNDA:0,register
FNDA:0,(anonymous_1)
FNDA:0,(anonymous_2)
FNDA:0,registerValidSW
FNDA:0,(anonymous_4)
FNDA:0,(anonymous_5)
FNDA:0,(anonymous_6)
FNDA:0,(anonymous_7)
FNDA:0,checkValidServiceWorker
FNDA:0,(anonymous_9)
FNDA:0,(anonymous_10)
FNDA:0,(anonymous_11)
FNDA:0,(anonymous_12)
FNDA:0,unregister
FNDA:0,(anonymous_14)
FNDA:0,(anonymous_15)
DA:13,0
DA:24,0
DA:26,0
DA:27,0
DA:31,0
DA:34,0
DA:35,0
DA:37,0
DA:39,0
DA:43,0
DA:44,0
DA:51,0
DA:58,0
DA:61,0
DA:62,0
DA:63,0
DA:64,0
DA:66,0
DA:67,0
DA:68,0
DA:72,0
DA:78,0
DA:79,0
DA:85,0
DA:88,0
DA:89,0
DA:97,0
DA:103,0
DA:108,0
DA:109,0
DA:114,0
DA:115,0
DA:116,0
DA:121,0
DA:125,0
DA:132,0
DA:133,0
DA:135,0
DA:138,0
LF:39
LH:0
BRDA:14,0,0,0
BRDA:14,0,1,0
BRDA:14,0,2,0
BRDA:24,1,0,0
BRDA:24,1,1,0
BRDA:24,2,0,0
BRDA:24,2,1,0
BRDA:27,3,0,0
BRDA:27,3,1,0
BRDA:37,4,0,0
BRDA:37,4,1,0
BRDA:63,5,0,0
BRDA:63,5,1,0
BRDA:67,6,0,0
BRDA:67,6,1,0
BRDA:68,7,0,0
BRDA:68,7,1,0
BRDA:78,8,0,0
BRDA:78,8,1,0
BRDA:78,9,0,0
BRDA:78,9,1,0
BRDA:88,10,0,0
BRDA:88,10,1,0
BRDA:88,11,0,0
BRDA:88,11,1,0
BRDA:109,12,0,0
BRDA:109,12,1,0
BRDA:110,13,0,0
BRDA:110,13,1,0
BRDA:110,13,2,0
BRDA:132,14,0,0
BRDA:132,14,1,0
BRF:32
BRH:0
end_of_record
TN:
SF:src\component\app\app.js
FN:10,(anonymous_0)
FN:12,(anonymous_1)
FN:14,(anonymous_2)
FN:18,(anonymous_3)
FN:20,(anonymous_4)
FN:25,(anonymous_5)
FN:35,(anonymous_6)
FN:38,(anonymous_7)
FN:48,(anonymous_8)
FN:62,(anonymous_9)
FN:64,(anonymous_10)
FN:65,(anonymous_11)
FN:66,(anonymous_12)
FNF:13
FNH:0
FNDA:0,(anonymous_0)
FNDA:0,(anonymous_1)
FNDA:0,(anonymous_2)
FNDA:0,(anonymous_3)
FNDA:0,(anonymous_4)
FNDA:0,(anonymous_5)
FNDA:0,(anonymous_6)
FNDA:0,(anonymous_7)
FNDA:0,(anonymous_8)
FNDA:0,(anonymous_9)
FNDA:0,(anonymous_10)
FNDA:0,(anonymous_11)
FNDA:0,(anonymous_12)
DA:11,0
DA:12,0
DA:15,0
DA:17,0
DA:18,0
DA:21,0
DA:26,0
DA:35,0
DA:38,0
DA:48,0
DA:49,0
DA:62,0
DA:63,0
DA:64,0
DA:65,0
DA:66,0
LF:16
LH:0
BRF:0
BRH:0
end_of_record
TN:
SF:src\component\app\login\login.js
FN:9,(anonymous_0)
FN:18,(anonymous_1)
FN:23,(anonymous_2)
FN:27,(anonymous_3)
FN:45,(anonymous_4)
FN:107,(anonymous_5)
FN:118,(anonymous_6)
FN:120,(anonymous_7)
FN:121,(anonymous_8)
FNF:9
FNH:0
FNDA:0,(anonymous_0)
FNDA:0,(anonymous_1)
FNDA:0,(anonymous_2)
FNDA:0,(anonymous_3)
FNDA:0,(anonymous_4)
FNDA:0,(anonymous_5)
FNDA:0,(anonymous_6)
FNDA:0,(anonymous_7)
FNDA:0,(anonymous_8)
DA:10,0
DA:11,0
DA:18,0
DA:19,0
DA:20,0
DA:23,0
DA:24,0
DA:27,0
DA:28,0
DA:29,0
DA:30,0
DA:31,0
DA:33,0
DA:34,0
DA:36,0
DA:37,0
DA:38,0
DA:41,0
DA:46,0
DA:47,0
DA:48,0
DA:49,0
DA:52,0
DA:107,0
DA:108,0
DA:118,0
DA:119,0
DA:120,0
DA:121,0
LF:29
LH:0
BRDA:30,0,0,0
BRDA:30,0,1,0
BRDA:33,1,0,0
BRDA:33,1,1,0
BRDA:37,2,0,0
BRDA:37,2,1,0
BRDA:47,3,0,0
BRDA:47,3,1,0
BRDA:48,4,0,0
BRDA:48,4,1,0
BRDA:48,5,0,0
BRDA:48,5,1,0
BRDA:62,6,0,0
BRDA:62,6,1,0
BRDA:79,7,0,0
BRDA:79,7,1,0
BRF:16
BRH:0
end_of_record
TN:
SF:src\component\app\register\register.js
FN:10,(anonymous_0)
FN:26,(anonymous_1)
FN:41,(anonymous_2)
FN:68,(anonymous_3)
FN:140,(anonymous_4)
FN:144,(anonymous_5)
FN:186,(anonymous_6)
FN:201,(anonymous_7)
FN:396,(anonymous_8)
FN:411,(anonymous_9)
FN:413,(anonymous_10)
FN:414,(anonymous_11)
FN:415,(anonymous_12)
FNF:13
FNH:0
FNDA:0,(anonymous_0)
FNDA:0,(anonymous_1)
FNDA:0,(anonymous_2)
FNDA:0,(anonymous_3)
FNDA:0,(anonymous_4)
FNDA:0,(anonymous_5)
FNDA:0,(anonymous_6)
FNDA:0,(anonymous_7)
FNDA:0,(anonymous_8)
FNDA:0,(anonymous_9)
FNDA:0,(anonymous_10)
FNDA:0,(anonymous_11)
FNDA:0,(anonymous_12)
DA:11,0
DA:12,0
DA:26,0
DA:27,0
DA:28,0
DA:29,0
DA:30,0
DA:31,0
DA:35,0
DA:36,0
DA:41,0
DA:42,0
DA:43,0
DA:44,0
DA:46,0
DA:47,0
DA:48,0
DA:49,0
DA:50,0
DA:52,0
DA:53,0
DA:57,0
DA:58,0
DA:59,0
DA:61,0
DA:62,0
DA:63,0
DA:68,0
DA:69,0
DA:70,0
DA:71,0
DA:72,0
DA:73,0
DA:74,0
DA:75,0
DA:77,0
DA:78,0
DA:79,0
DA:81,0
DA:82,0
DA:83,0
DA:85,0
DA:86,0
DA:87,0
DA:89,0
DA:90,0
DA:91,0
DA:92,0
DA:93,0
DA:94,0
DA:95,0
DA:96,0
DA:97,0
DA:98,0
DA:99,0
DA:100,0
DA:101,0
DA:104,0
DA:105,0
DA:107,0
DA:108,0
DA:110,0
DA:111,0
DA:112,0
DA:113,0
DA:117,0
DA:118,0
DA:121,0
DA:123,0
DA:124,0
DA:125,0
DA:127,0
DA:128,0
DA:129,0
DA:131,0
DA:132,0
DA:133,0
DA:135,0
DA:137,0
DA:140,0
DA:141,0
DA:144,0
DA:145,0
DA:146,0
DA:147,0
DA:148,0
DA:150,0
DA:151,0
DA:153,0
DA:154,0
DA:156,0
DA:157,0
DA:159,0
DA:160,0
DA:162,0
DA:163,0
DA:164,0
DA:166,0
DA:167,0
DA:168,0
DA:171,0
DA:172,0
DA:186,0
DA:187,0
DA:198,0
DA:202,0
DA:203,0
DA:205,0
DA:396,0
DA:397,0
DA:411,0
DA:412,0
DA:413,0
DA:414,0
DA:415,0
LF:115
LH:0
BRDA:29,0,0,0
BRDA:29,0,1,0
BRDA:30,1,0,0
BRDA:30,1,1,0
BRDA:35,2,0,0
BRDA:35,2,1,0
BRDA:43,3,0,0
BRDA:43,3,1,0
BRDA:48,4,0,0
BRDA:48,4,1,0
BRDA:49,5,0,0
BRDA:49,5,1,0
BRDA:52,6,0,0
BRDA:52,6,1,0
BRDA:58,7,0,0
BRDA:58,7,1,0
BRDA:62,8,0,0
BRDA:62,8,1,0
BRDA:75,9,0,0
BRDA:75,9,1,0
BRDA:75,9,2,0
BRDA:75,9,3,0
BRDA:75,9,4,0
BRDA:75,9,5,0
BRDA:75,9,6,0
BRDA:75,9,7,0
BRDA:99,10,0,0
BRDA:99,10,1,0
BRDA:100,11,0,0
BRDA:100,11,1,0
BRDA:104,12,0,0
BRDA:104,12,1,0
BRDA:107,13,0,0
BRDA:107,13,1,0
BRDA:111,14,0,0
BRDA:111,14,1,0
BRDA:112,15,0,0
BRDA:112,15,1,0
BRDA:117,16,0,0
BRDA:117,16,1,0
BRDA:147,17,0,0
BRDA:147,17,1,0
BRDA:147,18,0,0
BRDA:147,18,1,0
BRDA:150,19,0,0
BRDA:150,19,1,0
BRDA:150,20,0,0
BRDA:150,20,1,0
BRDA:153,21,0,0
BRDA:153,21,1,0
BRDA:153,22,0,0
BRDA:153,22,1,0
BRDA:156,23,0,0
BRDA:156,23,1,0
BRDA:156,24,0,0
BRDA:156,24,1,0
BRDA:159,25,0,0
BRDA:159,25,1,0
BRDA:159,26,0,0
BRDA:159,26,1,0
BRDA:162,27,0,0
BRDA:162,27,1,0
BRDA:162,28,0,0
BRDA:162,28,1,0
BRDA:167,29,0,0
BRDA:167,29,1,0
BRDA:202,30,0,0
BRDA:202,30,1,0
BRDA:220,31,0,0
BRDA:220,31,1,0
BRDA:259,32,0,0
BRDA:259,32,1,0
BRDA:277,33,0,0
BRDA:277,33,1,0
BRDA:299,34,0,0
BRDA:299,34,1,0
BRDA:316,35,0,0
BRDA:316,35,1,0
BRDA:338,36,0,0
BRDA:338,36,1,0
BRDA:355,37,0,0
BRDA:355,37,1,0
BRF:82
BRH:0
end_of_record
TN:
SF:src\component\main\comment.js
FN:6,Commentlist
FN:9,(anonymous_1)
FN:10,(anonymous_2)
FN:14,(anonymous_3)
FNF:4
FNH:0
FNDA:0,Commentlist
FNDA:0,(anonymous_1)
FNDA:0,(anonymous_2)
FNDA:0,(anonymous_3)
DA:7,0
DA:9,0
DA:10,0
DA:12,0
DA:14,0
DA:15,0
DA:39,0
LF:7
LH:0
BRF:0
BRH:0
end_of_record
TN:
SF:src\component\main\main.js
FN:11,(anonymous_0)
FN:28,(anonymous_1)
FN:30,(anonymous_2)
FN:32,(anonymous_3)
FN:36,(anonymous_4)
FN:38,(anonymous_5)
FN:43,(anonymous_6)
FN:52,(anonymous_7)
FN:58,(anonymous_8)
FN:62,(anonymous_9)
FN:69,(anonymous_10)
FN:72,(anonymous_11)
FN:74,(anonymous_12)
FN:101,(anonymous_13)
FN:105,(anonymous_14)
FN:111,(anonymous_15)
FN:115,(anonymous_16)
FN:120,(anonymous_17)
FN:128,(anonymous_18)
FN:171,(anonymous_19)
FN:197,(anonymous_20)
FN:212,(anonymous_21)
FN:334,(anonymous_22)
FN:351,(anonymous_23)
FN:353,(anonymous_24)
FN:354,(anonymous_25)
FN:355,(anonymous_26)
FN:356,(anonymous_27)
FN:357,(anonymous_28)
FN:358,(anonymous_29)
FN:359,(anonymous_30)
FN:360,(anonymous_31)
FNF:32
FNH:0
FNDA:0,(anonymous_0)
FNDA:0,(anonymous_1)
FNDA:0,(anonymous_2)
FNDA:0,(anonymous_3)
FNDA:0,(anonymous_4)
FNDA:0,(anonymous_5)
FNDA:0,(anonymous_6)
FNDA:0,(anonymous_7)
FNDA:0,(anonymous_8)
FNDA:0,(anonymous_9)
FNDA:0,(anonymous_10)
FNDA:0,(anonymous_11)
FNDA:0,(anonymous_12)
FNDA:0,(anonymous_13)
FNDA:0,(anonymous_14)
FNDA:0,(anonymous_15)
FNDA:0,(anonymous_16)
FNDA:0,(anonymous_17)
FNDA:0,(anonymous_18)
FNDA:0,(anonymous_19)
FNDA:0,(anonymous_20)
FNDA:0,(anonymous_21)
FNDA:0,(anonymous_22)
FNDA:0,(anonymous_23)
FNDA:0,(anonymous_24)
FNDA:0,(anonymous_25)
FNDA:0,(anonymous_26)
FNDA:0,(anonymous_27)
FNDA:0,(anonymous_28)
FNDA:0,(anonymous_29)
FNDA:0,(anonymous_30)
FNDA:0,(anonymous_31)
DA:12,0
DA:13,0
DA:22,0
DA:23,0
DA:24,0
DA:25,0
DA:28,0
DA:29,0
DA:30,0
DA:33,0
DA:35,0
DA:36,0
DA:39,0
DA:43,0
DA:44,0
DA:52,0
DA:53,0
DA:54,0
DA:58,0
DA:59,0
DA:62,0
DA:63,0
DA:64,0
DA:65,0
DA:69,0
DA:71,0
DA:72,0
DA:73,0
DA:74,0
DA:75,0
DA:95,0
DA:97,0
DA:101,0
DA:102,0
DA:105,0
DA:106,0
DA:107,0
DA:111,0
DA:112,0
DA:115,0
DA:116,0
DA:117,0
DA:120,0
DA:122,0
DA:123,0
DA:126,0
DA:128,0
DA:129,0
DA:168,0
DA:171,0
DA:172,0
DA:173,0
DA:174,0
DA:175,0
DA:176,0
DA:177,0
DA:178,0
DA:179,0
DA:183,0
DA:184,0
DA:185,0
DA:186,0
DA:187,0
DA:188,0
DA:189,0
DA:194,0
DA:198,0
DA:199,0
DA:200,0
DA:202,0
DA:203,0
DA:205,0
DA:212,0
DA:334,0
DA:335,0
DA:351,0
DA:352,0
DA:353,0
DA:354,0
DA:355,0
DA:356,0
DA:357,0
DA:358,0
DA:359,0
DA:360,0
LF:85
LH:0
BRDA:63,0,0,0
BRDA:63,0,1,0
BRDA:73,1,0,0
BRDA:73,1,1,0
BRDA:106,2,0,0
BRDA:106,2,1,0
BRDA:106,3,0,0
BRDA:106,3,1,0
BRDA:122,4,0,0
BRDA:122,4,1,0
BRDA:122,5,0,0
BRDA:122,5,1,0
BRDA:145,6,0,0
BRDA:145,6,1,0
BRDA:172,7,0,0
BRDA:172,7,1,0
BRDA:176,8,0,0
BRDA:176,8,1,0
BRDA:178,9,0,0
BRDA:178,9,1,0
BRDA:183,10,0,0
BRDA:183,10,1,0
BRDA:187,11,0,0
BRDA:187,11,1,0
BRDA:199,12,0,0
BRDA:199,12,1,0
BRDA:199,13,0,0
BRDA:199,13,1,0
BRDA:202,14,0,0
BRDA:202,14,1,0
BRDA:282,15,0,0
BRDA:282,15,1,0
BRDA:283,16,0,0
BRDA:283,16,1,0
BRF:34
BRH:0
end_of_record
TN:
SF:src\component\profile\profile.js
FN:10,(anonymous_0)
FN:24,(anonymous_1)
FN:26,(anonymous_2)
FN:28,(anonymous_3)
FN:32,(anonymous_4)
FN:34,(anonymous_5)
FN:39,(anonymous_6)
FN:54,(anonymous_7)
FN:83,(anonymous_8)
FN:87,(anonymous_9)
FN:100,(anonymous_10)
FN:118,(anonymous_11)
FN:122,(anonymous_12)
FN:256,(anonymous_13)
FN:273,(anonymous_14)
FN:275,(anonymous_15)
FN:276,(anonymous_16)
FN:277,(anonymous_17)
FNF:18
FNH:0
FNDA:0,(anonymous_0)
FNDA:0,(anonymous_1)
FNDA:0,(anonymous_2)
FNDA:0,(anonymous_3)
FNDA:0,(anonymous_4)
FNDA:0,(anonymous_5)
FNDA:0,(anonymous_6)
FNDA:0,(anonymous_7)
FNDA:0,(anonymous_8)
FNDA:0,(anonymous_9)
FNDA:0,(anonymous_10)
FNDA:0,(anonymous_11)
FNDA:0,(anonymous_12)
FNDA:0,(anonymous_13)
FNDA:0,(anonymous_14)
FNDA:0,(anonymous_15)
FNDA:0,(anonymous_16)
FNDA:0,(anonymous_17)
DA:11,0
DA:12,0
DA:21,0
DA:24,0
DA:25,0
DA:26,0
DA:29,0
DA:31,0
DA:32,0
DA:35,0
DA:39,0
DA:40,0
DA:41,0
DA:42,0
DA:43,0
DA:44,0
DA:48,0
DA:49,0
DA:54,0
DA:55,0
DA:56,0
DA:57,0
DA:58,0
DA:59,0
DA:60,0
DA:62,0
DA:63,0
DA:64,0
DA:66,0
DA:67,0
DA:68,0
DA:70,0
DA:71,0
DA:72,0
DA:74,0
DA:75,0
DA:76,0
DA:78,0
DA:80,0
DA:83,0
DA:84,0
DA:87,0
DA:88,0
DA:100,0
DA:101,0
DA:102,0
DA:103,0
DA:104,0
DA:105,0
DA:108,0
DA:109,0
DA:112,0
DA:113,0
DA:118,0
DA:119,0
DA:123,0
DA:124,0
DA:125,0
DA:127,0
DA:128,0
DA:130,0
DA:256,0
DA:257,0
DA:273,0
DA:274,0
DA:275,0
DA:276,0
DA:277,0
LF:68
LH:0
BRDA:42,0,0,0
BRDA:42,0,1,0
BRDA:42,1,0,0
BRDA:42,1,1,0
BRDA:42,1,2,0
BRDA:43,2,0,0
BRDA:43,2,1,0
BRDA:48,3,0,0
BRDA:48,3,1,0
BRDA:60,4,0,0
BRDA:60,4,1,0
BRDA:60,4,2,0
BRDA:60,4,3,0
BRDA:60,4,4,0
BRDA:104,5,0,0
BRDA:104,5,1,0
BRDA:108,6,0,0
BRDA:108,6,1,0
BRDA:108,7,0,0
BRDA:108,7,1,0
BRDA:108,7,2,0
BRDA:108,7,3,0
BRDA:124,8,0,0
BRDA:124,8,1,0
BRDA:124,9,0,0
BRDA:124,9,1,0
BRDA:127,10,0,0
BRDA:127,10,1,0
BRDA:176,11,0,0
BRDA:176,11,1,0
BRDA:192,12,0,0
BRDA:192,12,1,0
BRDA:211,13,0,0
BRDA:211,13,1,0
BRDA:228,14,0,0
BRDA:228,14,1,0
BRF:36
BRH:0
end_of_record
