<?xml version="1.0" encoding="UTF-8"?>
<coverage generated="1605234284747" clover="3.2.0">
  <project timestamp="1605234284747" name="All files">
    <metrics statements="664" coveredstatements="297" conditionals="314" coveredconditionals="102" methods="141" coveredmethods="36" elements="1119" coveredelements="435" complexity="0" loc="664" ncloc="664" packages="6" files="11" classes="11"/>
    <package name="src">
      <metrics statements="344" coveredstatements="297" conditionals="146" coveredconditionals="102" methods="52" coveredmethods="36"/>
      <file name="actions.js" path="C:\Users\zhouy16\Desktop\New folder\COMP 531\hw6-frontend-sleepyzzzzzz\src\actions.js">
        <metrics statements="13" coveredstatements="13" conditionals="0" coveredconditionals="0" methods="13" coveredmethods="13"/>
        <line num="1" count="17" type="stmt"/>
        <line num="6" count="13" type="stmt"/>
        <line num="11" count="1" type="stmt"/>
        <line num="15" count="57" type="stmt"/>
        <line num="21" count="14" type="stmt"/>
        <line num="25" count="3" type="stmt"/>
        <line num="30" count="1" type="stmt"/>
        <line num="34" count="1" type="stmt"/>
        <line num="38" count="3" type="stmt"/>
        <line num="46" count="1" type="stmt"/>
        <line num="51" count="5" type="stmt"/>
        <line num="57" count="1" type="stmt"/>
        <line num="64" count="2" type="stmt"/>
      </file>
      <file name="index.js" path="C:\Users\zhouy16\Desktop\New folder\COMP 531\hw6-frontend-sleepyzzzzzz\src\index.js">
        <metrics statements="3" coveredstatements="0" conditionals="0" coveredconditionals="0" methods="0" coveredmethods="0"/>
        <line num="12" count="0" type="stmt"/>
        <line num="14" count="0" type="stmt"/>
        <line num="26" count="0" type="stmt"/>
      </file>
      <file name="reducer.js" path="C:\Users\zhouy16\Desktop\New folder\COMP 531\hw6-frontend-sleepyzzzzzz\src\reducer.js">
        <metrics statements="289" coveredstatements="284" conditionals="114" coveredconditionals="102" methods="23" coveredmethods="23"/>
        <line num="7" count="1" type="stmt"/>
        <line num="10" count="1" type="stmt"/>
        <line num="14" count="1" type="stmt"/>
        <line num="36" count="120" type="stmt"/>
        <line num="37" count="120" type="stmt"/>
        <line num="38" count="120" type="stmt"/>
        <line num="39" count="120" type="stmt"/>
        <line num="40" count="120" type="stmt"/>
        <line num="41" count="120" type="cond" truecount="14" falsecount="0"/>
        <line num="43" count="17" type="stmt"/>
        <line num="60" count="17" type="stmt"/>
        <line num="61" count="17" type="cond" truecount="2" falsecount="0"/>
        <line num="62" count="16" type="stmt"/>
        <line num="63" count="16" type="stmt"/>
        <line num="64" count="16" type="stmt"/>
        <line num="65" count="16" type="cond" truecount="1" falsecount="1"/>
        <line num="66" count="16" type="stmt"/>
        <line num="68" count="16" type="stmt"/>
        <line num="69" count="16" type="cond" truecount="2" falsecount="0"/>
        <line num="70" count="16" type="stmt"/>
        <line num="84" count="1" type="cond" truecount="1" falsecount="1"/>
        <line num="85" count="1" type="cond" truecount="1" falsecount="1"/>
        <line num="86" count="1" type="stmt"/>
        <line num="89" count="1" type="stmt"/>
        <line num="94" count="13" type="stmt"/>
        <line num="95" count="13" type="stmt"/>
        <line num="96" count="130" type="stmt"/>
        <line num="101" count="13" type="stmt"/>
        <line num="102" count="13" type="cond" truecount="1" falsecount="1"/>
        <line num="103" count="13" type="stmt"/>
        <line num="104" count="13" type="stmt"/>
        <line num="105" count="13" type="stmt"/>
        <line num="114" count="0" type="stmt"/>
        <line num="120" count="1" type="stmt"/>
        <line num="125" count="57" type="stmt"/>
        <line num="126" count="57" type="stmt"/>
        <line num="127" count="57" type="cond" truecount="8" falsecount="1"/>
        <line num="129" count="18" type="stmt"/>
        <line num="135" count="4" type="stmt"/>
        <line num="141" count="5" type="stmt"/>
        <line num="147" count="4" type="stmt"/>
        <line num="153" count="4" type="stmt"/>
        <line num="159" count="4" type="stmt"/>
        <line num="165" count="17" type="stmt"/>
        <line num="171" count="1" type="stmt"/>
        <line num="177" count="0" type="stmt"/>
        <line num="183" count="14" type="stmt"/>
        <line num="184" count="14" type="cond" truecount="2" falsecount="0"/>
        <line num="185" count="3" type="stmt"/>
        <line num="190" count="11" type="stmt"/>
        <line num="191" count="11" type="stmt"/>
        <line num="192" count="11" type="stmt"/>
        <line num="193" count="11" type="stmt"/>
        <line num="194" count="11" type="stmt"/>
        <line num="195" count="11" type="stmt"/>
        <line num="196" count="11" type="cond" truecount="1" falsecount="1"/>
        <line num="197" count="11" type="stmt"/>
        <line num="199" count="11" type="stmt"/>
        <line num="200" count="11" type="cond" truecount="2" falsecount="0"/>
        <line num="201" count="11" type="stmt"/>
        <line num="218" count="3" type="stmt"/>
        <line num="219" count="3" type="cond" truecount="2" falsecount="0"/>
        <line num="220" count="1" type="stmt"/>
        <line num="225" count="2" type="stmt"/>
        <line num="226" count="2" type="stmt"/>
        <line num="227" count="2" type="stmt"/>
        <line num="239" count="2" type="stmt"/>
        <line num="240" count="2" type="stmt"/>
        <line num="242" count="2" type="stmt"/>
        <line num="249" count="1" type="stmt"/>
        <line num="262" count="1" type="stmt"/>
        <line num="263" count="1" type="stmt"/>
        <line num="283" count="3" type="cond" truecount="2" falsecount="0"/>
        <line num="284" count="3" type="cond" truecount="2" falsecount="0"/>
        <line num="285" count="3" type="cond" truecount="2" falsecount="0"/>
        <line num="286" count="3" type="cond" truecount="2" falsecount="0"/>
        <line num="287" count="3" type="stmt"/>
        <line num="299" count="3" type="stmt"/>
        <line num="300" count="3" type="stmt"/>
        <line num="310" count="1" type="stmt"/>
        <line num="314" count="1" type="stmt"/>
        <line num="316" count="1" type="cond" truecount="1" falsecount="1"/>
        <line num="317" count="1" type="stmt"/>
        <line num="318" count="1" type="stmt"/>
        <line num="319" count="1" type="stmt"/>
        <line num="320" count="1" type="stmt"/>
        <line num="321" count="1" type="stmt"/>
        <line num="322" count="1" type="cond" truecount="1" falsecount="1"/>
        <line num="323" count="0" type="stmt"/>
        <line num="326" count="1" type="stmt"/>
        <line num="328" count="1" type="stmt"/>
        <line num="331" count="1" type="stmt"/>
        <line num="337" count="5" type="stmt"/>
        <line num="338" count="5" type="stmt"/>
        <line num="339" count="5" type="stmt"/>
        <line num="340" count="5" type="cond" truecount="2" falsecount="1"/>
        <line num="342" count="4" type="stmt"/>
        <line num="343" count="4" type="cond" truecount="2" falsecount="0"/>
        <line num="344" count="1" type="stmt"/>
        <line num="349" count="3" type="cond" truecount="2" falsecount="0"/>
        <line num="350" count="1" type="stmt"/>
        <line num="355" count="2" type="cond" truecount="2" falsecount="0"/>
        <line num="356" count="1" type="stmt"/>
        <line num="361" count="1" type="stmt"/>
        <line num="362" count="1" type="stmt"/>
        <line num="363" count="1" type="stmt"/>
        <line num="364" count="1" type="stmt"/>
        <line num="365" count="1" type="stmt"/>
        <line num="366" count="1" type="stmt"/>
        <line num="375" count="1" type="stmt"/>
        <line num="376" count="1" type="stmt"/>
        <line num="377" count="1" type="cond" truecount="1" falsecount="1"/>
        <line num="378" count="1" type="stmt"/>
        <line num="379" count="1" type="stmt"/>
        <line num="382" count="1" type="stmt"/>
        <line num="383" count="1" type="stmt"/>
        <line num="384" count="1" type="stmt"/>
        <line num="385" count="1" type="stmt"/>
        <line num="386" count="1" type="stmt"/>
        <line num="387" count="1" type="stmt"/>
        <line num="388" count="2" type="stmt"/>
        <line num="389" count="1" type="stmt"/>
        <line num="398" count="0" type="stmt"/>
        <line num="401" count="1" type="stmt"/>
        <line num="402" count="1" type="stmt"/>
        <line num="403" count="1" type="stmt"/>
        <line num="404" count="1" type="stmt"/>
        <line num="405" count="1" type="stmt"/>
        <line num="406" count="1" type="stmt"/>
        <line num="407" count="1" type="stmt"/>
        <line num="416" count="1" type="stmt"/>
        <line num="417" count="1" type="stmt"/>
        <line num="418" count="1" type="stmt"/>
        <line num="425" count="2" type="stmt"/>
        <line num="426" count="2" type="stmt"/>
        <line num="427" count="2" type="cond" truecount="2" falsecount="1"/>
        <line num="429" count="1" type="stmt"/>
        <line num="430" count="40" type="cond" truecount="2" falsecount="0"/>
        <line num="431" count="10" type="stmt"/>
        <line num="434" count="1" type="stmt"/>
        <line num="439" count="1" type="stmt"/>
        <line num="440" count="40" type="stmt"/>
        <line num="441" count="40" type="stmt"/>
        <line num="442" count="570" type="cond" truecount="2" falsecount="0"/>
        <line num="443" count="20" type="stmt"/>
        <line num="444" count="20" type="stmt"/>
        <line num="448" count="1" type="stmt"/>
        <line num="453" count="0" type="stmt"/>
        <line num="459" count="1" type="stmt"/>
        <line num="464" count="28" type="stmt"/>
        <line num="465" count="28" type="cond" truecount="4" falsecount="0"/>
        <line num="466" count="18" type="stmt"/>
        <line num="467" count="34" type="cond" truecount="2" falsecount="0"/>
        <line num="468" count="16" type="stmt"/>
        <line num="469" count="16" type="stmt"/>
        <line num="472" count="2" type="stmt"/>
        <line num="474" count="10" type="stmt"/>
        <line num="478" count="17" type="stmt"/>
        <line num="479" count="17" type="stmt"/>
        <line num="480" count="170" type="stmt"/>
        <line num="481" count="170" type="stmt"/>
        <line num="482" count="170" type="stmt"/>
        <line num="495" count="170" type="stmt"/>
        <line num="497" count="17" type="stmt"/>
        <line num="498" count="170" type="stmt"/>
        <line num="499" count="170" type="stmt"/>
        <line num="500" count="510" type="stmt"/>
        <line num="501" count="510" type="cond" truecount="2" falsecount="0"/>
        <line num="502" count="102" type="stmt"/>
        <line num="504" count="510" type="stmt"/>
        <line num="506" count="170" type="stmt"/>
        <line num="508" count="17" type="stmt"/>
        <line num="512" count="13" type="stmt"/>
        <line num="513" count="13" type="stmt"/>
        <line num="514" count="1300" type="stmt"/>
        <line num="515" count="1300" type="stmt"/>
        <line num="516" count="1300" type="stmt"/>
        <line num="517" count="7150" type="cond" truecount="2" falsecount="0"/>
        <line num="518" count="1300" type="stmt"/>
        <line num="519" count="1300" type="stmt"/>
        <line num="520" count="1300" type="stmt"/>
        <line num="523" count="1300" type="stmt"/>
        <line num="524" count="1300" type="stmt"/>
        <line num="525" count="1300" type="stmt"/>
        <line num="536" count="1300" type="stmt"/>
        <line num="538" count="1300" type="stmt"/>
        <line num="540" count="13" type="stmt"/>
        <line num="544" count="2" type="stmt"/>
        <line num="545" count="6" type="stmt"/>
        <line num="550" count="130" type="stmt"/>
        <line num="551" count="130" type="stmt"/>
        <line num="552" count="130" type="stmt"/>
        <line num="553" count="13000" type="cond" truecount="2" falsecount="0"/>
        <line num="554" count="1300" type="stmt"/>
        <line num="555" count="1300" type="stmt"/>
        <line num="556" count="1300" type="stmt"/>
        <line num="559" count="130" type="stmt"/>
        <line num="563" count="3900" type="stmt"/>
        <line num="564" count="3900" type="stmt"/>
        <line num="565" count="3900" type="stmt"/>
        <line num="566" count="3900" type="stmt"/>
        <line num="567" count="3900" type="stmt"/>
        <line num="574" count="3900" type="stmt"/>
        <line num="575" count="3900" type="stmt"/>
        <line num="576" count="3900" type="stmt"/>
        <line num="580" count="1300" type="stmt"/>
        <line num="581" count="1300" type="stmt"/>
        <line num="582" count="13000" type="cond" truecount="2" falsecount="0"/>
        <line num="583" count="1300" type="stmt"/>
        <line num="584" count="3900" type="stmt"/>
        <line num="585" count="3900" type="stmt"/>
        <line num="586" count="332" type="stmt"/>
        <line num="588" count="3900" type="stmt"/>
        <line num="589" count="3900" type="stmt"/>
        <line num="590" count="3900" type="stmt"/>
        <line num="591" count="3900" type="stmt"/>
        <line num="592" count="3900" type="stmt"/>
        <line num="597" count="14" type="cond" truecount="4" falsecount="0"/>
        <line num="598" count="1" type="stmt"/>
        <line num="600" count="13" type="stmt"/>
        <line num="601" count="13" type="stmt"/>
        <line num="602" count="31" type="cond" truecount="4" falsecount="0"/>
        <line num="603" count="11" type="stmt"/>
        <line num="604" count="11" type="stmt"/>
        <line num="607" count="2" type="stmt"/>
        <line num="611" count="3" type="stmt"/>
        <line num="612" count="3" type="stmt"/>
        <line num="613" count="30" type="cond" truecount="2" falsecount="0"/>
        <line num="614" count="1" type="stmt"/>
        <line num="615" count="1" type="stmt"/>
        <line num="618" count="3" type="stmt"/>
        <line num="622" count="4066" type="stmt"/>
        <line num="623" count="4066" type="stmt"/>
        <line num="624" count="4066" type="stmt"/>
        <line num="625" count="21935" type="cond" truecount="2" falsecount="0"/>
        <line num="626" count="4020" type="stmt"/>
        <line num="627" count="4020" type="stmt"/>
        <line num="628" count="4020" type="stmt"/>
        <line num="629" count="4020" type="stmt"/>
        <line num="630" count="4020" type="stmt"/>
        <line num="631" count="4020" type="stmt"/>
        <line num="632" count="4020" type="stmt"/>
        <line num="633" count="4020" type="stmt"/>
        <line num="634" count="4020" type="stmt"/>
        <line num="635" count="4020" type="stmt"/>
        <line num="636" count="4020" type="stmt"/>
        <line num="639" count="4066" type="stmt"/>
        <line num="643" count="4" type="stmt"/>
        <line num="644" count="4" type="stmt"/>
        <line num="645" count="12" type="stmt"/>
        <line num="646" count="12" type="cond" truecount="2" falsecount="0"/>
        <line num="647" count="1" type="stmt"/>
        <line num="648" count="1" type="stmt"/>
        <line num="651" count="4" type="stmt"/>
        <line num="655" count="24" type="stmt"/>
        <line num="656" count="24" type="stmt"/>
        <line num="657" count="24" type="cond" truecount="2" falsecount="0"/>
        <line num="658" count="21" type="stmt"/>
        <line num="659" count="63" type="stmt"/>
        <line num="662" count="24" type="stmt"/>
        <line num="663" count="24" type="stmt"/>
        <line num="664" count="24" type="stmt"/>
        <line num="665" count="24" type="stmt"/>
        <line num="666" count="2400" type="cond" truecount="4" falsecount="0"/>
        <line num="667" count="840" type="stmt"/>
        <line num="668" count="840" type="stmt"/>
        <line num="669" count="840" type="stmt"/>
        <line num="672" count="24" type="stmt"/>
        <line num="673" count="24" type="stmt"/>
        <line num="677" count="2" type="stmt"/>
        <line num="678" count="2" type="cond" truecount="2" falsecount="0"/>
        <line num="679" count="1" type="stmt"/>
        <line num="680" count="1" type="stmt"/>
        <line num="681" count="10" type="stmt"/>
        <line num="682" count="10" type="stmt"/>
        <line num="683" count="10" type="stmt"/>
        <line num="687" count="1" type="stmt"/>
        <line num="688" count="40" type="cond" truecount="2" falsecount="0"/>
        <line num="689" count="10" type="stmt"/>
        <line num="690" count="10" type="stmt"/>
        <line num="693" count="1" type="stmt"/>
        <line num="694" count="30" type="stmt"/>
        <line num="697" count="2" type="stmt"/>
        <line num="701" count="5200" type="stmt"/>
        <line num="702" count="5200" type="stmt"/>
        <line num="703" count="5200" type="stmt"/>
        <line num="704" count="5200" type="stmt"/>
        <line num="705" count="5200" type="stmt"/>
        <line num="709" count="8694" type="stmt"/>
      </file>
      <file name="routers.js" path="C:\Users\zhouy16\Desktop\New folder\COMP 531\hw6-frontend-sleepyzzzzzz\src\routers.js">
        <metrics statements="0" coveredstatements="0" conditionals="0" coveredconditionals="0" methods="0" coveredmethods="0"/>
      </file>
      <file name="serviceWorker.js" path="C:\Users\zhouy16\Desktop\New folder\COMP 531\hw6-frontend-sleepyzzzzzz\src\serviceWorker.js">
        <metrics statements="39" coveredstatements="0" conditionals="32" coveredconditionals="0" methods="16" coveredmethods="0"/>
        <line num="13" count="0" type="stmt"/>
        <line num="24" count="0" type="cond" truecount="0" falsecount="4"/>
        <line num="26" count="0" type="stmt"/>
        <line num="27" count="0" type="cond" truecount="0" falsecount="2"/>
        <line num="31" count="0" type="stmt"/>
        <line num="34" count="0" type="stmt"/>
        <line num="35" count="0" type="stmt"/>
        <line num="37" count="0" type="cond" truecount="0" falsecount="2"/>
        <line num="39" count="0" type="stmt"/>
        <line num="43" count="0" type="stmt"/>
        <line num="44" count="0" type="stmt"/>
        <line num="51" count="0" type="stmt"/>
        <line num="58" count="0" type="stmt"/>
        <line num="61" count="0" type="stmt"/>
        <line num="62" count="0" type="stmt"/>
        <line num="63" count="0" type="cond" truecount="0" falsecount="2"/>
        <line num="64" count="0" type="stmt"/>
        <line num="66" count="0" type="stmt"/>
        <line num="67" count="0" type="cond" truecount="0" falsecount="2"/>
        <line num="68" count="0" type="cond" truecount="0" falsecount="2"/>
        <line num="72" count="0" type="stmt"/>
        <line num="78" count="0" type="cond" truecount="0" falsecount="4"/>
        <line num="79" count="0" type="stmt"/>
        <line num="85" count="0" type="stmt"/>
        <line num="88" count="0" type="cond" truecount="0" falsecount="4"/>
        <line num="89" count="0" type="stmt"/>
        <line num="97" count="0" type="stmt"/>
        <line num="103" count="0" type="stmt"/>
        <line num="108" count="0" type="stmt"/>
        <line num="109" count="0" type="cond" truecount="0" falsecount="2"/>
        <line num="114" count="0" type="stmt"/>
        <line num="115" count="0" type="stmt"/>
        <line num="116" count="0" type="stmt"/>
        <line num="121" count="0" type="stmt"/>
        <line num="125" count="0" type="stmt"/>
        <line num="132" count="0" type="cond" truecount="0" falsecount="2"/>
        <line num="133" count="0" type="stmt"/>
        <line num="135" count="0" type="stmt"/>
        <line num="138" count="0" type="stmt"/>
      </file>
    </package>
    <package name="src.component.app">
      <metrics statements="16" coveredstatements="0" conditionals="0" coveredconditionals="0" methods="13" coveredmethods="0"/>
      <file name="app.js" path="C:\Users\zhouy16\Desktop\New folder\COMP 531\hw6-frontend-sleepyzzzzzz\src\component\app\app.js">
        <metrics statements="16" coveredstatements="0" conditionals="0" coveredconditionals="0" methods="13" coveredmethods="0"/>
        <line num="11" count="0" type="stmt"/>
        <line num="12" count="0" type="stmt"/>
        <line num="15" count="0" type="stmt"/>
        <line num="17" count="0" type="stmt"/>
        <line num="18" count="0" type="stmt"/>
        <line num="21" count="0" type="stmt"/>
        <line num="26" count="0" type="stmt"/>
        <line num="35" count="0" type="stmt"/>
        <line num="38" count="0" type="stmt"/>
        <line num="48" count="0" type="stmt"/>
        <line num="49" count="0" type="stmt"/>
        <line num="62" count="0" type="stmt"/>
        <line num="63" count="0" type="stmt"/>
        <line num="64" count="0" type="stmt"/>
        <line num="65" count="0" type="stmt"/>
        <line num="66" count="0" type="stmt"/>
      </file>
    </package>
    <package name="src.component.app.login">
      <metrics statements="29" coveredstatements="0" conditionals="16" coveredconditionals="0" methods="9" coveredmethods="0"/>
      <file name="login.js" path="C:\Users\zhouy16\Desktop\New folder\COMP 531\hw6-frontend-sleepyzzzzzz\src\component\app\login\login.js">
        <metrics statements="29" coveredstatements="0" conditionals="16" coveredconditionals="0" methods="9" coveredmethods="0"/>
        <line num="10" count="0" type="stmt"/>
        <line num="11" count="0" type="stmt"/>
        <line num="18" count="0" type="stmt"/>
        <line num="19" count="0" type="stmt"/>
        <line num="20" count="0" type="stmt"/>
        <line num="23" count="0" type="stmt"/>
        <line num="24" count="0" type="stmt"/>
        <line num="27" count="0" type="stmt"/>
        <line num="28" count="0" type="stmt"/>
        <line num="29" count="0" type="stmt"/>
        <line num="30" count="0" type="cond" truecount="0" falsecount="2"/>
        <line num="31" count="0" type="stmt"/>
        <line num="33" count="0" type="cond" truecount="0" falsecount="2"/>
        <line num="34" count="0" type="stmt"/>
        <line num="36" count="0" type="stmt"/>
        <line num="37" count="0" type="cond" truecount="0" falsecount="2"/>
        <line num="38" count="0" type="stmt"/>
        <line num="41" count="0" type="stmt"/>
        <line num="46" count="0" type="stmt"/>
        <line num="47" count="0" type="cond" truecount="0" falsecount="2"/>
        <line num="48" count="0" type="cond" truecount="0" falsecount="4"/>
        <line num="49" count="0" type="stmt"/>
        <line num="52" count="0" type="stmt"/>
        <line num="107" count="0" type="stmt"/>
        <line num="108" count="0" type="stmt"/>
        <line num="118" count="0" type="stmt"/>
        <line num="119" count="0" type="stmt"/>
        <line num="120" count="0" type="stmt"/>
        <line num="121" count="0" type="stmt"/>
      </file>
    </package>
    <package name="src.component.app.register">
      <metrics statements="115" coveredstatements="0" conditionals="82" coveredconditionals="0" methods="13" coveredmethods="0"/>
      <file name="register.js" path="C:\Users\zhouy16\Desktop\New folder\COMP 531\hw6-frontend-sleepyzzzzzz\src\component\app\register\register.js">
        <metrics statements="115" coveredstatements="0" conditionals="82" coveredconditionals="0" methods="13" coveredmethods="0"/>
        <line num="11" count="0" type="stmt"/>
        <line num="12" count="0" type="stmt"/>
        <line num="26" count="0" type="stmt"/>
        <line num="27" count="0" type="stmt"/>
        <line num="28" count="0" type="stmt"/>
        <line num="29" count="0" type="cond" truecount="0" falsecount="2"/>
        <line num="30" count="0" type="cond" truecount="0" falsecount="2"/>
        <line num="31" count="0" type="stmt"/>
        <line num="35" count="0" type="cond" truecount="0" falsecount="2"/>
        <line num="36" count="0" type="stmt"/>
        <line num="41" count="0" type="stmt"/>
        <line num="42" count="0" type="stmt"/>
        <line num="43" count="0" type="cond" truecount="0" falsecount="2"/>
        <line num="44" count="0" type="stmt"/>
        <line num="46" count="0" type="stmt"/>
        <line num="47" count="0" type="stmt"/>
        <line num="48" count="0" type="cond" truecount="0" falsecount="2"/>
        <line num="49" count="0" type="cond" truecount="0" falsecount="2"/>
        <line num="50" count="0" type="stmt"/>
        <line num="52" count="0" type="cond" truecount="0" falsecount="2"/>
        <line num="53" count="0" type="stmt"/>
        <line num="57" count="0" type="stmt"/>
        <line num="58" count="0" type="cond" truecount="0" falsecount="2"/>
        <line num="59" count="0" type="stmt"/>
        <line num="61" count="0" type="stmt"/>
        <line num="62" count="0" type="cond" truecount="0" falsecount="2"/>
        <line num="63" count="0" type="stmt"/>
        <line num="68" count="0" type="stmt"/>
        <line num="69" count="0" type="stmt"/>
        <line num="70" count="0" type="stmt"/>
        <line num="71" count="0" type="stmt"/>
        <line num="72" count="0" type="stmt"/>
        <line num="73" count="0" type="stmt"/>
        <line num="74" count="0" type="stmt"/>
        <line num="75" count="0" type="cond" truecount="0" falsecount="8"/>
        <line num="77" count="0" type="stmt"/>
        <line num="78" count="0" type="stmt"/>
        <line num="79" count="0" type="stmt"/>
        <line num="81" count="0" type="stmt"/>
        <line num="82" count="0" type="stmt"/>
        <line num="83" count="0" type="stmt"/>
        <line num="85" count="0" type="stmt"/>
        <line num="86" count="0" type="stmt"/>
        <line num="87" count="0" type="stmt"/>
        <line num="89" count="0" type="stmt"/>
        <line num="90" count="0" type="stmt"/>
        <line num="91" count="0" type="stmt"/>
        <line num="92" count="0" type="stmt"/>
        <line num="93" count="0" type="stmt"/>
        <line num="94" count="0" type="stmt"/>
        <line num="95" count="0" type="stmt"/>
        <line num="96" count="0" type="stmt"/>
        <line num="97" count="0" type="stmt"/>
        <line num="98" count="0" type="stmt"/>
        <line num="99" count="0" type="cond" truecount="0" falsecount="2"/>
        <line num="100" count="0" type="cond" truecount="0" falsecount="2"/>
        <line num="101" count="0" type="stmt"/>
        <line num="104" count="0" type="cond" truecount="0" falsecount="2"/>
        <line num="105" count="0" type="stmt"/>
        <line num="107" count="0" type="cond" truecount="0" falsecount="2"/>
        <line num="108" count="0" type="stmt"/>
        <line num="110" count="0" type="stmt"/>
        <line num="111" count="0" type="cond" truecount="0" falsecount="2"/>
        <line num="112" count="0" type="cond" truecount="0" falsecount="2"/>
        <line num="113" count="0" type="stmt"/>
        <line num="117" count="0" type="cond" truecount="0" falsecount="2"/>
        <line num="118" count="0" type="stmt"/>
        <line num="121" count="0" type="stmt"/>
        <line num="123" count="0" type="stmt"/>
        <line num="124" count="0" type="stmt"/>
        <line num="125" count="0" type="stmt"/>
        <line num="127" count="0" type="stmt"/>
        <line num="128" count="0" type="stmt"/>
        <line num="129" count="0" type="stmt"/>
        <line num="131" count="0" type="stmt"/>
        <line num="132" count="0" type="stmt"/>
        <line num="133" count="0" type="stmt"/>
        <line num="135" count="0" type="stmt"/>
        <line num="137" count="0" type="stmt"/>
        <line num="140" count="0" type="stmt"/>
        <line num="141" count="0" type="stmt"/>
        <line num="144" count="0" type="stmt"/>
        <line num="145" count="0" type="stmt"/>
        <line num="146" count="0" type="stmt"/>
        <line num="147" count="0" type="cond" truecount="0" falsecount="4"/>
        <line num="148" count="0" type="stmt"/>
        <line num="150" count="0" type="cond" truecount="0" falsecount="4"/>
        <line num="151" count="0" type="stmt"/>
        <line num="153" count="0" type="cond" truecount="0" falsecount="4"/>
        <line num="154" count="0" type="stmt"/>
        <line num="156" count="0" type="cond" truecount="0" falsecount="4"/>
        <line num="157" count="0" type="stmt"/>
        <line num="159" count="0" type="cond" truecount="0" falsecount="4"/>
        <line num="160" count="0" type="stmt"/>
        <line num="162" count="0" type="cond" truecount="0" falsecount="4"/>
        <line num="163" count="0" type="stmt"/>
        <line num="164" count="0" type="stmt"/>
        <line num="166" count="0" type="stmt"/>
        <line num="167" count="0" type="cond" truecount="0" falsecount="2"/>
        <line num="168" count="0" type="stmt"/>
        <line num="171" count="0" type="stmt"/>
        <line num="172" count="0" type="stmt"/>
        <line num="186" count="0" type="stmt"/>
        <line num="187" count="0" type="stmt"/>
        <line num="198" count="0" type="stmt"/>
        <line num="202" count="0" type="cond" truecount="0" falsecount="2"/>
        <line num="203" count="0" type="stmt"/>
        <line num="205" count="0" type="stmt"/>
        <line num="396" count="0" type="stmt"/>
        <line num="397" count="0" type="stmt"/>
        <line num="411" count="0" type="stmt"/>
        <line num="412" count="0" type="stmt"/>
        <line num="413" count="0" type="stmt"/>
        <line num="414" count="0" type="stmt"/>
        <line num="415" count="0" type="stmt"/>
      </file>
    </package>
    <package name="src.component.main">
      <metrics statements="92" coveredstatements="0" conditionals="34" coveredconditionals="0" methods="36" coveredmethods="0"/>
      <file name="comment.js" path="C:\Users\zhouy16\Desktop\New folder\COMP 531\hw6-frontend-sleepyzzzzzz\src\component\main\comment.js">
        <metrics statements="7" coveredstatements="0" conditionals="0" coveredconditionals="0" methods="4" coveredmethods="0"/>
        <line num="7" count="0" type="stmt"/>
        <line num="9" count="0" type="stmt"/>
        <line num="10" count="0" type="stmt"/>
        <line num="12" count="0" type="stmt"/>
        <line num="14" count="0" type="stmt"/>
        <line num="15" count="0" type="stmt"/>
        <line num="39" count="0" type="stmt"/>
      </file>
      <file name="main.js" path="C:\Users\zhouy16\Desktop\New folder\COMP 531\hw6-frontend-sleepyzzzzzz\src\component\main\main.js">
        <metrics statements="85" coveredstatements="0" conditionals="34" coveredconditionals="0" methods="32" coveredmethods="0"/>
        <line num="12" count="0" type="stmt"/>
        <line num="13" count="0" type="stmt"/>
        <line num="22" count="0" type="stmt"/>
        <line num="23" count="0" type="stmt"/>
        <line num="24" count="0" type="stmt"/>
        <line num="25" count="0" type="stmt"/>
        <line num="28" count="0" type="stmt"/>
        <line num="29" count="0" type="stmt"/>
        <line num="30" count="0" type="stmt"/>
        <line num="33" count="0" type="stmt"/>
        <line num="35" count="0" type="stmt"/>
        <line num="36" count="0" type="stmt"/>
        <line num="39" count="0" type="stmt"/>
        <line num="43" count="0" type="stmt"/>
        <line num="44" count="0" type="stmt"/>
        <line num="52" count="0" type="stmt"/>
        <line num="53" count="0" type="stmt"/>
        <line num="54" count="0" type="stmt"/>
        <line num="58" count="0" type="stmt"/>
        <line num="59" count="0" type="stmt"/>
        <line num="62" count="0" type="stmt"/>
        <line num="63" count="0" type="cond" truecount="0" falsecount="2"/>
        <line num="64" count="0" type="stmt"/>
        <line num="65" count="0" type="stmt"/>
        <line num="69" count="0" type="stmt"/>
        <line num="71" count="0" type="stmt"/>
        <line num="72" count="0" type="stmt"/>
        <line num="73" count="0" type="cond" truecount="0" falsecount="2"/>
        <line num="74" count="0" type="stmt"/>
        <line num="75" count="0" type="stmt"/>
        <line num="95" count="0" type="stmt"/>
        <line num="97" count="0" type="stmt"/>
        <line num="101" count="0" type="stmt"/>
        <line num="102" count="0" type="stmt"/>
        <line num="105" count="0" type="stmt"/>
        <line num="106" count="0" type="cond" truecount="0" falsecount="4"/>
        <line num="107" count="0" type="stmt"/>
        <line num="111" count="0" type="stmt"/>
        <line num="112" count="0" type="stmt"/>
        <line num="115" count="0" type="stmt"/>
        <line num="116" count="0" type="stmt"/>
        <line num="117" count="0" type="stmt"/>
        <line num="120" count="0" type="stmt"/>
        <line num="122" count="0" type="cond" truecount="0" falsecount="4"/>
        <line num="123" count="0" type="stmt"/>
        <line num="126" count="0" type="stmt"/>
        <line num="128" count="0" type="stmt"/>
        <line num="129" count="0" type="stmt"/>
        <line num="168" count="0" type="stmt"/>
        <line num="171" count="0" type="stmt"/>
        <line num="172" count="0" type="cond" truecount="0" falsecount="2"/>
        <line num="173" count="0" type="stmt"/>
        <line num="174" count="0" type="stmt"/>
        <line num="175" count="0" type="stmt"/>
        <line num="176" count="0" type="cond" truecount="0" falsecount="2"/>
        <line num="177" count="0" type="stmt"/>
        <line num="178" count="0" type="cond" truecount="0" falsecount="2"/>
        <line num="179" count="0" type="stmt"/>
        <line num="183" count="0" type="cond" truecount="0" falsecount="2"/>
        <line num="184" count="0" type="stmt"/>
        <line num="185" count="0" type="stmt"/>
        <line num="186" count="0" type="stmt"/>
        <line num="187" count="0" type="cond" truecount="0" falsecount="2"/>
        <line num="188" count="0" type="stmt"/>
        <line num="189" count="0" type="stmt"/>
        <line num="194" count="0" type="stmt"/>
        <line num="198" count="0" type="stmt"/>
        <line num="199" count="0" type="cond" truecount="0" falsecount="4"/>
        <line num="200" count="0" type="stmt"/>
        <line num="202" count="0" type="cond" truecount="0" falsecount="2"/>
        <line num="203" count="0" type="stmt"/>
        <line num="205" count="0" type="stmt"/>
        <line num="212" count="0" type="stmt"/>
        <line num="334" count="0" type="stmt"/>
        <line num="335" count="0" type="stmt"/>
        <line num="351" count="0" type="stmt"/>
        <line num="352" count="0" type="stmt"/>
        <line num="353" count="0" type="stmt"/>
        <line num="354" count="0" type="stmt"/>
        <line num="355" count="0" type="stmt"/>
        <line num="356" count="0" type="stmt"/>
        <line num="357" count="0" type="stmt"/>
        <line num="358" count="0" type="stmt"/>
        <line num="359" count="0" type="stmt"/>
        <line num="360" count="0" type="stmt"/>
      </file>
    </package>
    <package name="src.component.profile">
      <metrics statements="68" coveredstatements="0" conditionals="36" coveredconditionals="0" methods="18" coveredmethods="0"/>
      <file name="profile.js" path="C:\Users\zhouy16\Desktop\New folder\COMP 531\hw6-frontend-sleepyzzzzzz\src\component\profile\profile.js">
        <metrics statements="68" coveredstatements="0" conditionals="36" coveredconditionals="0" methods="18" coveredmethods="0"/>
        <line num="11" count="0" type="stmt"/>
        <line num="12" count="0" type="stmt"/>
        <line num="21" count="0" type="stmt"/>
        <line num="24" count="0" type="stmt"/>
        <line num="25" count="0" type="stmt"/>
        <line num="26" count="0" type="stmt"/>
        <line num="29" count="0" type="stmt"/>
        <line num="31" count="0" type="stmt"/>
        <line num="32" count="0" type="stmt"/>
        <line num="35" count="0" type="stmt"/>
        <line num="39" count="0" type="stmt"/>
        <line num="40" count="0" type="stmt"/>
        <line num="41" count="0" type="stmt"/>
        <line num="42" count="0" type="cond" truecount="0" falsecount="5"/>
        <line num="43" count="0" type="cond" truecount="0" falsecount="2"/>
        <line num="44" count="0" type="stmt"/>
        <line num="48" count="0" type="cond" truecount="0" falsecount="2"/>
        <line num="49" count="0" type="stmt"/>
        <line num="54" count="0" type="stmt"/>
        <line num="55" count="0" type="stmt"/>
        <line num="56" count="0" type="stmt"/>
        <line num="57" count="0" type="stmt"/>
        <line num="58" count="0" type="stmt"/>
        <line num="59" count="0" type="stmt"/>
        <line num="60" count="0" type="cond" truecount="0" falsecount="5"/>
        <line num="62" count="0" type="stmt"/>
        <line num="63" count="0" type="stmt"/>
        <line num="64" count="0" type="stmt"/>
        <line num="66" count="0" type="stmt"/>
        <line num="67" count="0" type="stmt"/>
        <line num="68" count="0" type="stmt"/>
        <line num="70" count="0" type="stmt"/>
        <line num="71" count="0" type="stmt"/>
        <line num="72" count="0" type="stmt"/>
        <line num="74" count="0" type="stmt"/>
        <line num="75" count="0" type="stmt"/>
        <line num="76" count="0" type="stmt"/>
        <line num="78" count="0" type="stmt"/>
        <line num="80" count="0" type="stmt"/>
        <line num="83" count="0" type="stmt"/>
        <line num="84" count="0" type="stmt"/>
        <line num="87" count="0" type="stmt"/>
        <line num="88" count="0" type="stmt"/>
        <line num="100" count="0" type="stmt"/>
        <line num="101" count="0" type="stmt"/>
        <line num="102" count="0" type="stmt"/>
        <line num="103" count="0" type="stmt"/>
        <line num="104" count="0" type="cond" truecount="0" falsecount="2"/>
        <line num="105" count="0" type="stmt"/>
        <line num="108" count="0" type="cond" truecount="0" falsecount="6"/>
        <line num="109" count="0" type="stmt"/>
        <line num="112" count="0" type="stmt"/>
        <line num="113" count="0" type="stmt"/>
        <line num="118" count="0" type="stmt"/>
        <line num="119" count="0" type="stmt"/>
        <line num="123" count="0" type="stmt"/>
        <line num="124" count="0" type="cond" truecount="0" falsecount="4"/>
        <line num="125" count="0" type="stmt"/>
        <line num="127" count="0" type="cond" truecount="0" falsecount="2"/>
        <line num="128" count="0" type="stmt"/>
        <line num="130" count="0" type="stmt"/>
        <line num="256" count="0" type="stmt"/>
        <line num="257" count="0" type="stmt"/>
        <line num="273" count="0" type="stmt"/>
        <line num="274" count="0" type="stmt"/>
        <line num="275" count="0" type="stmt"/>
        <line num="276" count="0" type="stmt"/>
        <line num="277" count="0" type="stmt"/>
      </file>
    </package>
  </project>
</coverage>
