{"C:\\Users\\zhouy16\\Desktop\\New folder\\COMP 531\\hw6-frontend-sleepyzzzzzz\\src\\actions.js": {"path":"C:\\Users\\zhouy16\\Desktop\\New folder\\COMP 531\\hw6-frontend-sleepyzzzzzz\\src\\actions.js","statementMap":{"0":{"start":{"line":1,"column":25},"end":{"line":4,"column":2}},"1":{"start":{"line":1,"column":37},"end":{"line":4,"column":1}},"2":{"start":{"line":6,"column":24},"end":{"line":9,"column":2}},"3":{"start":{"line":6,"column":36},"end":{"line":9,"column":1}},"4":{"start":{"line":11,"column":26},"end":{"line":13,"column":2}},"5":{"start":{"line":11,"column":33},"end":{"line":13,"column":1}},"6":{"start":{"line":15,"column":28},"end":{"line":19,"column":2}},"7":{"start":{"line":15,"column":47},"end":{"line":19,"column":1}},"8":{"start":{"line":21,"column":27},"end":{"line":23,"column":2}},"9":{"start":{"line":21,"column":34},"end":{"line":23,"column":1}},"10":{"start":{"line":25,"column":30},"end":{"line":28,"column":2}},"11":{"start":{"line":25,"column":41},"end":{"line":28,"column":1}},"12":{"start":{"line":30,"column":27},"end":{"line":32,"column":2}},"13":{"start":{"line":30,"column":34},"end":{"line":32,"column":1}},"14":{"start":{"line":34,"column":28},"end":{"line":36,"column":2}},"15":{"start":{"line":34,"column":35},"end":{"line":36,"column":1}},"16":{"start":{"line":38,"column":28},"end":{"line":44,"column":2}},"17":{"start":{"line":38,"column":61},"end":{"line":44,"column":1}},"18":{"start":{"line":46,"column":28},"end":{"line":49,"column":2}},"19":{"start":{"line":46,"column":41},"end":{"line":49,"column":1}},"20":{"start":{"line":51,"column":30},"end":{"line":55,"column":2}},"21":{"start":{"line":51,"column":56},"end":{"line":55,"column":1}},"22":{"start":{"line":57,"column":23},"end":{"line":62,"column":2}},"23":{"start":{"line":57,"column":56},"end":{"line":62,"column":1}},"24":{"start":{"line":64,"column":26},"end":{"line":68,"column":2}},"25":{"start":{"line":64,"column":46},"end":{"line":68,"column":1}}},"fnMap":{"0":{"name":"(anonymous_0)","decl":{"start":{"line":1,"column":25},"end":{"line":1,"column":26}},"loc":{"start":{"line":1,"column":37},"end":{"line":4,"column":1}},"line":1},"1":{"name":"(anonymous_1)","decl":{"start":{"line":6,"column":24},"end":{"line":6,"column":25}},"loc":{"start":{"line":6,"column":36},"end":{"line":9,"column":1}},"line":6},"2":{"name":"(anonymous_2)","decl":{"start":{"line":11,"column":26},"end":{"line":11,"column":27}},"loc":{"start":{"line":11,"column":33},"end":{"line":13,"column":1}},"line":11},"3":{"name":"(anonymous_3)","decl":{"start":{"line":15,"column":28},"end":{"line":15,"column":29}},"loc":{"start":{"line":15,"column":47},"end":{"line":19,"column":1}},"line":15},"4":{"name":"(anonymous_4)","decl":{"start":{"line":21,"column":27},"end":{"line":21,"column":28}},"loc":{"start":{"line":21,"column":34},"end":{"line":23,"column":1}},"line":21},"5":{"name":"(anonymous_5)","decl":{"start":{"line":25,"column":30},"end":{"line":25,"column":31}},"loc":{"start":{"line":25,"column":41},"end":{"line":28,"column":1}},"line":25},"6":{"name":"(anonymous_6)","decl":{"start":{"line":30,"column":27},"end":{"line":30,"column":28}},"loc":{"start":{"line":30,"column":34},"end":{"line":32,"column":1}},"line":30},"7":{"name":"(anonymous_7)","decl":{"start":{"line":34,"column":28},"end":{"line":34,"column":29}},"loc":{"start":{"line":34,"column":35},"end":{"line":36,"column":1}},"line":34},"8":{"name":"(anonymous_8)","decl":{"start":{"line":38,"column":28},"end":{"line":38,"column":29}},"loc":{"start":{"line":38,"column":61},"end":{"line":44,"column":1}},"line":38},"9":{"name":"(anonymous_9)","decl":{"start":{"line":46,"column":28},"end":{"line":46,"column":29}},"loc":{"start":{"line":46,"column":41},"end":{"line":49,"column":1}},"line":46},"10":{"name":"(anonymous_10)","decl":{"start":{"line":51,"column":30},"end":{"line":51,"column":31}},"loc":{"start":{"line":51,"column":56},"end":{"line":55,"column":1}},"line":51},"11":{"name":"(anonymous_11)","decl":{"start":{"line":57,"column":23},"end":{"line":57,"column":24}},"loc":{"start":{"line":57,"column":56},"end":{"line":62,"column":1}},"line":57},"12":{"name":"(anonymous_12)","decl":{"start":{"line":64,"column":26},"end":{"line":64,"column":27}},"loc":{"start":{"line":64,"column":46},"end":{"line":68,"column":1}},"line":64}},"branchMap":{},"s":{"0":1,"1":17,"2":1,"3":13,"4":1,"5":1,"6":1,"7":57,"8":1,"9":14,"10":1,"11":3,"12":1,"13":1,"14":1,"15":1,"16":1,"17":3,"18":1,"19":1,"20":1,"21":5,"22":1,"23":1,"24":1,"25":2},"f":{"0":17,"1":13,"2":1,"3":57,"4":14,"5":3,"6":1,"7":1,"8":3,"9":1,"10":5,"11":1,"12":2},"b":{},"_coverageSchema":"1a1c01bbd47fc00a2c39e90264f33305004495a9","hash":"55678398ab8c13698e12c186465e9eb08801146c"}
,"C:\\Users\\zhouy16\\Desktop\\New folder\\COMP 531\\hw6-frontend-sleepyzzzzzz\\src\\index.js": {"path":"C:\\Users\\zhouy16\\Desktop\\New folder\\COMP 531\\hw6-frontend-sleepyzzzzzz\\src\\index.js","statementMap":{"0":{"start":{"line":12,"column":14},"end":{"line":12,"column":35}},"1":{"start":{"line":14,"column":0},"end":{"line":21,"column":2}},"2":{"start":{"line":26,"column":0},"end":{"line":26,"column":27}}},"fnMap":{},"branchMap":{},"s":{"0":0,"1":0,"2":0},"f":{},"b":{}}
,"C:\\Users\\zhouy16\\Desktop\\New folder\\COMP 531\\hw6-frontend-sleepyzzzzzz\\src\\reducer.js": {"path":"C:\\Users\\zhouy16\\Desktop\\New folder\\COMP 531\\hw6-frontend-sleepyzzzzzz\\src\\reducer.js","statementMap":{"0":{"start":{"line":7,"column":19},"end":{"line":9,"column":108}},"1":{"start":{"line":10,"column":24},"end":{"line":12,"column":108}},"2":{"start":{"line":14,"column":21},"end":{"line":33,"column":1}},"3":{"start":{"line":36,"column":21},"end":{"line":36,"column":26}},"4":{"start":{"line":37,"column":24},"end":{"line":37,"column":35}},"5":{"start":{"line":38,"column":27},"end":{"line":38,"column":89}},"6":{"start":{"line":39,"column":23},"end":{"line":39,"column":42}},"7":{"start":{"line":40,"column":19},"end":{"line":40,"column":38}},"8":{"start":{"line":41,"column":4},"end":{"line":460,"column":5}},"9":{"start":{"line":43,"column":29},"end":{"line":43,"column":52}},"10":{"start":{"line":60,"column":27},"end":{"line":60,"column":56}},"11":{"start":{"line":61,"column":12},"end":{"line":83,"column":13}},"12":{"start":{"line":62,"column":36},"end":{"line":62,"column":75}},"13":{"start":{"line":63,"column":32},"end":{"line":63,"column":48}},"14":{"start":{"line":64,"column":34},"end":{"line":64,"column":36}},"15":{"start":{"line":65,"column":16},"end":{"line":67,"column":17}},"16":{"start":{"line":66,"column":20},"end":{"line":66,"column":77}},"17":{"start":{"line":68,"column":26},"end":{"line":68,"column":60}},"18":{"start":{"line":69,"column":34},"end":{"line":69,"column":92}},"19":{"start":{"line":70,"column":16},"end":{"line":82,"column":18}},"20":{"start":{"line":84,"column":12},"end":{"line":88,"column":13}},"21":{"start":{"line":85,"column":16},"end":{"line":87,"column":17}},"22":{"start":{"line":86,"column":20},"end":{"line":86,"column":92}},"23":{"start":{"line":89,"column":12},"end":{"line":92,"column":14}},"24":{"start":{"line":94,"column":29},"end":{"line":94,"column":65}},"25":{"start":{"line":95,"column":12},"end":{"line":97,"column":13}},"26":{"start":{"line":95,"column":25},"end":{"line":95,"column":26}},"27":{"start":{"line":96,"column":16},"end":{"line":96,"column":55}},"28":{"start":{"line":101,"column":34},"end":{"line":101,"column":50}},"29":{"start":{"line":102,"column":12},"end":{"line":113,"column":13}},"30":{"start":{"line":103,"column":39},"end":{"line":103,"column":98}},"31":{"start":{"line":104,"column":32},"end":{"line":104,"column":79}},"32":{"start":{"line":105,"column":16},"end":{"line":112,"column":18}},"33":{"start":{"line":114,"column":12},"end":{"line":118,"column":14}},"34":{"start":{"line":120,"column":12},"end":{"line":123,"column":13}},"35":{"start":{"line":125,"column":22},"end":{"line":125,"column":34}},"36":{"start":{"line":126,"column":24},"end":{"line":126,"column":36}},"37":{"start":{"line":127,"column":12},"end":{"line":181,"column":13}},"38":{"start":{"line":129,"column":20},"end":{"line":133,"column":22}},"39":{"start":{"line":135,"column":20},"end":{"line":139,"column":22}},"40":{"start":{"line":141,"column":20},"end":{"line":145,"column":22}},"41":{"start":{"line":147,"column":20},"end":{"line":151,"column":22}},"42":{"start":{"line":153,"column":20},"end":{"line":157,"column":22}},"43":{"start":{"line":159,"column":20},"end":{"line":163,"column":22}},"44":{"start":{"line":165,"column":20},"end":{"line":169,"column":22}},"45":{"start":{"line":171,"column":20},"end":{"line":175,"column":21}},"46":{"start":{"line":177,"column":20},"end":{"line":180,"column":22}},"47":{"start":{"line":183,"column":12},"end":{"line":183,"column":74}},"48":{"start":{"line":184,"column":12},"end":{"line":189,"column":13}},"49":{"start":{"line":185,"column":16},"end":{"line":188,"column":17}},"50":{"start":{"line":190,"column":33},"end":{"line":190,"column":50}},"51":{"start":{"line":191,"column":33},"end":{"line":191,"column":79}},"52":{"start":{"line":192,"column":33},"end":{"line":192,"column":50}},"53":{"start":{"line":193,"column":31},"end":{"line":193,"column":78}},"54":{"start":{"line":194,"column":12},"end":{"line":194,"column":58}},"55":{"start":{"line":195,"column":23},"end":{"line":195,"column":25}},"56":{"start":{"line":196,"column":12},"end":{"line":198,"column":13}},"57":{"start":{"line":197,"column":16},"end":{"line":197,"column":66}},"58":{"start":{"line":199,"column":22},"end":{"line":199,"column":55}},"59":{"start":{"line":200,"column":28},"end":{"line":200,"column":90}},"60":{"start":{"line":201,"column":12},"end":{"line":216,"column":14}},"61":{"start":{"line":218,"column":12},"end":{"line":218,"column":72}},"62":{"start":{"line":219,"column":12},"end":{"line":224,"column":13}},"63":{"start":{"line":220,"column":16},"end":{"line":223,"column":18}},"64":{"start":{"line":225,"column":24},"end":{"line":225,"column":91}},"65":{"start":{"line":226,"column":28},"end":{"line":226,"column":39}},"66":{"start":{"line":227,"column":27},"end":{"line":238,"column":13}},"67":{"start":{"line":239,"column":12},"end":{"line":239,"column":46}},"68":{"start":{"line":240,"column":12},"end":{"line":240,"column":37}},"69":{"start":{"line":242,"column":12},"end":{"line":247,"column":14}},"70":{"start":{"line":249,"column":12},"end":{"line":260,"column":14}},"71":{"start":{"line":262,"column":12},"end":{"line":262,"column":38}},"72":{"start":{"line":263,"column":12},"end":{"line":281,"column":13}},"73":{"start":{"line":283,"column":28},"end":{"line":283,"column":76}},"74":{"start":{"line":284,"column":28},"end":{"line":284,"column":76}},"75":{"start":{"line":285,"column":30},"end":{"line":285,"column":84}},"76":{"start":{"line":286,"column":26},"end":{"line":286,"column":68}},"77":{"start":{"line":287,"column":31},"end":{"line":298,"column":13}},"78":{"start":{"line":299,"column":12},"end":{"line":299,"column":51}},"79":{"start":{"line":300,"column":12},"end":{"line":308,"column":14}},"80":{"start":{"line":310,"column":38},"end":{"line":313,"column":13}},"81":{"start":{"line":314,"column":12},"end":{"line":314,"column":58}},"82":{"start":{"line":316,"column":12},"end":{"line":329,"column":13}},"83":{"start":{"line":317,"column":35},"end":{"line":317,"column":77}},"84":{"start":{"line":318,"column":27},"end":{"line":318,"column":62}},"85":{"start":{"line":319,"column":26},"end":{"line":319,"column":28}},"86":{"start":{"line":320,"column":16},"end":{"line":320,"column":42}},"87":{"start":{"line":321,"column":26},"end":{"line":321,"column":57}},"88":{"start":{"line":322,"column":16},"end":{"line":327,"column":17}},"89":{"start":{"line":323,"column":20},"end":{"line":323,"column":44}},"90":{"start":{"line":326,"column":20},"end":{"line":326,"column":43}},"91":{"start":{"line":328,"column":16},"end":{"line":328,"column":77}},"92":{"start":{"line":331,"column":12},"end":{"line":335,"column":13}},"93":{"start":{"line":337,"column":41},"end":{"line":337,"column":55}},"94":{"start":{"line":338,"column":24},"end":{"line":338,"column":35}},"95":{"start":{"line":339,"column":39},"end":{"line":339,"column":89}},"96":{"start":{"line":340,"column":12},"end":{"line":399,"column":13}},"97":{"start":{"line":342,"column":32},"end":{"line":342,"column":85}},"98":{"start":{"line":343,"column":20},"end":{"line":360,"column":21}},"99":{"start":{"line":344,"column":24},"end":{"line":347,"column":25}},"100":{"start":{"line":349,"column":25},"end":{"line":360,"column":21}},"101":{"start":{"line":350,"column":24},"end":{"line":353,"column":25}},"102":{"start":{"line":355,"column":25},"end":{"line":360,"column":21}},"103":{"start":{"line":356,"column":24},"end":{"line":359,"column":25}},"104":{"start":{"line":361,"column":20},"end":{"line":361,"column":89}},"105":{"start":{"line":362,"column":20},"end":{"line":362,"column":67}},"106":{"start":{"line":363,"column":20},"end":{"line":363,"column":71}},"107":{"start":{"line":364,"column":20},"end":{"line":364,"column":47}},"108":{"start":{"line":365,"column":20},"end":{"line":365,"column":67}},"109":{"start":{"line":366,"column":20},"end":{"line":373,"column":21}},"110":{"start":{"line":375,"column":30},"end":{"line":375,"column":32}},"111":{"start":{"line":376,"column":20},"end":{"line":381,"column":21}},"112":{"start":{"line":376,"column":33},"end":{"line":376,"column":34}},"113":{"start":{"line":377,"column":24},"end":{"line":380,"column":25}},"114":{"start":{"line":378,"column":28},"end":{"line":378,"column":36}},"115":{"start":{"line":379,"column":28},"end":{"line":379,"column":34}},"116":{"start":{"line":382,"column":20},"end":{"line":382,"column":58}},"117":{"start":{"line":383,"column":20},"end":{"line":383,"column":67}},"118":{"start":{"line":384,"column":20},"end":{"line":384,"column":67}},"119":{"start":{"line":385,"column":20},"end":{"line":385,"column":76}},"120":{"start":{"line":386,"column":20},"end":{"line":386,"column":47}},"121":{"start":{"line":387,"column":39},"end":{"line":387,"column":41}},"122":{"start":{"line":388,"column":20},"end":{"line":388,"column":80}},"123":{"start":{"line":388,"column":57},"end":{"line":388,"column":78}},"124":{"start":{"line":389,"column":20},"end":{"line":396,"column":21}},"125":{"start":{"line":398,"column":20},"end":{"line":398,"column":40}},"126":{"start":{"line":401,"column":32},"end":{"line":401,"column":47}},"127":{"start":{"line":402,"column":37},"end":{"line":402,"column":48}},"128":{"start":{"line":403,"column":30},"end":{"line":403,"column":80}},"129":{"start":{"line":404,"column":37},"end":{"line":404,"column":59}},"130":{"start":{"line":405,"column":26},"end":{"line":405,"column":51}},"131":{"start":{"line":406,"column":28},"end":{"line":406,"column":72}},"132":{"start":{"line":407,"column":32},"end":{"line":415,"column":13}},"133":{"start":{"line":416,"column":12},"end":{"line":416,"column":49}},"134":{"start":{"line":417,"column":12},"end":{"line":417,"column":54}},"135":{"start":{"line":418,"column":12},"end":{"line":423,"column":14}},"136":{"start":{"line":425,"column":38},"end":{"line":425,"column":49}},"137":{"start":{"line":426,"column":27},"end":{"line":426,"column":29}},"138":{"start":{"line":427,"column":12},"end":{"line":457,"column":13}},"139":{"start":{"line":429,"column":20},"end":{"line":433,"column":21}},"140":{"start":{"line":429,"column":33},"end":{"line":429,"column":34}},"141":{"start":{"line":430,"column":24},"end":{"line":432,"column":25}},"142":{"start":{"line":431,"column":28},"end":{"line":431,"column":66}},"143":{"start":{"line":434,"column":20},"end":{"line":437,"column":21}},"144":{"start":{"line":439,"column":20},"end":{"line":447,"column":21}},"145":{"start":{"line":439,"column":33},"end":{"line":439,"column":34}},"146":{"start":{"line":440,"column":34},"end":{"line":440,"column":72}},"147":{"start":{"line":441,"column":24},"end":{"line":446,"column":25}},"148":{"start":{"line":441,"column":37},"end":{"line":441,"column":38}},"149":{"start":{"line":442,"column":28},"end":{"line":445,"column":29}},"150":{"start":{"line":443,"column":32},"end":{"line":443,"column":70}},"151":{"start":{"line":444,"column":32},"end":{"line":444,"column":38}},"152":{"start":{"line":448,"column":20},"end":{"line":451,"column":21}},"153":{"start":{"line":453,"column":20},"end":{"line":456,"column":22}},"154":{"start":{"line":459,"column":12},"end":{"line":459,"column":32}},"155":{"start":{"line":464,"column":14},"end":{"line":464,"column":16}},"156":{"start":{"line":465,"column":4},"end":{"line":473,"column":5}},"157":{"start":{"line":466,"column":8},"end":{"line":471,"column":9}},"158":{"start":{"line":466,"column":21},"end":{"line":466,"column":22}},"159":{"start":{"line":467,"column":12},"end":{"line":470,"column":13}},"160":{"start":{"line":468,"column":16},"end":{"line":468,"column":23}},"161":{"start":{"line":469,"column":16},"end":{"line":469,"column":27}},"162":{"start":{"line":472,"column":8},"end":{"line":472,"column":19}},"163":{"start":{"line":474,"column":4},"end":{"line":474,"column":15}},"164":{"start":{"line":478,"column":21},"end":{"line":478,"column":23}},"165":{"start":{"line":479,"column":4},"end":{"line":496,"column":5}},"166":{"start":{"line":479,"column":17},"end":{"line":479,"column":18}},"167":{"start":{"line":480,"column":19},"end":{"line":480,"column":26}},"168":{"start":{"line":481,"column":20},"end":{"line":481,"column":87}},"169":{"start":{"line":482,"column":23},"end":{"line":494,"column":9}},"170":{"start":{"line":495,"column":8},"end":{"line":495,"column":34}},"171":{"start":{"line":497,"column":4},"end":{"line":507,"column":5}},"172":{"start":{"line":497,"column":17},"end":{"line":497,"column":18}},"173":{"start":{"line":498,"column":23},"end":{"line":498,"column":25}},"174":{"start":{"line":499,"column":8},"end":{"line":505,"column":9}},"175":{"start":{"line":499,"column":21},"end":{"line":499,"column":22}},"176":{"start":{"line":500,"column":22},"end":{"line":500,"column":27}},"177":{"start":{"line":501,"column":12},"end":{"line":503,"column":13}},"178":{"start":{"line":502,"column":16},"end":{"line":502,"column":41}},"179":{"start":{"line":504,"column":12},"end":{"line":504,"column":59}},"180":{"start":{"line":506,"column":8},"end":{"line":506,"column":42}},"181":{"start":{"line":508,"column":4},"end":{"line":508,"column":22}},"182":{"start":{"line":512,"column":21},"end":{"line":512,"column":23}},"183":{"start":{"line":513,"column":4},"end":{"line":539,"column":7}},"184":{"start":{"line":514,"column":23},"end":{"line":514,"column":25}},"185":{"start":{"line":515,"column":21},"end":{"line":515,"column":23}},"186":{"start":{"line":516,"column":8},"end":{"line":522,"column":9}},"187":{"start":{"line":516,"column":21},"end":{"line":516,"column":22}},"188":{"start":{"line":517,"column":12},"end":{"line":521,"column":13}},"189":{"start":{"line":518,"column":16},"end":{"line":518,"column":48}},"190":{"start":{"line":519,"column":16},"end":{"line":519,"column":41}},"191":{"start":{"line":520,"column":16},"end":{"line":520,"column":22}},"192":{"start":{"line":523,"column":19},"end":{"line":523,"column":77}},"193":{"start":{"line":524,"column":20},"end":{"line":524,"column":97}},"194":{"start":{"line":525,"column":23},"end":{"line":533,"column":9}},"195":{"start":{"line":536,"column":8},"end":{"line":536,"column":53}},"196":{"start":{"line":538,"column":8},"end":{"line":538,"column":34}},"197":{"start":{"line":540,"column":4},"end":{"line":540,"column":22}},"198":{"start":{"line":544,"column":4},"end":{"line":546,"column":5}},"199":{"start":{"line":544,"column":17},"end":{"line":544,"column":18}},"200":{"start":{"line":545,"column":8},"end":{"line":545,"column":57}},"201":{"start":{"line":550,"column":21},"end":{"line":550,"column":23}},"202":{"start":{"line":551,"column":14},"end":{"line":551,"column":15}},"203":{"start":{"line":552,"column":4},"end":{"line":558,"column":5}},"204":{"start":{"line":552,"column":17},"end":{"line":552,"column":18}},"205":{"start":{"line":553,"column":8},"end":{"line":557,"column":9}},"206":{"start":{"line":554,"column":12},"end":{"line":554,"column":33}},"207":{"start":{"line":555,"column":12},"end":{"line":555,"column":38}},"208":{"start":{"line":556,"column":12},"end":{"line":556,"column":21}},"209":{"start":{"line":559,"column":4},"end":{"line":559,"column":33}},"210":{"start":{"line":563,"column":29},"end":{"line":563,"column":64}},"211":{"start":{"line":564,"column":25},"end":{"line":564,"column":46}},"212":{"start":{"line":565,"column":19},"end":{"line":565,"column":32}},"213":{"start":{"line":566,"column":14},"end":{"line":566,"column":29}},"214":{"start":{"line":567,"column":22},"end":{"line":573,"column":5}},"215":{"start":{"line":574,"column":4},"end":{"line":574,"column":34}},"216":{"start":{"line":575,"column":4},"end":{"line":575,"column":32}},"217":{"start":{"line":576,"column":4},"end":{"line":576,"column":29}},"218":{"start":{"line":580,"column":21},"end":{"line":580,"column":23}},"219":{"start":{"line":581,"column":19},"end":{"line":581,"column":21}},"220":{"start":{"line":582,"column":4},"end":{"line":582,"column":106}},"221":{"start":{"line":582,"column":26},"end":{"line":582,"column":104}},"222":{"start":{"line":583,"column":4},"end":{"line":593,"column":5}},"223":{"start":{"line":583,"column":17},"end":{"line":583,"column":18}},"224":{"start":{"line":584,"column":18},"end":{"line":584,"column":73}},"225":{"start":{"line":585,"column":8},"end":{"line":587,"column":9}},"226":{"start":{"line":586,"column":12},"end":{"line":586,"column":74}},"227":{"start":{"line":588,"column":8},"end":{"line":588,"column":23}},"228":{"start":{"line":589,"column":24},"end":{"line":589,"column":39}},"229":{"start":{"line":590,"column":19},"end":{"line":590,"column":77}},"230":{"start":{"line":591,"column":22},"end":{"line":591,"column":41}},"231":{"start":{"line":592,"column":8},"end":{"line":592,"column":59}},"232":{"start":{"line":597,"column":4},"end":{"line":599,"column":5}},"233":{"start":{"line":598,"column":8},"end":{"line":598,"column":21}},"234":{"start":{"line":600,"column":19},"end":{"line":600,"column":24}},"235":{"start":{"line":601,"column":4},"end":{"line":606,"column":5}},"236":{"start":{"line":601,"column":17},"end":{"line":601,"column":18}},"237":{"start":{"line":602,"column":8},"end":{"line":605,"column":9}},"238":{"start":{"line":603,"column":12},"end":{"line":603,"column":28}},"239":{"start":{"line":604,"column":12},"end":{"line":604,"column":28}},"240":{"start":{"line":607,"column":4},"end":{"line":607,"column":20}},"241":{"start":{"line":611,"column":19},"end":{"line":611,"column":24}},"242":{"start":{"line":612,"column":4},"end":{"line":617,"column":7}},"243":{"start":{"line":613,"column":8},"end":{"line":616,"column":9}},"244":{"start":{"line":614,"column":12},"end":{"line":614,"column":28}},"245":{"start":{"line":615,"column":12},"end":{"line":615,"column":28}},"246":{"start":{"line":618,"column":4},"end":{"line":618,"column":20}},"247":{"start":{"line":622,"column":23},"end":{"line":622,"column":25}},"248":{"start":{"line":623,"column":14},"end":{"line":623,"column":16}},"249":{"start":{"line":624,"column":4},"end":{"line":638,"column":5}},"250":{"start":{"line":624,"column":17},"end":{"line":624,"column":18}},"251":{"start":{"line":625,"column":8},"end":{"line":637,"column":9}},"252":{"start":{"line":626,"column":12},"end":{"line":626,"column":60}},"253":{"start":{"line":627,"column":12},"end":{"line":627,"column":48}},"254":{"start":{"line":628,"column":12},"end":{"line":628,"column":48}},"255":{"start":{"line":629,"column":12},"end":{"line":629,"column":52}},"256":{"start":{"line":630,"column":12},"end":{"line":630,"column":44}},"257":{"start":{"line":631,"column":12},"end":{"line":631,"column":50}},"258":{"start":{"line":632,"column":12},"end":{"line":632,"column":52}},"259":{"start":{"line":633,"column":12},"end":{"line":633,"column":54}},"260":{"start":{"line":634,"column":12},"end":{"line":634,"column":58}},"261":{"start":{"line":635,"column":12},"end":{"line":635,"column":20}},"262":{"start":{"line":636,"column":12},"end":{"line":636,"column":18}},"263":{"start":{"line":639,"column":4},"end":{"line":639,"column":31}},"264":{"start":{"line":643,"column":16},"end":{"line":643,"column":21}},"265":{"start":{"line":644,"column":4},"end":{"line":650,"column":6}},"266":{"start":{"line":645,"column":21},"end":{"line":645,"column":41}},"267":{"start":{"line":646,"column":8},"end":{"line":649,"column":9}},"268":{"start":{"line":647,"column":12},"end":{"line":647,"column":25}},"269":{"start":{"line":648,"column":12},"end":{"line":648,"column":25}},"270":{"start":{"line":651,"column":4},"end":{"line":651,"column":17}},"271":{"start":{"line":655,"column":25},"end":{"line":655,"column":38}},"272":{"start":{"line":656,"column":25},"end":{"line":656,"column":27}},"273":{"start":{"line":657,"column":4},"end":{"line":661,"column":5}},"274":{"start":{"line":658,"column":8},"end":{"line":660,"column":11}},"275":{"start":{"line":659,"column":12},"end":{"line":659,"column":66}},"276":{"start":{"line":662,"column":22},"end":{"line":662,"column":38}},"277":{"start":{"line":663,"column":21},"end":{"line":663,"column":23}},"278":{"start":{"line":664,"column":14},"end":{"line":664,"column":15}},"279":{"start":{"line":665,"column":4},"end":{"line":671,"column":7}},"280":{"start":{"line":666,"column":8},"end":{"line":670,"column":9}},"281":{"start":{"line":667,"column":12},"end":{"line":667,"column":29}},"282":{"start":{"line":668,"column":12},"end":{"line":668,"column":34}},"283":{"start":{"line":669,"column":12},"end":{"line":669,"column":21}},"284":{"start":{"line":672,"column":4},"end":{"line":672,"column":34}},"285":{"start":{"line":673,"column":4},"end":{"line":673,"column":22}},"286":{"start":{"line":677,"column":35},"end":{"line":677,"column":59}},"287":{"start":{"line":678,"column":4},"end":{"line":696,"column":5}},"288":{"start":{"line":679,"column":18},"end":{"line":679,"column":30}},"289":{"start":{"line":680,"column":8},"end":{"line":684,"column":9}},"290":{"start":{"line":680,"column":21},"end":{"line":680,"column":22}},"291":{"start":{"line":681,"column":12},"end":{"line":681,"column":49}},"292":{"start":{"line":682,"column":12},"end":{"line":682,"column":52}},"293":{"start":{"line":683,"column":12},"end":{"line":683,"column":21}},"294":{"start":{"line":687,"column":8},"end":{"line":692,"column":9}},"295":{"start":{"line":687,"column":21},"end":{"line":687,"column":22}},"296":{"start":{"line":688,"column":12},"end":{"line":691,"column":13}},"297":{"start":{"line":689,"column":16},"end":{"line":689,"column":35}},"298":{"start":{"line":690,"column":16},"end":{"line":690,"column":23}},"299":{"start":{"line":693,"column":8},"end":{"line":695,"column":9}},"300":{"start":{"line":693,"column":21},"end":{"line":693,"column":22}},"301":{"start":{"line":694,"column":12},"end":{"line":694,"column":28}},"302":{"start":{"line":697,"column":4},"end":{"line":697,"column":29}},"303":{"start":{"line":701,"column":15},"end":{"line":701,"column":40}},"304":{"start":{"line":702,"column":16},"end":{"line":702,"column":36}},"305":{"start":{"line":703,"column":15},"end":{"line":703,"column":44}},"306":{"start":{"line":704,"column":20},"end":{"line":704,"column":58}},"307":{"start":{"line":705,"column":4},"end":{"line":705,"column":21}},"308":{"start":{"line":709,"column":4},"end":{"line":709,"column":77}}},"fnMap":{"0":{"name":"frontend","decl":{"start":{"line":35,"column":16},"end":{"line":35,"column":24}},"loc":{"start":{"line":35,"column":55},"end":{"line":461,"column":1}},"line":35},"1":{"name":"(anonymous_1)","decl":{"start":{"line":388,"column":51},"end":{"line":388,"column":52}},"loc":{"start":{"line":388,"column":57},"end":{"line":388,"column":78}},"line":388},"2":{"name":"find_status","decl":{"start":{"line":463,"column":9},"end":{"line":463,"column":20}},"loc":{"start":{"line":463,"column":42},"end":{"line":475,"column":1}},"line":463},"3":{"name":"load_user","decl":{"start":{"line":477,"column":9},"end":{"line":477,"column":18}},"loc":{"start":{"line":477,"column":25},"end":{"line":509,"column":1}},"line":477},"4":{"name":"load_post","decl":{"start":{"line":511,"column":9},"end":{"line":511,"column":18}},"loc":{"start":{"line":511,"column":32},"end":{"line":541,"column":1}},"line":511},"5":{"name":"(anonymous_5)","decl":{"start":{"line":513,"column":17},"end":{"line":513,"column":18}},"loc":{"start":{"line":513,"column":33},"end":{"line":539,"column":5}},"line":513},"6":{"name":"add_follow","decl":{"start":{"line":543,"column":9},"end":{"line":543,"column":19}},"loc":{"start":{"line":543,"column":37},"end":{"line":547,"column":1}},"line":543},"7":{"name":"add_post","decl":{"start":{"line":549,"column":9},"end":{"line":549,"column":17}},"loc":{"start":{"line":549,"column":31},"end":{"line":560,"column":1}},"line":549},"8":{"name":"add_comment","decl":{"start":{"line":562,"column":9},"end":{"line":562,"column":20}},"loc":{"start":{"line":562,"column":60},"end":{"line":577,"column":1}},"line":562},"9":{"name":"generate_comments","decl":{"start":{"line":579,"column":9},"end":{"line":579,"column":26}},"loc":{"start":{"line":579,"column":50},"end":{"line":594,"column":1}},"line":579},"10":{"name":"(anonymous_10)","decl":{"start":{"line":582,"column":18},"end":{"line":582,"column":19}},"loc":{"start":{"line":582,"column":26},"end":{"line":582,"column":104}},"line":582},"11":{"name":"login","decl":{"start":{"line":596,"column":9},"end":{"line":596,"column":14}},"loc":{"start":{"line":596,"column":40},"end":{"line":608,"column":1}},"line":596},"12":{"name":"check_register","decl":{"start":{"line":610,"column":9},"end":{"line":610,"column":23}},"loc":{"start":{"line":610,"column":44},"end":{"line":619,"column":1}},"line":610},"13":{"name":"(anonymous_13)","decl":{"start":{"line":612,"column":18},"end":{"line":612,"column":19}},"loc":{"start":{"line":612,"column":34},"end":{"line":617,"column":5}},"line":612},"14":{"name":"load_current_info","decl":{"start":{"line":621,"column":9},"end":{"line":621,"column":26}},"loc":{"start":{"line":621,"column":44},"end":{"line":640,"column":1}},"line":621},"15":{"name":"find_follow_exist","decl":{"start":{"line":642,"column":9},"end":{"line":642,"column":26}},"loc":{"start":{"line":642,"column":51},"end":{"line":652,"column":1}},"line":642},"16":{"name":"(anonymous_16)","decl":{"start":{"line":644,"column":22},"end":{"line":644,"column":23}},"loc":{"start":{"line":644,"column":42},"end":{"line":650,"column":5}},"line":644},"17":{"name":"find_user_post","decl":{"start":{"line":654,"column":9},"end":{"line":654,"column":23}},"loc":{"start":{"line":654,"column":37},"end":{"line":674,"column":1}},"line":654},"18":{"name":"(anonymous_18)","decl":{"start":{"line":658,"column":31},"end":{"line":658,"column":32}},"loc":{"start":{"line":658,"column":43},"end":{"line":660,"column":9}},"line":658},"19":{"name":"(anonymous_19)","decl":{"start":{"line":665,"column":18},"end":{"line":665,"column":19}},"loc":{"start":{"line":665,"column":34},"end":{"line":671,"column":5}},"line":665},"20":{"name":"updateposts","decl":{"start":{"line":676,"column":9},"end":{"line":676,"column":20}},"loc":{"start":{"line":676,"column":51},"end":{"line":698,"column":1}},"line":676},"21":{"name":"random_timestamp","decl":{"start":{"line":700,"column":9},"end":{"line":700,"column":25}},"loc":{"start":{"line":700,"column":32},"end":{"line":706,"column":1}},"line":700},"22":{"name":"compare_feed","decl":{"start":{"line":708,"column":9},"end":{"line":708,"column":21}},"loc":{"start":{"line":708,"column":28},"end":{"line":710,"column":1}},"line":708}},"branchMap":{"0":{"loc":{"start":{"line":35,"column":25},"end":{"line":35,"column":45}},"type":"default-arg","locations":[{"start":{"line":35,"column":33},"end":{"line":35,"column":45}}],"line":35},"1":{"loc":{"start":{"line":41,"column":4},"end":{"line":460,"column":5}},"type":"switch","locations":[{"start":{"line":42,"column":8},"end":{"line":92,"column":14}},{"start":{"line":93,"column":8},"end":{"line":118,"column":14}},{"start":{"line":119,"column":8},"end":{"line":123,"column":13}},{"start":{"line":124,"column":8},"end":{"line":181,"column":13}},{"start":{"line":182,"column":8},"end":{"line":216,"column":14}},{"start":{"line":217,"column":8},"end":{"line":247,"column":14}},{"start":{"line":248,"column":8},"end":{"line":260,"column":14}},{"start":{"line":261,"column":8},"end":{"line":281,"column":13}},{"start":{"line":282,"column":8},"end":{"line":308,"column":14}},{"start":{"line":309,"column":8},"end":{"line":335,"column":13}},{"start":{"line":336,"column":8},"end":{"line":399,"column":13}},{"start":{"line":400,"column":8},"end":{"line":423,"column":14}},{"start":{"line":424,"column":8},"end":{"line":457,"column":13}},{"start":{"line":458,"column":8},"end":{"line":459,"column":32}}],"line":41},"2":{"loc":{"start":{"line":61,"column":12},"end":{"line":83,"column":13}},"type":"if","locations":[{"start":{"line":61,"column":12},"end":{"line":83,"column":13}},{"start":{"line":61,"column":12},"end":{"line":83,"column":13}}],"line":61},"3":{"loc":{"start":{"line":65,"column":16},"end":{"line":67,"column":17}},"type":"if","locations":[{"start":{"line":65,"column":16},"end":{"line":67,"column":17}},{"start":{"line":65,"column":16},"end":{"line":67,"column":17}}],"line":65},"4":{"loc":{"start":{"line":69,"column":34},"end":{"line":69,"column":92}},"type":"cond-expr","locations":[{"start":{"line":69,"column":47},"end":{"line":69,"column":73}},{"start":{"line":69,"column":76},"end":{"line":69,"column":92}}],"line":69},"5":{"loc":{"start":{"line":84,"column":12},"end":{"line":88,"column":13}},"type":"if","locations":[{"start":{"line":84,"column":12},"end":{"line":88,"column":13}},{"start":{"line":84,"column":12},"end":{"line":88,"column":13}}],"line":84},"6":{"loc":{"start":{"line":85,"column":16},"end":{"line":87,"column":17}},"type":"if","locations":[{"start":{"line":85,"column":16},"end":{"line":87,"column":17}},{"start":{"line":85,"column":16},"end":{"line":87,"column":17}}],"line":85},"7":{"loc":{"start":{"line":102,"column":12},"end":{"line":113,"column":13}},"type":"if","locations":[{"start":{"line":102,"column":12},"end":{"line":113,"column":13}},{"start":{"line":102,"column":12},"end":{"line":113,"column":13}}],"line":102},"8":{"loc":{"start":{"line":127,"column":12},"end":{"line":181,"column":13}},"type":"switch","locations":[{"start":{"line":128,"column":16},"end":{"line":133,"column":22}},{"start":{"line":134,"column":16},"end":{"line":139,"column":22}},{"start":{"line":140,"column":16},"end":{"line":145,"column":22}},{"start":{"line":146,"column":16},"end":{"line":151,"column":22}},{"start":{"line":152,"column":16},"end":{"line":157,"column":22}},{"start":{"line":158,"column":16},"end":{"line":163,"column":22}},{"start":{"line":164,"column":16},"end":{"line":169,"column":22}},{"start":{"line":170,"column":16},"end":{"line":175,"column":21}},{"start":{"line":176,"column":16},"end":{"line":180,"column":22}}],"line":127},"9":{"loc":{"start":{"line":184,"column":12},"end":{"line":189,"column":13}},"type":"if","locations":[{"start":{"line":184,"column":12},"end":{"line":189,"column":13}},{"start":{"line":184,"column":12},"end":{"line":189,"column":13}}],"line":184},"10":{"loc":{"start":{"line":196,"column":12},"end":{"line":198,"column":13}},"type":"if","locations":[{"start":{"line":196,"column":12},"end":{"line":198,"column":13}},{"start":{"line":196,"column":12},"end":{"line":198,"column":13}}],"line":196},"11":{"loc":{"start":{"line":200,"column":28},"end":{"line":200,"column":90}},"type":"cond-expr","locations":[{"start":{"line":200,"column":41},"end":{"line":200,"column":66}},{"start":{"line":200,"column":69},"end":{"line":200,"column":90}}],"line":200},"12":{"loc":{"start":{"line":219,"column":12},"end":{"line":224,"column":13}},"type":"if","locations":[{"start":{"line":219,"column":12},"end":{"line":224,"column":13}},{"start":{"line":219,"column":12},"end":{"line":224,"column":13}}],"line":219},"13":{"loc":{"start":{"line":283,"column":28},"end":{"line":283,"column":76}},"type":"cond-expr","locations":[{"start":{"line":283,"column":50},"end":{"line":283,"column":61}},{"start":{"line":283,"column":64},"end":{"line":283,"column":76}}],"line":283},"14":{"loc":{"start":{"line":284,"column":28},"end":{"line":284,"column":76}},"type":"cond-expr","locations":[{"start":{"line":284,"column":50},"end":{"line":284,"column":61}},{"start":{"line":284,"column":64},"end":{"line":284,"column":76}}],"line":284},"15":{"loc":{"start":{"line":285,"column":30},"end":{"line":285,"column":84}},"type":"cond-expr","locations":[{"start":{"line":285,"column":54},"end":{"line":285,"column":67}},{"start":{"line":285,"column":70},"end":{"line":285,"column":84}}],"line":285},"16":{"loc":{"start":{"line":286,"column":26},"end":{"line":286,"column":68}},"type":"cond-expr","locations":[{"start":{"line":286,"column":46},"end":{"line":286,"column":55}},{"start":{"line":286,"column":58},"end":{"line":286,"column":68}}],"line":286},"17":{"loc":{"start":{"line":290,"column":29},"end":{"line":290,"column":107}},"type":"cond-expr","locations":[{"start":{"line":290,"column":67},"end":{"line":290,"column":102}},{"start":{"line":290,"column":105},"end":{"line":290,"column":107}}],"line":290},"18":{"loc":{"start":{"line":316,"column":12},"end":{"line":329,"column":13}},"type":"if","locations":[{"start":{"line":316,"column":12},"end":{"line":329,"column":13}},{"start":{"line":316,"column":12},"end":{"line":329,"column":13}}],"line":316},"19":{"loc":{"start":{"line":322,"column":16},"end":{"line":327,"column":17}},"type":"if","locations":[{"start":{"line":322,"column":16},"end":{"line":327,"column":17}},{"start":{"line":322,"column":16},"end":{"line":327,"column":17}}],"line":322},"20":{"loc":{"start":{"line":340,"column":12},"end":{"line":399,"column":13}},"type":"switch","locations":[{"start":{"line":341,"column":16},"end":{"line":373,"column":21}},{"start":{"line":374,"column":16},"end":{"line":396,"column":21}},{"start":{"line":397,"column":16},"end":{"line":398,"column":40}}],"line":340},"21":{"loc":{"start":{"line":343,"column":20},"end":{"line":360,"column":21}},"type":"if","locations":[{"start":{"line":343,"column":20},"end":{"line":360,"column":21}},{"start":{"line":343,"column":20},"end":{"line":360,"column":21}}],"line":343},"22":{"loc":{"start":{"line":349,"column":25},"end":{"line":360,"column":21}},"type":"if","locations":[{"start":{"line":349,"column":25},"end":{"line":360,"column":21}},{"start":{"line":349,"column":25},"end":{"line":360,"column":21}}],"line":349},"23":{"loc":{"start":{"line":355,"column":25},"end":{"line":360,"column":21}},"type":"if","locations":[{"start":{"line":355,"column":25},"end":{"line":360,"column":21}},{"start":{"line":355,"column":25},"end":{"line":360,"column":21}}],"line":355},"24":{"loc":{"start":{"line":377,"column":24},"end":{"line":380,"column":25}},"type":"if","locations":[{"start":{"line":377,"column":24},"end":{"line":380,"column":25}},{"start":{"line":377,"column":24},"end":{"line":380,"column":25}}],"line":377},"25":{"loc":{"start":{"line":427,"column":12},"end":{"line":457,"column":13}},"type":"switch","locations":[{"start":{"line":428,"column":16},"end":{"line":437,"column":21}},{"start":{"line":438,"column":16},"end":{"line":451,"column":21}},{"start":{"line":452,"column":16},"end":{"line":456,"column":22}}],"line":427},"26":{"loc":{"start":{"line":430,"column":24},"end":{"line":432,"column":25}},"type":"if","locations":[{"start":{"line":430,"column":24},"end":{"line":432,"column":25}},{"start":{"line":430,"column":24},"end":{"line":432,"column":25}}],"line":430},"27":{"loc":{"start":{"line":442,"column":28},"end":{"line":445,"column":29}},"type":"if","locations":[{"start":{"line":442,"column":28},"end":{"line":445,"column":29}},{"start":{"line":442,"column":28},"end":{"line":445,"column":29}}],"line":442},"28":{"loc":{"start":{"line":465,"column":4},"end":{"line":473,"column":5}},"type":"if","locations":[{"start":{"line":465,"column":4},"end":{"line":473,"column":5}},{"start":{"line":465,"column":4},"end":{"line":473,"column":5}}],"line":465},"29":{"loc":{"start":{"line":465,"column":8},"end":{"line":465,"column":44}},"type":"binary-expr","locations":[{"start":{"line":465,"column":8},"end":{"line":465,"column":23}},{"start":{"line":465,"column":27},"end":{"line":465,"column":44}}],"line":465},"30":{"loc":{"start":{"line":467,"column":12},"end":{"line":470,"column":13}},"type":"if","locations":[{"start":{"line":467,"column":12},"end":{"line":470,"column":13}},{"start":{"line":467,"column":12},"end":{"line":470,"column":13}}],"line":467},"31":{"loc":{"start":{"line":501,"column":12},"end":{"line":503,"column":13}},"type":"if","locations":[{"start":{"line":501,"column":12},"end":{"line":503,"column":13}},{"start":{"line":501,"column":12},"end":{"line":503,"column":13}}],"line":501},"32":{"loc":{"start":{"line":517,"column":12},"end":{"line":521,"column":13}},"type":"if","locations":[{"start":{"line":517,"column":12},"end":{"line":521,"column":13}},{"start":{"line":517,"column":12},"end":{"line":521,"column":13}}],"line":517},"33":{"loc":{"start":{"line":553,"column":8},"end":{"line":557,"column":9}},"type":"if","locations":[{"start":{"line":553,"column":8},"end":{"line":557,"column":9}},{"start":{"line":553,"column":8},"end":{"line":557,"column":9}}],"line":553},"34":{"loc":{"start":{"line":582,"column":26},"end":{"line":582,"column":104}},"type":"cond-expr","locations":[{"start":{"line":582,"column":58},"end":{"line":582,"column":91}},{"start":{"line":582,"column":94},"end":{"line":582,"column":104}}],"line":582},"35":{"loc":{"start":{"line":597,"column":4},"end":{"line":599,"column":5}},"type":"if","locations":[{"start":{"line":597,"column":4},"end":{"line":599,"column":5}},{"start":{"line":597,"column":4},"end":{"line":599,"column":5}}],"line":597},"36":{"loc":{"start":{"line":597,"column":8},"end":{"line":597,"column":40}},"type":"binary-expr","locations":[{"start":{"line":597,"column":8},"end":{"line":597,"column":26}},{"start":{"line":597,"column":30},"end":{"line":597,"column":40}}],"line":597},"37":{"loc":{"start":{"line":602,"column":8},"end":{"line":605,"column":9}},"type":"if","locations":[{"start":{"line":602,"column":8},"end":{"line":605,"column":9}},{"start":{"line":602,"column":8},"end":{"line":605,"column":9}}],"line":602},"38":{"loc":{"start":{"line":602,"column":12},"end":{"line":602,"column":72}},"type":"binary-expr","locations":[{"start":{"line":602,"column":12},"end":{"line":602,"column":48}},{"start":{"line":602,"column":52},"end":{"line":602,"column":72}}],"line":602},"39":{"loc":{"start":{"line":613,"column":8},"end":{"line":616,"column":9}},"type":"if","locations":[{"start":{"line":613,"column":8},"end":{"line":616,"column":9}},{"start":{"line":613,"column":8},"end":{"line":616,"column":9}}],"line":613},"40":{"loc":{"start":{"line":625,"column":8},"end":{"line":637,"column":9}},"type":"if","locations":[{"start":{"line":625,"column":8},"end":{"line":637,"column":9}},{"start":{"line":625,"column":8},"end":{"line":637,"column":9}}],"line":625},"41":{"loc":{"start":{"line":646,"column":8},"end":{"line":649,"column":9}},"type":"if","locations":[{"start":{"line":646,"column":8},"end":{"line":649,"column":9}},{"start":{"line":646,"column":8},"end":{"line":649,"column":9}}],"line":646},"42":{"loc":{"start":{"line":657,"column":4},"end":{"line":661,"column":5}},"type":"if","locations":[{"start":{"line":657,"column":4},"end":{"line":661,"column":5}},{"start":{"line":657,"column":4},"end":{"line":661,"column":5}}],"line":657},"43":{"loc":{"start":{"line":666,"column":8},"end":{"line":670,"column":9}},"type":"if","locations":[{"start":{"line":666,"column":8},"end":{"line":670,"column":9}},{"start":{"line":666,"column":8},"end":{"line":670,"column":9}}],"line":666},"44":{"loc":{"start":{"line":666,"column":12},"end":{"line":666,"column":79}},"type":"binary-expr","locations":[{"start":{"line":666,"column":12},"end":{"line":666,"column":48}},{"start":{"line":666,"column":52},"end":{"line":666,"column":79}}],"line":666},"45":{"loc":{"start":{"line":678,"column":4},"end":{"line":696,"column":5}},"type":"if","locations":[{"start":{"line":678,"column":4},"end":{"line":696,"column":5}},{"start":{"line":678,"column":4},"end":{"line":696,"column":5}}],"line":678},"46":{"loc":{"start":{"line":688,"column":12},"end":{"line":691,"column":13}},"type":"if","locations":[{"start":{"line":688,"column":12},"end":{"line":691,"column":13}},{"start":{"line":688,"column":12},"end":{"line":691,"column":13}}],"line":688}},"s":{"0":1,"1":1,"2":1,"3":120,"4":120,"5":120,"6":120,"7":120,"8":120,"9":17,"10":17,"11":17,"12":16,"13":16,"14":16,"15":16,"16":16,"17":16,"18":16,"19":16,"20":1,"21":1,"22":1,"23":1,"24":13,"25":13,"26":13,"27":130,"28":13,"29":13,"30":13,"31":13,"32":13,"33":0,"34":1,"35":57,"36":57,"37":57,"38":18,"39":4,"40":5,"41":4,"42":4,"43":4,"44":17,"45":1,"46":0,"47":14,"48":14,"49":3,"50":11,"51":11,"52":11,"53":11,"54":11,"55":11,"56":11,"57":11,"58":11,"59":11,"60":11,"61":3,"62":3,"63":1,"64":2,"65":2,"66":2,"67":2,"68":2,"69":2,"70":1,"71":1,"72":1,"73":3,"74":3,"75":3,"76":3,"77":3,"78":3,"79":3,"80":1,"81":1,"82":1,"83":1,"84":1,"85":1,"86":1,"87":1,"88":1,"89":0,"90":1,"91":1,"92":1,"93":5,"94":5,"95":5,"96":5,"97":4,"98":4,"99":1,"100":3,"101":1,"102":2,"103":1,"104":1,"105":1,"106":1,"107":1,"108":1,"109":1,"110":1,"111":1,"112":1,"113":1,"114":1,"115":1,"116":1,"117":1,"118":1,"119":1,"120":1,"121":1,"122":1,"123":2,"124":1,"125":0,"126":1,"127":1,"128":1,"129":1,"130":1,"131":1,"132":1,"133":1,"134":1,"135":1,"136":2,"137":2,"138":2,"139":1,"140":1,"141":40,"142":10,"143":1,"144":1,"145":1,"146":40,"147":40,"148":40,"149":570,"150":20,"151":20,"152":1,"153":0,"154":1,"155":28,"156":28,"157":18,"158":18,"159":34,"160":16,"161":16,"162":2,"163":10,"164":17,"165":17,"166":17,"167":170,"168":170,"169":170,"170":170,"171":17,"172":17,"173":170,"174":170,"175":170,"176":510,"177":510,"178":102,"179":510,"180":170,"181":17,"182":13,"183":13,"184":1300,"185":1300,"186":1300,"187":1300,"188":7150,"189":1300,"190":1300,"191":1300,"192":1300,"193":1300,"194":1300,"195":1300,"196":1300,"197":13,"198":2,"199":2,"200":6,"201":130,"202":130,"203":130,"204":130,"205":13000,"206":1300,"207":1300,"208":1300,"209":130,"210":3900,"211":3900,"212":3900,"213":3900,"214":3900,"215":3900,"216":3900,"217":3900,"218":1300,"219":1300,"220":1300,"221":13000,"222":1300,"223":1300,"224":3900,"225":3900,"226":332,"227":3900,"228":3900,"229":3900,"230":3900,"231":3900,"232":14,"233":1,"234":13,"235":13,"236":13,"237":31,"238":11,"239":11,"240":2,"241":3,"242":3,"243":30,"244":1,"245":1,"246":3,"247":4066,"248":4066,"249":4066,"250":4066,"251":21935,"252":4020,"253":4020,"254":4020,"255":4020,"256":4020,"257":4020,"258":4020,"259":4020,"260":4020,"261":4020,"262":4020,"263":4066,"264":4,"265":4,"266":12,"267":12,"268":1,"269":1,"270":4,"271":24,"272":24,"273":24,"274":21,"275":63,"276":24,"277":24,"278":24,"279":24,"280":2400,"281":840,"282":840,"283":840,"284":24,"285":24,"286":2,"287":2,"288":1,"289":1,"290":1,"291":10,"292":10,"293":10,"294":1,"295":1,"296":40,"297":10,"298":10,"299":1,"300":1,"301":30,"302":2,"303":5200,"304":5200,"305":5200,"306":5200,"307":5200,"308":8694},"f":{"0":120,"1":2,"2":28,"3":17,"4":13,"5":1300,"6":2,"7":130,"8":3900,"9":1300,"10":13000,"11":14,"12":3,"13":30,"14":4066,"15":4,"16":12,"17":24,"18":63,"19":2400,"20":2,"21":5200,"22":8694},"b":{"0":[21],"1":[17,13,1,57,14,3,1,1,3,1,5,1,2,1],"2":[16,1],"3":[16,0],"4":[8,8],"5":[1,0],"6":[1,0],"7":[13,0],"8":[18,4,5,4,4,4,17,1,0],"9":[3,11],"10":[11,0],"11":[8,3],"12":[1,2],"13":[2,1],"14":[2,1],"15":[2,1],"16":[2,1],"17":[3,0],"18":[1,0],"19":[0,1],"20":[4,1,0],"21":[1,3],"22":[1,2],"23":[1,1],"24":[1,0],"25":[1,1,0],"26":[10,30],"27":[20,550],"28":[18,10],"29":[28,18],"30":[16,18],"31":[102,408],"32":[1300,5850],"33":[1300,11700],"34":[11700,1300],"35":[1,13],"36":[14,13],"37":[11,20],"38":[31,12],"39":[1,29],"40":[4020,17915],"41":[1,11],"42":[21,3],"43":[840,1560],"44":[2400,1770],"45":[1,1],"46":[10,30]},"_coverageSchema":"1a1c01bbd47fc00a2c39e90264f33305004495a9","hash":"cb0e84ea090ec4f8700732ca41370e21a215b5e1"}
,"C:\\Users\\zhouy16\\Desktop\\New folder\\COMP 531\\hw6-frontend-sleepyzzzzzz\\src\\routers.js": {"path":"C:\\Users\\zhouy16\\Desktop\\New folder\\COMP 531\\hw6-frontend-sleepyzzzzzz\\src\\routers.js","statementMap":{},"fnMap":{},"branchMap":{},"s":{},"f":{},"b":{}}
,"C:\\Users\\zhouy16\\Desktop\\New folder\\COMP 531\\hw6-frontend-sleepyzzzzzz\\src\\serviceWorker.js": {"path":"C:\\Users\\zhouy16\\Desktop\\New folder\\COMP 531\\hw6-frontend-sleepyzzzzzz\\src\\serviceWorker.js","statementMap":{"0":{"start":{"line":13,"column":20},"end":{"line":21,"column":1}},"1":{"start":{"line":24,"column":2},"end":{"line":54,"column":3}},"2":{"start":{"line":26,"column":22},"end":{"line":26,"column":75}},"3":{"start":{"line":27,"column":4},"end":{"line":32,"column":5}},"4":{"start":{"line":31,"column":6},"end":{"line":31,"column":13}},"5":{"start":{"line":34,"column":4},"end":{"line":53,"column":7}},"6":{"start":{"line":35,"column":20},"end":{"line":35,"column":65}},"7":{"start":{"line":37,"column":6},"end":{"line":52,"column":7}},"8":{"start":{"line":39,"column":8},"end":{"line":39,"column":47}},"9":{"start":{"line":43,"column":8},"end":{"line":48,"column":11}},"10":{"start":{"line":44,"column":10},"end":{"line":47,"column":12}},"11":{"start":{"line":51,"column":8},"end":{"line":51,"column":39}},"12":{"start":{"line":58,"column":2},"end":{"line":98,"column":7}},"13":{"start":{"line":61,"column":6},"end":{"line":94,"column":8}},"14":{"start":{"line":62,"column":33},"end":{"line":62,"column":56}},"15":{"start":{"line":63,"column":8},"end":{"line":65,"column":9}},"16":{"start":{"line":64,"column":10},"end":{"line":64,"column":17}},"17":{"start":{"line":66,"column":8},"end":{"line":93,"column":10}},"18":{"start":{"line":67,"column":10},"end":{"line":92,"column":11}},"19":{"start":{"line":68,"column":12},"end":{"line":91,"column":13}},"20":{"start":{"line":72,"column":14},"end":{"line":75,"column":16}},"21":{"start":{"line":78,"column":14},"end":{"line":80,"column":15}},"22":{"start":{"line":79,"column":16},"end":{"line":79,"column":46}},"23":{"start":{"line":85,"column":14},"end":{"line":85,"column":64}},"24":{"start":{"line":88,"column":14},"end":{"line":90,"column":15}},"25":{"start":{"line":89,"column":16},"end":{"line":89,"column":47}},"26":{"start":{"line":97,"column":6},"end":{"line":97,"column":72}},"27":{"start":{"line":103,"column":2},"end":{"line":128,"column":7}},"28":{"start":{"line":108,"column":26},"end":{"line":108,"column":62}},"29":{"start":{"line":109,"column":6},"end":{"line":122,"column":7}},"30":{"start":{"line":114,"column":8},"end":{"line":118,"column":11}},"31":{"start":{"line":115,"column":10},"end":{"line":117,"column":13}},"32":{"start":{"line":116,"column":12},"end":{"line":116,"column":37}},"33":{"start":{"line":121,"column":8},"end":{"line":121,"column":39}},"34":{"start":{"line":125,"column":6},"end":{"line":127,"column":8}},"35":{"start":{"line":132,"column":2},"end":{"line":140,"column":3}},"36":{"start":{"line":133,"column":4},"end":{"line":139,"column":9}},"37":{"start":{"line":135,"column":8},"end":{"line":135,"column":34}},"38":{"start":{"line":138,"column":8},"end":{"line":138,"column":37}}},"fnMap":{"0":{"name":"register","decl":{"start":{"line":23,"column":16},"end":{"line":23,"column":24}},"loc":{"start":{"line":23,"column":33},"end":{"line":55,"column":1}},"line":23},"1":{"name":"(anonymous_1)","decl":{"start":{"line":34,"column":36},"end":{"line":34,"column":37}},"loc":{"start":{"line":34,"column":42},"end":{"line":53,"column":5}},"line":34},"2":{"name":"(anonymous_2)","decl":{"start":{"line":43,"column":43},"end":{"line":43,"column":44}},"loc":{"start":{"line":43,"column":49},"end":{"line":48,"column":9}},"line":43},"3":{"name":"registerValidSW","decl":{"start":{"line":57,"column":9},"end":{"line":57,"column":24}},"loc":{"start":{"line":57,"column":40},"end":{"line":99,"column":1}},"line":57},"4":{"name":"(anonymous_4)","decl":{"start":{"line":60,"column":10},"end":{"line":60,"column":11}},"loc":{"start":{"line":60,"column":26},"end":{"line":95,"column":5}},"line":60},"5":{"name":"(anonymous_5)","decl":{"start":{"line":61,"column":35},"end":{"line":61,"column":36}},"loc":{"start":{"line":61,"column":41},"end":{"line":94,"column":7}},"line":61},"6":{"name":"(anonymous_6)","decl":{"start":{"line":66,"column":41},"end":{"line":66,"column":42}},"loc":{"start":{"line":66,"column":47},"end":{"line":93,"column":9}},"line":66},"7":{"name":"(anonymous_7)","decl":{"start":{"line":96,"column":11},"end":{"line":96,"column":12}},"loc":{"start":{"line":96,"column":20},"end":{"line":98,"column":5}},"line":96},"8":{"name":"checkValidServiceWorker","decl":{"start":{"line":101,"column":9},"end":{"line":101,"column":32}},"loc":{"start":{"line":101,"column":48},"end":{"line":129,"column":1}},"line":101},"9":{"name":"(anonymous_9)","decl":{"start":{"line":106,"column":10},"end":{"line":106,"column":11}},"loc":{"start":{"line":106,"column":22},"end":{"line":123,"column":5}},"line":106},"10":{"name":"(anonymous_10)","decl":{"start":{"line":114,"column":43},"end":{"line":114,"column":44}},"loc":{"start":{"line":114,"column":59},"end":{"line":118,"column":9}},"line":114},"11":{"name":"(anonymous_11)","decl":{"start":{"line":115,"column":41},"end":{"line":115,"column":42}},"loc":{"start":{"line":115,"column":47},"end":{"line":117,"column":11}},"line":115},"12":{"name":"(anonymous_12)","decl":{"start":{"line":124,"column":11},"end":{"line":124,"column":12}},"loc":{"start":{"line":124,"column":17},"end":{"line":128,"column":5}},"line":124},"13":{"name":"unregister","decl":{"start":{"line":131,"column":16},"end":{"line":131,"column":26}},"loc":{"start":{"line":131,"column":29},"end":{"line":141,"column":1}},"line":131},"14":{"name":"(anonymous_14)","decl":{"start":{"line":134,"column":12},"end":{"line":134,"column":13}},"loc":{"start":{"line":134,"column":28},"end":{"line":136,"column":7}},"line":134},"15":{"name":"(anonymous_15)","decl":{"start":{"line":137,"column":13},"end":{"line":137,"column":14}},"loc":{"start":{"line":137,"column":22},"end":{"line":139,"column":7}},"line":137}},"branchMap":{"0":{"loc":{"start":{"line":14,"column":2},"end":{"line":20,"column":5}},"type":"binary-expr","locations":[{"start":{"line":14,"column":2},"end":{"line":14,"column":42}},{"start":{"line":16,"column":4},"end":{"line":16,"column":40}},{"start":{"line":18,"column":4},"end":{"line":20,"column":5}}],"line":14},"1":{"loc":{"start":{"line":24,"column":2},"end":{"line":54,"column":3}},"type":"if","locations":[{"start":{"line":24,"column":2},"end":{"line":54,"column":3}},{"start":{"line":24,"column":2},"end":{"line":54,"column":3}}],"line":24},"2":{"loc":{"start":{"line":24,"column":6},"end":{"line":24,"column":75}},"type":"binary-expr","locations":[{"start":{"line":24,"column":6},"end":{"line":24,"column":43}},{"start":{"line":24,"column":47},"end":{"line":24,"column":75}}],"line":24},"3":{"loc":{"start":{"line":27,"column":4},"end":{"line":32,"column":5}},"type":"if","locations":[{"start":{"line":27,"column":4},"end":{"line":32,"column":5}},{"start":{"line":27,"column":4},"end":{"line":32,"column":5}}],"line":27},"4":{"loc":{"start":{"line":37,"column":6},"end":{"line":52,"column":7}},"type":"if","locations":[{"start":{"line":37,"column":6},"end":{"line":52,"column":7}},{"start":{"line":37,"column":6},"end":{"line":52,"column":7}}],"line":37},"5":{"loc":{"start":{"line":63,"column":8},"end":{"line":65,"column":9}},"type":"if","locations":[{"start":{"line":63,"column":8},"end":{"line":65,"column":9}},{"start":{"line":63,"column":8},"end":{"line":65,"column":9}}],"line":63},"6":{"loc":{"start":{"line":67,"column":10},"end":{"line":92,"column":11}},"type":"if","locations":[{"start":{"line":67,"column":10},"end":{"line":92,"column":11}},{"start":{"line":67,"column":10},"end":{"line":92,"column":11}}],"line":67},"7":{"loc":{"start":{"line":68,"column":12},"end":{"line":91,"column":13}},"type":"if","locations":[{"start":{"line":68,"column":12},"end":{"line":91,"column":13}},{"start":{"line":68,"column":12},"end":{"line":91,"column":13}}],"line":68},"8":{"loc":{"start":{"line":78,"column":14},"end":{"line":80,"column":15}},"type":"if","locations":[{"start":{"line":78,"column":14},"end":{"line":80,"column":15}},{"start":{"line":78,"column":14},"end":{"line":80,"column":15}}],"line":78},"9":{"loc":{"start":{"line":78,"column":18},"end":{"line":78,"column":43}},"type":"binary-expr","locations":[{"start":{"line":78,"column":18},"end":{"line":78,"column":24}},{"start":{"line":78,"column":28},"end":{"line":78,"column":43}}],"line":78},"10":{"loc":{"start":{"line":88,"column":14},"end":{"line":90,"column":15}},"type":"if","locations":[{"start":{"line":88,"column":14},"end":{"line":90,"column":15}},{"start":{"line":88,"column":14},"end":{"line":90,"column":15}}],"line":88},"11":{"loc":{"start":{"line":88,"column":18},"end":{"line":88,"column":44}},"type":"binary-expr","locations":[{"start":{"line":88,"column":18},"end":{"line":88,"column":24}},{"start":{"line":88,"column":28},"end":{"line":88,"column":44}}],"line":88},"12":{"loc":{"start":{"line":109,"column":6},"end":{"line":122,"column":7}},"type":"if","locations":[{"start":{"line":109,"column":6},"end":{"line":122,"column":7}},{"start":{"line":109,"column":6},"end":{"line":122,"column":7}}],"line":109},"13":{"loc":{"start":{"line":110,"column":8},"end":{"line":111,"column":73}},"type":"binary-expr","locations":[{"start":{"line":110,"column":8},"end":{"line":110,"column":31}},{"start":{"line":111,"column":9},"end":{"line":111,"column":28}},{"start":{"line":111,"column":32},"end":{"line":111,"column":72}}],"line":110},"14":{"loc":{"start":{"line":132,"column":2},"end":{"line":140,"column":3}},"type":"if","locations":[{"start":{"line":132,"column":2},"end":{"line":140,"column":3}},{"start":{"line":132,"column":2},"end":{"line":140,"column":3}}],"line":132}},"s":{"0":0,"1":0,"2":0,"3":0,"4":0,"5":0,"6":0,"7":0,"8":0,"9":0,"10":0,"11":0,"12":0,"13":0,"14":0,"15":0,"16":0,"17":0,"18":0,"19":0,"20":0,"21":0,"22":0,"23":0,"24":0,"25":0,"26":0,"27":0,"28":0,"29":0,"30":0,"31":0,"32":0,"33":0,"34":0,"35":0,"36":0,"37":0,"38":0},"f":{"0":0,"1":0,"2":0,"3":0,"4":0,"5":0,"6":0,"7":0,"8":0,"9":0,"10":0,"11":0,"12":0,"13":0,"14":0,"15":0},"b":{"0":[0,0,0],"1":[0,0],"2":[0,0],"3":[0,0],"4":[0,0],"5":[0,0],"6":[0,0],"7":[0,0],"8":[0,0],"9":[0,0],"10":[0,0],"11":[0,0],"12":[0,0],"13":[0,0,0],"14":[0,0]}}
,"C:\\Users\\zhouy16\\Desktop\\New folder\\COMP 531\\hw6-frontend-sleepyzzzzzz\\src\\component\\app\\app.js": {"path":"C:\\Users\\zhouy16\\Desktop\\New folder\\COMP 531\\hw6-frontend-sleepyzzzzzz\\src\\component\\app\\app.js","statementMap":{"0":{"start":{"line":11,"column":4},"end":{"line":16,"column":8}},"1":{"start":{"line":12,"column":21},"end":{"line":12,"column":31}},"2":{"start":{"line":15,"column":10},"end":{"line":15,"column":35}},"3":{"start":{"line":17,"column":4},"end":{"line":22,"column":8}},"4":{"start":{"line":18,"column":21},"end":{"line":18,"column":31}},"5":{"start":{"line":21,"column":10},"end":{"line":21,"column":34}},"6":{"start":{"line":26,"column":4},"end":{"line":44,"column":6}},"7":{"start":{"line":35,"column":70},"end":{"line":35,"column":93}},"8":{"start":{"line":38,"column":73},"end":{"line":38,"column":96}},"9":{"start":{"line":48,"column":24},"end":{"line":60,"column":1}},"10":{"start":{"line":49,"column":2},"end":{"line":59,"column":4}},"11":{"start":{"line":62,"column":27},"end":{"line":68,"column":1}},"12":{"start":{"line":63,"column":2},"end":{"line":67,"column":3}},"13":{"start":{"line":64,"column":26},"end":{"line":64,"column":52}},"14":{"start":{"line":65,"column":25},"end":{"line":65,"column":50}},"15":{"start":{"line":66,"column":22},"end":{"line":66,"column":44}}},"fnMap":{"0":{"name":"(anonymous_0)","decl":{"start":{"line":10,"column":2},"end":{"line":10,"column":3}},"loc":{"start":{"line":10,"column":22},"end":{"line":23,"column":3}},"line":10},"1":{"name":"(anonymous_1)","decl":{"start":{"line":12,"column":12},"end":{"line":12,"column":13}},"loc":{"start":{"line":12,"column":21},"end":{"line":12,"column":31}},"line":12},"2":{"name":"(anonymous_2)","decl":{"start":{"line":14,"column":8},"end":{"line":14,"column":9}},"loc":{"start":{"line":15,"column":10},"end":{"line":15,"column":35}},"line":15},"3":{"name":"(anonymous_3)","decl":{"start":{"line":18,"column":12},"end":{"line":18,"column":13}},"loc":{"start":{"line":18,"column":21},"end":{"line":18,"column":31}},"line":18},"4":{"name":"(anonymous_4)","decl":{"start":{"line":20,"column":8},"end":{"line":20,"column":9}},"loc":{"start":{"line":21,"column":10},"end":{"line":21,"column":34}},"line":21},"5":{"name":"(anonymous_5)","decl":{"start":{"line":25,"column":2},"end":{"line":25,"column":3}},"loc":{"start":{"line":25,"column":11},"end":{"line":45,"column":3}},"line":25},"6":{"name":"(anonymous_6)","decl":{"start":{"line":35,"column":64},"end":{"line":35,"column":65}},"loc":{"start":{"line":35,"column":70},"end":{"line":35,"column":93}},"line":35},"7":{"name":"(anonymous_7)","decl":{"start":{"line":38,"column":67},"end":{"line":38,"column":68}},"loc":{"start":{"line":38,"column":73},"end":{"line":38,"column":96}},"line":38},"8":{"name":"(anonymous_8)","decl":{"start":{"line":48,"column":24},"end":{"line":48,"column":25}},"loc":{"start":{"line":48,"column":35},"end":{"line":60,"column":1}},"line":48},"9":{"name":"(anonymous_9)","decl":{"start":{"line":62,"column":27},"end":{"line":62,"column":28}},"loc":{"start":{"line":62,"column":41},"end":{"line":68,"column":1}},"line":62},"10":{"name":"(anonymous_10)","decl":{"start":{"line":64,"column":15},"end":{"line":64,"column":16}},"loc":{"start":{"line":64,"column":26},"end":{"line":64,"column":52}},"line":64},"11":{"name":"(anonymous_11)","decl":{"start":{"line":65,"column":14},"end":{"line":65,"column":15}},"loc":{"start":{"line":65,"column":25},"end":{"line":65,"column":50}},"line":65},"12":{"name":"(anonymous_12)","decl":{"start":{"line":66,"column":16},"end":{"line":66,"column":17}},"loc":{"start":{"line":66,"column":22},"end":{"line":66,"column":44}},"line":66}},"branchMap":{},"s":{"0":0,"1":0,"2":0,"3":0,"4":0,"5":0,"6":0,"7":0,"8":0,"9":0,"10":0,"11":0,"12":0,"13":0,"14":0,"15":0},"f":{"0":0,"1":0,"2":0,"3":0,"4":0,"5":0,"6":0,"7":0,"8":0,"9":0,"10":0,"11":0,"12":0},"b":{}}
,"C:\\Users\\zhouy16\\Desktop\\New folder\\COMP 531\\hw6-frontend-sleepyzzzzzz\\src\\component\\app\\login\\login.js": {"path":"C:\\Users\\zhouy16\\Desktop\\New folder\\COMP 531\\hw6-frontend-sleepyzzzzzz\\src\\component\\app\\login\\login.js","statementMap":{"0":{"start":{"line":10,"column":8},"end":{"line":10,"column":21}},"1":{"start":{"line":11,"column":8},"end":{"line":15,"column":9}},"2":{"start":{"line":18,"column":15},"end":{"line":21,"column":5}},"3":{"start":{"line":19,"column":8},"end":{"line":19,"column":59}},"4":{"start":{"line":20,"column":8},"end":{"line":20,"column":62}},"5":{"start":{"line":23,"column":18},"end":{"line":25,"column":5}},"6":{"start":{"line":24,"column":8},"end":{"line":24,"column":52}},"7":{"start":{"line":27,"column":15},"end":{"line":43,"column":5}},"8":{"start":{"line":28,"column":8},"end":{"line":28,"column":27}},"9":{"start":{"line":29,"column":18},"end":{"line":29,"column":20}},"10":{"start":{"line":30,"column":8},"end":{"line":32,"column":9}},"11":{"start":{"line":31,"column":12},"end":{"line":31,"column":36}},"12":{"start":{"line":33,"column":8},"end":{"line":35,"column":9}},"13":{"start":{"line":34,"column":12},"end":{"line":34,"column":28}},"14":{"start":{"line":36,"column":8},"end":{"line":36,"column":36}},"15":{"start":{"line":37,"column":8},"end":{"line":42,"column":9}},"16":{"start":{"line":38,"column":12},"end":{"line":38,"column":25}},"17":{"start":{"line":41,"column":12},"end":{"line":41,"column":37}},"18":{"start":{"line":46,"column":23},"end":{"line":46,"column":52}},"19":{"start":{"line":47,"column":8},"end":{"line":51,"column":9}},"20":{"start":{"line":48,"column":12},"end":{"line":50,"column":13}},"21":{"start":{"line":49,"column":16},"end":{"line":49,"column":48}},"22":{"start":{"line":52,"column":8},"end":{"line":103,"column":10}},"23":{"start":{"line":107,"column":24},"end":{"line":116,"column":1}},"24":{"start":{"line":108,"column":4},"end":{"line":115,"column":6}},"25":{"start":{"line":118,"column":27},"end":{"line":123,"column":1}},"26":{"start":{"line":119,"column":4},"end":{"line":122,"column":5}},"27":{"start":{"line":120,"column":40},"end":{"line":120,"column":76}},"28":{"start":{"line":121,"column":27},"end":{"line":121,"column":50}}},"fnMap":{"0":{"name":"(anonymous_0)","decl":{"start":{"line":9,"column":4},"end":{"line":9,"column":5}},"loc":{"start":{"line":9,"column":23},"end":{"line":16,"column":5}},"line":9},"1":{"name":"(anonymous_1)","decl":{"start":{"line":18,"column":15},"end":{"line":18,"column":16}},"loc":{"start":{"line":18,"column":22},"end":{"line":21,"column":5}},"line":18},"2":{"name":"(anonymous_2)","decl":{"start":{"line":23,"column":18},"end":{"line":23,"column":19}},"loc":{"start":{"line":23,"column":29},"end":{"line":25,"column":5}},"line":23},"3":{"name":"(anonymous_3)","decl":{"start":{"line":27,"column":15},"end":{"line":27,"column":16}},"loc":{"start":{"line":27,"column":22},"end":{"line":43,"column":5}},"line":27},"4":{"name":"(anonymous_4)","decl":{"start":{"line":45,"column":4},"end":{"line":45,"column":5}},"loc":{"start":{"line":45,"column":13},"end":{"line":104,"column":5}},"line":45},"5":{"name":"(anonymous_5)","decl":{"start":{"line":107,"column":24},"end":{"line":107,"column":25}},"loc":{"start":{"line":107,"column":35},"end":{"line":116,"column":1}},"line":107},"6":{"name":"(anonymous_6)","decl":{"start":{"line":118,"column":27},"end":{"line":118,"column":28}},"loc":{"start":{"line":118,"column":41},"end":{"line":123,"column":1}},"line":118},"7":{"name":"(anonymous_7)","decl":{"start":{"line":120,"column":22},"end":{"line":120,"column":23}},"loc":{"start":{"line":120,"column":40},"end":{"line":120,"column":76}},"line":120},"8":{"name":"(anonymous_8)","decl":{"start":{"line":121,"column":21},"end":{"line":121,"column":22}},"loc":{"start":{"line":121,"column":27},"end":{"line":121,"column":50}},"line":121}},"branchMap":{"0":{"loc":{"start":{"line":30,"column":8},"end":{"line":32,"column":9}},"type":"if","locations":[{"start":{"line":30,"column":8},"end":{"line":32,"column":9}},{"start":{"line":30,"column":8},"end":{"line":32,"column":9}}],"line":30},"1":{"loc":{"start":{"line":33,"column":8},"end":{"line":35,"column":9}},"type":"if","locations":[{"start":{"line":33,"column":8},"end":{"line":35,"column":9}},{"start":{"line":33,"column":8},"end":{"line":35,"column":9}}],"line":33},"2":{"loc":{"start":{"line":37,"column":8},"end":{"line":42,"column":9}},"type":"if","locations":[{"start":{"line":37,"column":8},"end":{"line":42,"column":9}},{"start":{"line":37,"column":8},"end":{"line":42,"column":9}}],"line":37},"3":{"loc":{"start":{"line":47,"column":8},"end":{"line":51,"column":9}},"type":"if","locations":[{"start":{"line":47,"column":8},"end":{"line":51,"column":9}},{"start":{"line":47,"column":8},"end":{"line":51,"column":9}}],"line":47},"4":{"loc":{"start":{"line":48,"column":12},"end":{"line":50,"column":13}},"type":"if","locations":[{"start":{"line":48,"column":12},"end":{"line":50,"column":13}},{"start":{"line":48,"column":12},"end":{"line":50,"column":13}}],"line":48},"5":{"loc":{"start":{"line":48,"column":17},"end":{"line":48,"column":55}},"type":"binary-expr","locations":[{"start":{"line":48,"column":17},"end":{"line":48,"column":36}},{"start":{"line":48,"column":40},"end":{"line":48,"column":55}}],"line":48},"6":{"loc":{"start":{"line":62,"column":43},"end":{"line":62,"column":119}},"type":"cond-expr","locations":[{"start":{"line":62,"column":77},"end":{"line":62,"column":102}},{"start":{"line":62,"column":105},"end":{"line":62,"column":119}}],"line":62},"7":{"loc":{"start":{"line":79,"column":43},"end":{"line":79,"column":111}},"type":"cond-expr","locations":[{"start":{"line":79,"column":69},"end":{"line":79,"column":94}},{"start":{"line":79,"column":97},"end":{"line":79,"column":111}}],"line":79}},"s":{"0":0,"1":0,"2":0,"3":0,"4":0,"5":0,"6":0,"7":0,"8":0,"9":0,"10":0,"11":0,"12":0,"13":0,"14":0,"15":0,"16":0,"17":0,"18":0,"19":0,"20":0,"21":0,"22":0,"23":0,"24":0,"25":0,"26":0,"27":0,"28":0},"f":{"0":0,"1":0,"2":0,"3":0,"4":0,"5":0,"6":0,"7":0,"8":0},"b":{"0":[0,0],"1":[0,0],"2":[0,0],"3":[0,0],"4":[0,0],"5":[0,0],"6":[0,0],"7":[0,0]}}
,"C:\\Users\\zhouy16\\Desktop\\New folder\\COMP 531\\hw6-frontend-sleepyzzzzzz\\src\\component\\app\\register\\register.js": {"path":"C:\\Users\\zhouy16\\Desktop\\New folder\\COMP 531\\hw6-frontend-sleepyzzzzzz\\src\\component\\app\\register\\register.js","statementMap":{"0":{"start":{"line":11,"column":8},"end":{"line":11,"column":21}},"1":{"start":{"line":12,"column":8},"end":{"line":23,"column":10}},"2":{"start":{"line":26,"column":17},"end":{"line":39,"column":5}},"3":{"start":{"line":27,"column":23},"end":{"line":27,"column":38}},"4":{"start":{"line":28,"column":18},"end":{"line":28,"column":36}},"5":{"start":{"line":29,"column":8},"end":{"line":38,"column":9}},"6":{"start":{"line":30,"column":12},"end":{"line":32,"column":13}},"7":{"start":{"line":31,"column":16},"end":{"line":31,"column":32}},"8":{"start":{"line":35,"column":12},"end":{"line":37,"column":13}},"9":{"start":{"line":36,"column":16},"end":{"line":36,"column":35}},"10":{"start":{"line":41,"column":21},"end":{"line":66,"column":5}},"11":{"start":{"line":42,"column":23},"end":{"line":42,"column":27}},"12":{"start":{"line":43,"column":8},"end":{"line":45,"column":9}},"13":{"start":{"line":44,"column":12},"end":{"line":44,"column":29}},"14":{"start":{"line":46,"column":19},"end":{"line":46,"column":37}},"15":{"start":{"line":47,"column":19},"end":{"line":47,"column":38}},"16":{"start":{"line":48,"column":8},"end":{"line":65,"column":9}},"17":{"start":{"line":49,"column":12},"end":{"line":51,"column":13}},"18":{"start":{"line":50,"column":16},"end":{"line":50,"column":32}},"19":{"start":{"line":52,"column":12},"end":{"line":54,"column":13}},"20":{"start":{"line":53,"column":16},"end":{"line":53,"column":33}},"21":{"start":{"line":57,"column":12},"end":{"line":57,"column":38}},"22":{"start":{"line":58,"column":12},"end":{"line":60,"column":13}},"23":{"start":{"line":59,"column":16},"end":{"line":59,"column":36}},"24":{"start":{"line":61,"column":12},"end":{"line":61,"column":39}},"25":{"start":{"line":62,"column":12},"end":{"line":64,"column":13}},"26":{"start":{"line":63,"column":16},"end":{"line":63,"column":36}},"27":{"start":{"line":68,"column":15},"end":{"line":138,"column":5}},"28":{"start":{"line":69,"column":8},"end":{"line":69,"column":59}},"29":{"start":{"line":70,"column":8},"end":{"line":70,"column":63}},"30":{"start":{"line":71,"column":20},"end":{"line":71,"column":33}},"31":{"start":{"line":72,"column":18},"end":{"line":72,"column":20}},"32":{"start":{"line":73,"column":23},"end":{"line":73,"column":27}},"33":{"start":{"line":74,"column":18},"end":{"line":74,"column":32}},"34":{"start":{"line":75,"column":8},"end":{"line":136,"column":9}},"35":{"start":{"line":77,"column":16},"end":{"line":77,"column":64}},"36":{"start":{"line":78,"column":16},"end":{"line":78,"column":65}},"37":{"start":{"line":79,"column":16},"end":{"line":79,"column":22}},"38":{"start":{"line":81,"column":16},"end":{"line":81,"column":45}},"39":{"start":{"line":82,"column":16},"end":{"line":82,"column":65}},"40":{"start":{"line":83,"column":16},"end":{"line":83,"column":22}},"41":{"start":{"line":85,"column":16},"end":{"line":85,"column":44}},"42":{"start":{"line":86,"column":16},"end":{"line":86,"column":65}},"43":{"start":{"line":87,"column":16},"end":{"line":87,"column":22}},"44":{"start":{"line":89,"column":28},"end":{"line":89,"column":38}},"45":{"start":{"line":90,"column":32},"end":{"line":90,"column":51}},"46":{"start":{"line":91,"column":33},"end":{"line":91,"column":53}},"47":{"start":{"line":92,"column":31},"end":{"line":92,"column":46}},"48":{"start":{"line":93,"column":29},"end":{"line":93,"column":43}},"49":{"start":{"line":94,"column":26},"end":{"line":94,"column":43}},"50":{"start":{"line":95,"column":32},"end":{"line":95,"column":48}},"51":{"start":{"line":96,"column":33},"end":{"line":96,"column":49}},"52":{"start":{"line":97,"column":31},"end":{"line":97,"column":47}},"53":{"start":{"line":98,"column":26},"end":{"line":98,"column":47}},"54":{"start":{"line":99,"column":16},"end":{"line":106,"column":17}},"55":{"start":{"line":100,"column":20},"end":{"line":102,"column":21}},"56":{"start":{"line":101,"column":24},"end":{"line":101,"column":38}},"57":{"start":{"line":104,"column":21},"end":{"line":106,"column":17}},"58":{"start":{"line":105,"column":20},"end":{"line":105,"column":34}},"59":{"start":{"line":107,"column":16},"end":{"line":109,"column":17}},"60":{"start":{"line":108,"column":20},"end":{"line":108,"column":37}},"61":{"start":{"line":110,"column":26},"end":{"line":110,"column":50}},"62":{"start":{"line":111,"column":16},"end":{"line":120,"column":17}},"63":{"start":{"line":112,"column":20},"end":{"line":114,"column":21}},"64":{"start":{"line":113,"column":24},"end":{"line":113,"column":46}},"65":{"start":{"line":117,"column":20},"end":{"line":119,"column":21}},"66":{"start":{"line":118,"column":24},"end":{"line":118,"column":43}},"67":{"start":{"line":121,"column":16},"end":{"line":121,"column":22}},"68":{"start":{"line":123,"column":16},"end":{"line":123,"column":32}},"69":{"start":{"line":124,"column":16},"end":{"line":124,"column":65}},"70":{"start":{"line":125,"column":16},"end":{"line":125,"column":22}},"71":{"start":{"line":127,"column":27},"end":{"line":127,"column":42}},"72":{"start":{"line":128,"column":16},"end":{"line":128,"column":63}},"73":{"start":{"line":129,"column":16},"end":{"line":129,"column":22}},"74":{"start":{"line":131,"column":27},"end":{"line":131,"column":41}},"75":{"start":{"line":132,"column":16},"end":{"line":132,"column":63}},"76":{"start":{"line":133,"column":16},"end":{"line":133,"column":22}},"77":{"start":{"line":135,"column":16},"end":{"line":135,"column":22}},"78":{"start":{"line":137,"column":8},"end":{"line":137,"column":36}},"79":{"start":{"line":140,"column":18},"end":{"line":142,"column":5}},"80":{"start":{"line":141,"column":8},"end":{"line":141,"column":52}},"81":{"start":{"line":144,"column":15},"end":{"line":184,"column":5}},"82":{"start":{"line":145,"column":8},"end":{"line":145,"column":27}},"83":{"start":{"line":146,"column":18},"end":{"line":146,"column":32}},"84":{"start":{"line":147,"column":8},"end":{"line":149,"column":9}},"85":{"start":{"line":148,"column":12},"end":{"line":148,"column":36}},"86":{"start":{"line":150,"column":8},"end":{"line":152,"column":9}},"87":{"start":{"line":151,"column":12},"end":{"line":151,"column":30}},"88":{"start":{"line":153,"column":8},"end":{"line":155,"column":9}},"89":{"start":{"line":154,"column":12},"end":{"line":154,"column":30}},"90":{"start":{"line":156,"column":8},"end":{"line":158,"column":9}},"91":{"start":{"line":157,"column":12},"end":{"line":157,"column":34}},"92":{"start":{"line":159,"column":8},"end":{"line":161,"column":9}},"93":{"start":{"line":160,"column":12},"end":{"line":160,"column":32}},"94":{"start":{"line":162,"column":8},"end":{"line":165,"column":9}},"95":{"start":{"line":163,"column":12},"end":{"line":163,"column":28}},"96":{"start":{"line":164,"column":12},"end":{"line":164,"column":29}},"97":{"start":{"line":166,"column":8},"end":{"line":166,"column":36}},"98":{"start":{"line":167,"column":8},"end":{"line":183,"column":9}},"99":{"start":{"line":168,"column":12},"end":{"line":168,"column":25}},"100":{"start":{"line":171,"column":12},"end":{"line":171,"column":40}},"101":{"start":{"line":172,"column":12},"end":{"line":182,"column":15}},"102":{"start":{"line":186,"column":12},"end":{"line":199,"column":5}},"103":{"start":{"line":187,"column":8},"end":{"line":197,"column":11}},"104":{"start":{"line":198,"column":8},"end":{"line":198,"column":33}},"105":{"start":{"line":202,"column":8},"end":{"line":204,"column":9}},"106":{"start":{"line":203,"column":12},"end":{"line":203,"column":56}},"107":{"start":{"line":205,"column":8},"end":{"line":393,"column":10}},"108":{"start":{"line":396,"column":24},"end":{"line":409,"column":1}},"109":{"start":{"line":397,"column":4},"end":{"line":408,"column":6}},"110":{"start":{"line":411,"column":27},"end":{"line":417,"column":1}},"111":{"start":{"line":412,"column":4},"end":{"line":416,"column":5}},"112":{"start":{"line":413,"column":40},"end":{"line":413,"column":76}},"113":{"start":{"line":414,"column":30},"end":{"line":414,"column":56}},"114":{"start":{"line":415,"column":27},"end":{"line":415,"column":50}}},"fnMap":{"0":{"name":"(anonymous_0)","decl":{"start":{"line":10,"column":4},"end":{"line":10,"column":5}},"loc":{"start":{"line":10,"column":23},"end":{"line":24,"column":5}},"line":10},"1":{"name":"(anonymous_1)","decl":{"start":{"line":26,"column":17},"end":{"line":26,"column":18}},"loc":{"start":{"line":26,"column":45},"end":{"line":39,"column":5}},"line":26},"2":{"name":"(anonymous_2)","decl":{"start":{"line":41,"column":21},"end":{"line":41,"column":22}},"loc":{"start":{"line":41,"column":42},"end":{"line":66,"column":5}},"line":41},"3":{"name":"(anonymous_3)","decl":{"start":{"line":68,"column":15},"end":{"line":68,"column":16}},"loc":{"start":{"line":68,"column":22},"end":{"line":138,"column":5}},"line":68},"4":{"name":"(anonymous_4)","decl":{"start":{"line":140,"column":18},"end":{"line":140,"column":19}},"loc":{"start":{"line":140,"column":29},"end":{"line":142,"column":5}},"line":140},"5":{"name":"(anonymous_5)","decl":{"start":{"line":144,"column":15},"end":{"line":144,"column":16}},"loc":{"start":{"line":144,"column":22},"end":{"line":184,"column":5}},"line":144},"6":{"name":"(anonymous_6)","decl":{"start":{"line":186,"column":12},"end":{"line":186,"column":13}},"loc":{"start":{"line":186,"column":18},"end":{"line":199,"column":5}},"line":186},"7":{"name":"(anonymous_7)","decl":{"start":{"line":201,"column":4},"end":{"line":201,"column":5}},"loc":{"start":{"line":201,"column":13},"end":{"line":394,"column":5}},"line":201},"8":{"name":"(anonymous_8)","decl":{"start":{"line":396,"column":24},"end":{"line":396,"column":25}},"loc":{"start":{"line":396,"column":35},"end":{"line":409,"column":1}},"line":396},"9":{"name":"(anonymous_9)","decl":{"start":{"line":411,"column":27},"end":{"line":411,"column":28}},"loc":{"start":{"line":411,"column":41},"end":{"line":417,"column":1}},"line":411},"10":{"name":"(anonymous_10)","decl":{"start":{"line":413,"column":22},"end":{"line":413,"column":23}},"loc":{"start":{"line":413,"column":40},"end":{"line":413,"column":76}},"line":413},"11":{"name":"(anonymous_11)","decl":{"start":{"line":414,"column":24},"end":{"line":414,"column":25}},"loc":{"start":{"line":414,"column":30},"end":{"line":414,"column":56}},"line":414},"12":{"name":"(anonymous_12)","decl":{"start":{"line":415,"column":21},"end":{"line":415,"column":22}},"loc":{"start":{"line":415,"column":27},"end":{"line":415,"column":50}},"line":415}},"branchMap":{"0":{"loc":{"start":{"line":29,"column":8},"end":{"line":38,"column":9}},"type":"if","locations":[{"start":{"line":29,"column":8},"end":{"line":38,"column":9}},{"start":{"line":29,"column":8},"end":{"line":38,"column":9}}],"line":29},"1":{"loc":{"start":{"line":30,"column":12},"end":{"line":32,"column":13}},"type":"if","locations":[{"start":{"line":30,"column":12},"end":{"line":32,"column":13}},{"start":{"line":30,"column":12},"end":{"line":32,"column":13}}],"line":30},"2":{"loc":{"start":{"line":35,"column":12},"end":{"line":37,"column":13}},"type":"if","locations":[{"start":{"line":35,"column":12},
[...]
e":351,"column":28}},"loc":{"start":{"line":351,"column":41},"end":{"line":362,"column":1}},"line":351},"24":{"name":"(anonymous_24)","decl":{"start":{"line":353,"column":22},"end":{"line":353,"column":23}},"loc":{"start":{"line":353,"column":40},"end":{"line":353,"column":76}},"line":353},"25":{"name":"(anonymous_25)","decl":{"start":{"line":354,"column":22},"end":{"line":354,"column":23}},"loc":{"start":{"line":354,"column":28},"end":{"line":354,"column":52}},"line":354},"26":{"name":"(anonymous_26)","decl":{"start":{"line":355,"column":19},"end":{"line":355,"column":20}},"loc":{"start":{"line":355,"column":30},"end":{"line":355,"column":56}},"line":355},"27":{"name":"(anonymous_27)","decl":{"start":{"line":356,"column":18},"end":{"line":356,"column":19}},"loc":{"start":{"line":356,"column":29},"end":{"line":356,"column":54}},"line":356},"28":{"name":"(anonymous_28)","decl":{"start":{"line":357,"column":22},"end":{"line":357,"column":23}},"loc":{"start":{"line":357,"column":34},"end":{"line":357,"column":64}},"line":357},"29":{"name":"(anonymous_29)","decl":{"start":{"line":358,"column":24},"end":{"line":358,"column":25}},"loc":{"start":{"line":358,"column":49},"end":{"line":358,"column":94}},"line":358},"30":{"name":"(anonymous_30)","decl":{"start":{"line":359,"column":17},"end":{"line":359,"column":18}},"loc":{"start":{"line":359,"column":49},"end":{"line":359,"column":94}},"line":359},"31":{"name":"(anonymous_31)","decl":{"start":{"line":360,"column":20},"end":{"line":360,"column":21}},"loc":{"start":{"line":360,"column":39},"end":{"line":360,"column":74}},"line":360}},"branchMap":{"0":{"loc":{"start":{"line":63,"column":8},"end":{"line":66,"column":9}},"type":"if","locations":[{"start":{"line":63,"column":8},"end":{"line":66,"column":9}},{"start":{"line":63,"column":8},"end":{"line":66,"column":9}}],"line":63},"1":{"loc":{"start":{"line":73,"column":8},"end":{"line":96,"column":9}},"type":"if","locations":[{"start":{"line":73,"column":8},"end":{"line":96,"column":9}},{"start":{"line":73,"column":8},"end":{"line":96,"column":9}}],"line":73},"2":{"loc":{"start":{"line":106,"column":8},"end":{"line":108,"column":9}},"type":"if","locations":[{"start":{"line":106,"column":8},"end":{"line":108,"column":9}},{"start":{"line":106,"column":8},"end":{"line":108,"column":9}}],"line":106},"3":{"loc":{"start":{"line":106,"column":12},"end":{"line":106,"column":47}},"type":"binary-expr","locations":[{"start":{"line":106,"column":12},"end":{"line":106,"column":26}},{"start":{"line":106,"column":30},"end":{"line":106,"column":47}}],"line":106},"4":{"loc":{"start":{"line":122,"column":8},"end":{"line":127,"column":9}},"type":"if","locations":[{"start":{"line":122,"column":8},"end":{"line":127,"column":9}},{"start":{"line":122,"column":8},"end":{"line":127,"column":9}}],"line":122},"5":{"loc":{"start":{"line":122,"column":12},"end":{"line":122,"column":76}},"type":"binary-expr","locations":[{"start":{"line":122,"column":12},"end":{"line":122,"column":48}},{"start":{"line":122,"column":52},"end":{"line":122,"column":76}}],"line":122},"6":{"loc":{"start":{"line":145,"column":89},"end":{"line":145,"column":118}},"type":"cond-expr","locations":[{"start":{"line":145,"column":102},"end":{"line":145,"column":109}},{"start":{"line":145,"column":112},"end":{"line":145,"column":118}}],"line":145},"7":{"loc":{"start":{"line":172,"column":21},"end":{"line":172,"column":71}},"type":"cond-expr","locations":[{"start":{"line":172,"column":54},"end":{"line":172,"column":62}},{"start":{"line":172,"column":65},"end":{"line":172,"column":71}}],"line":172},"8":{"loc":{"start":{"line":176,"column":8},"end":{"line":193,"column":9}},"type":"if","locations":[{"start":{"line":176,"column":8},"end":{"line":193,"column":9}},{"start":{"line":176,"column":8},"end":{"line":193,"column":9}}],"line":176},"9":{"loc":{"start":{"line":178,"column":16},"end":{"line":180,"column":17}},"type":"if","locations":[{"start":{"line":178,"column":16},"end":{"line":180,"column":17}},{"start":{"line":178,"column":16},"end":{"line":180,"column":17}}],"line":178},"10":{"loc":{"start":{"line":183,"column":13},"end":{"line":193,"column":9}},"type":"if","locations":[{"start":{"line":183,"column":13},"end":{"line":193,"column":9}},{"start":{"line":183,"column":13},"end":{"line":193,"column":9}}],"line":183},"11":{"loc":{"start":{"line":187,"column":20},"end":{"line":190,"column":21}},"type":"if","locations":[{"start":{"line":187,"column":20},"end":{"line":190,"column":21}},{"start":{"line":187,"column":20},"end":{"line":190,"column":21}}],"line":187},"12":{"loc":{"start":{"line":199,"column":8},"end":{"line":201,"column":9}},"type":"if","locations":[{"start":{"line":199,"column":8},"end":{"line":201,"column":9}},{"start":{"line":199,"column":8},"end":{"line":201,"column":9}}],"line":199},"13":{"loc":{"start":{"line":199,"column":12},"end":{"line":199,"column":64}},"type":"binary-expr","locations":[{"start":{"line":199,"column":12},"end":{"line":199,"column":27}},{"start":{"line":199,"column":31},"end":{"line":199,"column":64}}],"line":199},"14":{"loc":{"start":{"line":202,"column":8},"end":{"line":204,"column":9}},"type":"if","locations":[{"start":{"line":202,"column":8},"end":{"line":204,"column":9}},{"start":{"line":202,"column":8},"end":{"line":204,"column":9}}],"line":202},"15":{"loc":{"start":{"line":282,"column":96},"end":{"line":282,"column":129}},"type":"cond-expr","locations":[{"start":{"line":282,"column":113},"end":{"line":282,"column":120}},{"start":{"line":282,"column":123},"end":{"line":282,"column":129}}],"line":282},"16":{"loc":{"start":{"line":283,"column":77},"end":{"line":283,"column":110}},"type":"cond-expr","locations":[{"start":{"line":283,"column":94},"end":{"line":283,"column":100}},{"start":{"line":283,"column":103},"end":{"line":283,"column":110}}],"line":283}},"s":{"0":0,"1":0,"2":0,"3":0,"4":0,"5":0,"6":0,"7":0,"8":0,"9":0,"10":0,"11":0,"12":0,"13":0,"14":0,"15":0,"16":0,"17":0,"18":0,"19":0,"20":0,"21":0,"22":0,"23":0,"24":0,"25":0,"26":0,"27":0,"28":0,"29":0,"30":0,"31":0,"32":0,"33":0,"34":0,"35":0,"36":0,"37":0,"38":0,"39":0,"40":0,"41":0,"42":0,"43":0,"44":0,"45":0,"46":0,"47":0,"48":0,"49":0,"50":0,"51":0,"52":0,"53":0,"54":0,"55":0,"56":0,"57":0,"58":0,"59":0,"60":0,"61":0,"62":0,"63":0,"64":0,"65":0,"66":0,"67":0,"68":0,"69":0,"70":0,"71":0,"72":0,"73":0,"74":0,"75":0,"76":0,"77":0,"78":0,"79":0,"80":0,"81":0,"82":0,"83":0,"84":0,"85":0,"86":0,"87":0,"88":0},"f":{"0":0,"1":0,"2":0,"3":0,"4":0,"5":0,"6":0,"7":0,"8":0,"9":0,"10":0,"11":0,"12":0,"13":0,"14":0,"15":0,"16":0,"17":0,"18":0,"19":0,"20":0,"21":0,"22":0,"23":0,"24":0,"25":0,"26":0,"27":0,"28":0,"29":0,"30":0,"31":0},"b":{"0":[0,0],"1":[0,0],"2":[0,0],"3":[0,0],"4":[0,0],"5":[0,0],"6":[0,0],"7":[0,0],"8":[0,0],"9":[0,0],"10":[0,0],"11":[0,0],"12":[0,0],"13":[0,0],"14":[0,0],"15":[0,0],"16":[0,0]}}
,"C:\\Users\\zhouy16\\Desktop\\New folder\\COMP 531\\hw6-frontend-sleepyzzzzzz\\src\\component\\profile\\profile.js": {"path":"C:\\Users\\zhouy16\\Desktop\\New folder\\COMP 531\\hw6-frontend-sleepyzzzzzz\\src\\component\\profile\\profile.js","statementMap":{"0":{"start":{"line":11,"column":8},"end":{"line":11,"column":21}},"1":{"start":{"line":12,"column":8},"end":{"line":20,"column":10}},"2":{"start":{"line":21,"column":8},"end":{"line":21,"column":40}},"3":{"start":{"line":24,"column":23},"end":{"line":37,"column":5}},"4":{"start":{"line":25,"column":8},"end":{"line":30,"column":14}},"5":{"start":{"line":26,"column":27},"end":{"line":26,"column":37}},"6":{"start":{"line":29,"column":20},"end":{"line":29,"column":45}},"7":{"start":{"line":31,"column":8},"end":{"line":36,"column":14}},"8":{"start":{"line":32,"column":27},"end":{"line":32,"column":37}},"9":{"start":{"line":35,"column":20},"end":{"line":35,"column":44}},"10":{"start":{"line":39,"column":17},"end":{"line":52,"column":5}},"11":{"start":{"line":40,"column":18},"end":{"line":40,"column":36}},"12":{"start":{"line":41,"column":23},"end":{"line":41,"column":38}},"13":{"start":{"line":42,"column":8},"end":{"line":51,"column":9}},"14":{"start":{"line":43,"column":12},"end":{"line":45,"column":13}},"15":{"start":{"line":44,"column":16},"end":{"line":44,"column":32}},"16":{"start":{"line":48,"column":12},"end":{"line":50,"column":13}},"17":{"start":{"line":49,"column":16},"end":{"line":49,"column":35}},"18":{"start":{"line":54,"column":15},"end":{"line":81,"column":5}},"19":{"start":{"line":55,"column":8},"end":{"line":55,"column":36}},"20":{"start":{"line":56,"column":8},"end":{"line":56,"column":59}},"21":{"start":{"line":57,"column":20},"end":{"line":57,"column":33}},"22":{"start":{"line":58,"column":18},"end":{"line":58,"column":32}},"23":{"start":{"line":59,"column":18},"end":{"line":59,"column":20}},"24":{"start":{"line":60,"column":8},"end":{"line":79,"column":9}},"25":{"start":{"line":62,"column":16},"end":{"line":62,"column":45}},"26":{"start":{"line":63,"column":16},"end":{"line":63,"column":83}},"27":{"start":{"line":64,"column":16},"end":{"line":64,"column":22}},"28":{"start":{"line":66,"column":16},"end":{"line":66,"column":44}},"29":{"start":{"line":67,"column":16},"end":{"line":67,"column":83}},"30":{"start":{"line":68,"column":16},"end":{"line":68,"column":22}},"31":{"start":{"line":70,"column":16},"end":{"line":70,"column":32}},"32":{"start":{"line":71,"column":16},"end":{"line":71,"column":85}},"33":{"start":{"line":72,"column":16},"end":{"line":72,"column":22}},"34":{"start":{"line":74,"column":16},"end":{"line":74,"column":31}},"35":{"start":{"line":75,"column":16},"end":{"line":75,"column":81}},"36":{"start":{"line":76,"column":16},"end":{"line":76,"column":22}},"37":{"start":{"line":78,"column":16},"end":{"line":78,"column":22}},"38":{"start":{"line":80,"column":8},"end":{"line":80,"column":36}},"39":{"start":{"line":83,"column":18},"end":{"line":85,"column":5}},"40":{"start":{"line":84,"column":8},"end":{"line":84,"column":52}},"41":{"start":{"line":87,"column":12},"end":{"line":98,"column":5}},"42":{"start":{"line":88,"column":8},"end":{"line":97,"column":11}},"43":{"start":{"line":100,"column":15},"end":{"line":116,"column":5}},"44":{"start":{"line":101,"column":8},"end":{"line":101,"column":27}},"45":{"start":{"line":102,"column":18},"end":{"line":102,"column":32}},"46":{"start":{"line":103,"column":8},"end":{"line":103,"column":36}},"47":{"start":{"line":104,"column":8},"end":{"line":115,"column":9}},"48":{"start":{"line":105,"column":12},"end":{"line":105,"column":25}},"49":{"start":{"line":108,"column":12},"end":{"line":114,"column":13}},"50":{"start":{"line":109,"column":16},"end":{"line":109,"column":65}},"51":{"start":{"line":112,"column":16},"end":{"line":112,"column":29}},"52":{"start":{"line":113,"column":16},"end":{"line":113,"column":112}},"53":{"start":{"line":118,"column":19},"end":{"line":120,"column":5}},"54":{"start":{"line":119,"column":8},"end":{"line":119,"column":36}},"55":{"start":{"line":123,"column":23},"end":{"line":123,"column":52}},"56":{"start":{"line":124,"column":8},"end":{"line":126,"column":9}},"57":{"start":{"line":125,"column":12},"end":{"line":125,"column":40}},"58":{"start":{"line":127,"column":8},"end":{"line":129,"column":9}},"59":{"start":{"line":128,"column":12},"end":{"line":128,"column":36}},"60":{"start":{"line":130,"column":8},"end":{"line":252,"column":10}},"61":{"start":{"line":256,"column":24},"end":{"line":271,"column":1}},"62":{"start":{"line":257,"column":4},"end":{"line":270,"column":6}},"63":{"start":{"line":273,"column":27},"end":{"line":279,"column":1}},"64":{"start":{"line":274,"column":4},"end":{"line":278,"column":5}},"65":{"start":{"line":275,"column":67},"end":{"line":275,"column":130}},"66":{"start":{"line":276,"column":30},"end":{"line":276,"column":56}},"67":{"start":{"line":277,"column":29},"end":{"line":277,"column":54}}},"fnMap":{"0":{"name":"(anonymous_0)","decl":{"start":{"line":10,"column":4},"end":{"line":10,"column":5}},"loc":{"start":{"line":10,"column":23},"end":{"line":22,"column":5}},"line":10},"1":{"name":"(anonymous_1)","decl":{"start":{"line":24,"column":23},"end":{"line":24,"column":24}},"loc":{"start":{"line":24,"column":29},"end":{"line":37,"column":5}},"line":24},"2":{"name":"(anonymous_2)","decl":{"start":{"line":26,"column":18},"end":{"line":26,"column":19}},"loc":{"start":{"line":26,"column":27},"end":{"line":26,"column":37}},"line":26},"3":{"name":"(anonymous_3)","decl":{"start":{"line":28,"column":16},"end":{"line":28,"column":17}},"loc":{"start":{"line":29,"column":20},"end":{"line":29,"column":45}},"line":29},"4":{"name":"(anonymous_4)","decl":{"start":{"line":32,"column":18},"end":{"line":32,"column":19}},"loc":{"start":{"line":32,"column":27},"end":{"line":32,"column":37}},"line":32},"5":{"name":"(anonymous_5)","decl":{"start":{"line":34,"column":16},"end":{"line":34,"column":17}},"loc":{"start":{"line":35,"column":20},"end":{"line":35,"column":44}},"line":35},"6":{"name":"(anonymous_6)","decl":{"start":{"line":39,"column":17},"end":{"line":39,"column":18}},"loc":{"start":{"line":39,"column":55},"end":{"line":52,"column":5}},"line":39},"7":{"name":"(anonymous_7)","decl":{"start":{"line":54,"column":15},"end":{"line":54,"column":16}},"loc":{"start":{"line":54,"column":22},"end":{"line":81,"column":5}},"line":54},"8":{"name":"(anonymous_8)","decl":{"start":{"line":83,"column":18},"end":{"line":83,"column":19}},"loc":{"start":{"line":83,"column":29},"end":{"line":85,"column":5}},"line":83},"9":{"name":"(anonymous_9)","decl":{"start":{"line":87,"column":12},"end":{"line":87,"column":13}},"loc":{"start":{"line":87,"column":18},"end":{"line":98,"column":5}},"line":87},"10":{"name":"(anonymous_10)","decl":{"start":{"line":100,"column":15},"end":{"line":100,"column":16}},"loc":{"start":{"line":100,"column":22},"end":{"line":116,"column":5}},"line":100},"11":{"name":"(anonymous_11)","decl":{"start":{"line":118,"column":19},"end":{"line":118,"column":20}},"loc":{"start":{"line":118,"column":25},"end":{"line":120,"column":5}},"line":118},"12":{"name":"(anonymous_12)","decl":{"start":{"line":122,"column":4},"end":{"line":122,"column":5}},"loc":{"start":{"line":122,"column":13},"end":{"line":253,"column":5}},"line":122},"13":{"name":"(anonymous_13)","decl":{"start":{"line":256,"column":24},"end":{"line":256,"column":25}},"loc":{"start":{"line":256,"column":35},"end":{"line":271,"column":1}},"line":256},"14":{"name":"(anonymous_14)","decl":{"start":{"line":273,"column":27},"end":{"line":273,"column":28}},"loc":{"start":{"line":273,"column":41},"end":{"line":279,"column":1}},"line":273},"15":{"name":"(anonymous_15)","decl":{"start":{"line":275,"column":22},"end":{"line":275,"column":23}},"loc":{"start":{"line":275,"column":67},"end":{"line":275,"column":130}},"line":275},"16":{"name":"(anonymous_16)","decl":{"start":{"line":276,"column":19},"end":{"line":276,"column":20}},"loc":{"start":{"line":276,"column":30},"end":{"line":276,"column":56}},"line":276},"17":{"name":"(anonymous_17)","decl":{"start":{"line":277,"column":18},"end":{"line":277,"column":19}},"loc":{"start":{"line":277,"column":29},"end":{"line":277,"column":54}},"line":277}},"branchMap":{"0":{"loc":{"start":{"line":42,"column":8},"end":{"line":51,"column":9}},"type":"if","locations":[{"start":{"line":42,"column":8},"end":{"line":51,"column":9}},{"start":{"line":42,"column":8},"end":{"line":51,"column":9}}],"line":42},"1":{"loc":{"start":{"line":42,"column":12},"end":{"line":42,"column":64}},"type":"binary-expr","locations":[{"start":{"line":42,"column":12},"end":{"line":42,"column":30}},{"start":{"line":42,"column":35},"end":{"line":42,"column":44}},{"start":{"line":42,"column":48},"end":{"line":42,"column":63}}],"line":42},"2":{"loc":{"start":{"line":43,"column":12},"end":{"line":45,"column":13}},"type":"if","locations":[{"start":{"line":43,"column":12},"end":{"line":45,"column":13}},{"start":{"line":43,"column":12},"end":{"line":45,"column":13}}],"line":43},"3":{"loc":{"start":{"line":48,"column":12},"end":{"line":50,"column":13}},"type":"if","locations":[{"start":{"line":48,"column":12},"end":{"line":50,"column":13}},{"start":{"line":48,"column":12},"end":{"line":50,"column":13}}],"line":48},"4":{"loc":{"start":{"line":60,"column":8},"end":{"line":79,"column":9}},"type":"switch","locations":[{"start":{"line":61,"column":12},"end":{"line":64,"column":22}},{"start":{"line":65,"column":12},"end":{"line":68,"column":22}},{"start":{"line":69,"column":12},"end":{"line":72,"column":22}},{"start":{"line":73,"column":12},"end":{"line":76,"column":22}},{"start":{"line":77,"column":12},"end":{"line":78,"column":22}}],"line":60},"5":{"loc":{"start":{"line":104,"column":8},"end":{"line":115,"column":9}},"type":"if","locations":[{"start":{"line":104,"column":8},"end":{"line":115,"column":9}},{"start":{"line":104,"column":8},"end":{"line":115,"column":9}}],"line":104},"6":{"loc":{"start":{"line":108,"column":12},"end":{"line":114,"column":13}},"type":"if","locations":[{"start":{"line":108,"column":12},"end":{"line":114,"column":13}},{"start":{"line":108,"column":12},"end":{"line":114,"column":13}}],"line":108},"7":{"loc":{"start":{"line":108,"column":16},"end":{"line":108,"column":120}},"type":"binary-expr","locations":[{"start":{"line":108,"column":16},"end":{"line":108,"column":39}},{"start":{"line":108,"column":43},"end":{"line":108,"column":66}},{"start":{"line":108,"column":70},"end":{"line":108,"column":95}},{"start":{"line":108,"column":99},"end":{"line":108,"column":120}}],"line":108},"8":{"loc":{"start":{"line":124,"column":8},"end":{"line":126,"column":9}},"type":"if","locations":[{"start":{"line":124,"column":8},"end":{"line":126,"column":9}},{"start":{"line":124,"column":8},"end":{"line":126,"column":9}}],"line":124},"9":{"loc":{"start":{"line":124,"column":12},"end":{"line":124,"column":64}},"type":"binary-expr","locations":[{"start":{"line":124,"column":12},"end":{"line":124,"column":27}},{"start":{"line":124,"column":31},"end":{"line":124,"column":64}}],"line":124},"10":{"loc":{"start":{"line":127,"column":8},"end":{"line":129,"column":9}},"type":"if","locations":[{"start":{"line":127,"column":8},"end":{"line":129,"column":9}},{"start":{"line":127,"column":8},"end":{"line":129,"column":9}}],"line":127},"11":{"loc":{"start":{"line":176,"column":51},"end":{"line":176,"column":121}},"type":"cond-expr","locations":[{"start":{"line":176,"column":79},"end":{"line":176,"column":104}},{"start":{"line":176,"column":107},"end":{"line":176,"column":121}}],"line":176},"12":{"loc":{"start":{"line":192,"column":51},"end":{"line":192,"column":121}},"type":"cond-expr","locations":[{"start":{"line":192,"column":79},"end":{"line":192,"column":104}},{"start":{"line":192,"column":107},"end":{"line":192,"column":121}}],"line":192},"13":{"loc":{"start":{"line":211,"column":51},"end":{"line":211,"column":123}},"type":"cond-expr","locations":[{"start":{"line":211,"column":81},"end":{"line":211,"column":106}},{"start":{"line":211,"column":109},"end":{"line":211,"column":123}}],"line":211},"14":{"loc":{"start":{"line":228,"column":51},"end":{"line":228,"column":119}},"type":"cond-expr","locations":[{"start":{"line":228,"column":77},"end":{"line":228,"column":102}},{"start":{"line":228,"column":105},"end":{"line":228,"column":119}}],"line":228}},"s":{"0":0,"1":0,"2":0,"3":0,"4":0,"5":0,"6":0,"7":0,"8":0,"9":0,"10":0,"11":0,"12":0,"13":0,"14":0,"15":0,"16":0,"17":0,"18":0,"19":0,"20":0,"21":0,"22":0,"23":0,"24":0,"25":0,"26":0,"27":0,"28":0,"29":0,"30":0,"31":0,"32":0,"33":0,"34":0,"35":0,"36":0,"37":0,"38":0,"39":0,"40":0,"41":0,"42":0,"43":0,"44":0,"45":0,"46":0,"47":0,"48":0,"49":0,"50":0,"51":0,"52":0,"53":0,"54":0,"55":0,"56":0,"57":0,"58":0,"59":0,"60":0,"61":0,"62":0,"63":0,"64":0,"65":0,"66":0,"67":0},"f":{"0":0,"1":0,"2":0,"3":0,"4":0,"5":0,"6":0,"7":0,"8":0,"9":0,"10":0,"11":0,"12":0,"13":0,"14":0,"15":0,"16":0,"17":0},"b":{"0":[0,0],"1":[0,0,0],"2":[0,0],"3":[0,0],"4":[0,0,0,0,0],"5":[0,0],"6":[0,0],"7":[0,0,0,0],"8":[0,0],"9":[0,0],"10":[0,0],"11":[0,0],"12":[0,0],"13":[0,0],"14":[0,0]}}
}
