TN:
SF:src\actions.js
FN:1,(anonymous_0)
FN:6,(anonymous_1)
FN:11,(anonymous_2)
FN:15,(anonymous_3)
FN:21,(anonymous_4)
FN:25,(anonymous_5)
FN:30,(anonymous_6)
FN:34,(anonymous_7)
FN:38,(anonymous_8)
FN:46,(anonymous_9)
FN:51,(anonymous_10)
FN:57,(anonymous_11)
FN:64,(anonymous_12)
FNF:13
FNH:13
FNDA:17,(anonymous_0)
FNDA:13,(anonymous_1)
FNDA:1,(anonymous_2)
FNDA:57,(anonymous_3)
FNDA:14,(anonymous_4)
FNDA:3,(anonymous_5)
FNDA:1,(anonymous_6)
FNDA:1,(anonymous_7)
FNDA:3,(anonymous_8)
FNDA:1,(anonymous_9)
FNDA:5,(anonymous_10)
FNDA:1,(anonymous_11)
FNDA:2,(anonymous_12)
DA:1,17
DA:6,13
DA:11,1
DA:15,57
DA:21,14
DA:25,3
DA:30,1
DA:34,1
DA:38,3
DA:46,1
DA:51,5
DA:57,1
DA:64,2
LF:13
LH:13
BRF:0
BRH:0
end_of_record
TN:
SF:src\index.js
FNF:0
FNH:0
DA:12,0
DA:14,0
DA:26,0
LF:3
LH:0
BRF:0
BRH:0
end_of_record
TN:
SF:src\reducer.js
FN:35,frontend
FN:388,(anonymous_1)
FN:463,find_status
FN:477,load_user
FN:511,load_post
FN:513,(anonymous_5)
FN:543,add_follow
FN:549,add_post
FN:562,add_comment
FN:579,generate_comments
FN:582,(anonymous_10)
FN:596,login
FN:610,check_register
FN:612,(anonymous_13)
FN:621,load_current_info
FN:642,find_follow_exist
FN:644,(anonymous_16)
FN:654,find_user_post
FN:658,(anonymous_18)
FN:665,(anonymous_19)
FN:676,updateposts
FN:700,random_timestamp
FN:708,compare_feed
FNF:23
FNH:23
FNDA:120,frontend
FNDA:2,(anonymous_1)
FNDA:28,find_status
FNDA:17,load_user
FNDA:13,load_post
FNDA:1300,(anonymous_5)
FNDA:2,add_follow
FNDA:130,add_post
FNDA:3900,add_comment
FNDA:1300,generate_comments
FNDA:13000,(anonymous_10)
FNDA:14,login
FNDA:3,check_register
FNDA:30,(anonymous_13)
FNDA:4066,load_current_info
FNDA:4,find_follow_exist
FNDA:12,(anonymous_16)
FNDA:24,find_user_post
FNDA:63,(anonymous_18)
FNDA:2400,(anonymous_19)
FNDA:2,updateposts
FNDA:5200,random_timestamp
FNDA:8694,compare_feed
DA:7,1
DA:10,1
DA:14,1
DA:36,120
DA:37,120
DA:38,120
DA:39,120
DA:40,120
DA:41,120
DA:43,17
DA:60,17
DA:61,17
DA:62,16
DA:63,16
DA:64,16
DA:65,16
DA:66,16
DA:68,16
DA:69,16
DA:70,16
DA:84,1
DA:85,1
DA:86,1
DA:89,1
DA:94,13
DA:95,13
DA:96,130
DA:101,13
DA:102,13
DA:103,13
DA:104,13
DA:105,13
DA:114,0
DA:120,1
DA:125,57
DA:126,57
DA:127,57
DA:129,18
DA:135,4
DA:141,5
DA:147,4
DA:153,4
DA:159,4
DA:165,17
DA:171,1
DA:177,0
DA:183,14
DA:184,14
DA:185,3
DA:190,11
DA:191,11
DA:192,11
DA:193,11
DA:194,11
DA:195,11
DA:196,11
DA:197,11
DA:199,11
DA:200,11
DA:201,11
DA:218,3
DA:219,3
DA:220,1
DA:225,2
DA:226,2
DA:227,2
DA:239,2
DA:240,2
DA:242,2
DA:249,1
DA:262,1
DA:263,1
DA:283,3
DA:284,3
DA:285,3
DA:286,3
DA:287,3
DA:299,3
DA:300,3
DA:310,1
DA:314,1
DA:316,1
DA:317,1
DA:318,1
DA:319,1
DA:320,1
DA:321,1
DA:322,1
DA:323,0
DA:326,1
DA:328,1
DA:331,1
DA:337,5
DA:338,5
DA:339,5
DA:340,5
DA:342,4
DA:343,4
DA:344,1
DA:349,3
DA:350,1
DA:355,2
DA:356,1
DA:361,1
DA:362,1
DA:363,1
DA:364,1
DA:365,1
DA:366,1
DA:375,1
DA:376,1
DA:377,1
DA:378,1
DA:379,1
DA:382,1
DA:383,1
DA:384,1
DA:385,1
DA:386,1
DA:387,1
DA:388,2
DA:389,1
DA:398,0
DA:401,1
DA:402,1
DA:403,1
DA:404,1
DA:405,1
DA:406,1
DA:407,1
DA:416,1
DA:417,1
DA:418,1
DA:425,2
DA:426,2
DA:427,2
DA:429,1
DA:430,40
DA:431,10
DA:434,1
DA:439,1
DA:440,40
DA:441,40
DA:442,570
DA:443,20
DA:444,20
DA:448,1
DA:453,0
DA:459,1
DA:464,28
DA:465,28
DA:466,18
DA:467,34
DA:468,16
DA:469,16
DA:472,2
DA:474,10
DA:478,17
DA:479,17
DA:480,170
DA:481,170
DA:482,170
DA:495,170
DA:497,17
DA:498,170
DA:499,170
DA:500,510
DA:501,510
DA:502,102
DA:504,510
DA:506,170
DA:508,17
DA:512,13
DA:513,13
DA:514,1300
DA:515,1300
DA:516,1300
DA:517,7150
DA:518,1300
DA:519,1300
DA:520,1300
DA:523,1300
DA:524,1300
DA:525,1300
DA:536,1300
DA:538,1300
DA:540,13
DA:544,2
DA:545,6
DA:550,130
DA:551,130
DA:552,130
DA:553,13000
DA:554,1300
DA:555,1300
DA:556,1300
DA:559,130
DA:563,3900
DA:564,3900
DA:565,3900
DA:566,3900
DA:567,3900
DA:574,3900
DA:575,3900
DA:576,3900
DA:580,1300
DA:581,1300
DA:582,13000
DA:583,1300
DA:584,3900
DA:585,3900
DA:586,332
DA:588,3900
DA:589,3900
DA:590,3900
DA:591,3900
DA:592,3900
DA:597,14
DA:598,1
DA:600,13
DA:601,13
DA:602,31
DA:603,11
DA:604,11
DA:607,2
DA:611,3
DA:612,3
DA:613,30
DA:614,1
DA:615,1
DA:618,3
DA:622,4066
DA:623,4066
DA:624,4066
DA:625,21935
DA:626,4020
DA:627,4020
DA:628,4020
DA:629,4020
DA:630,4020
DA:631,4020
DA:632,4020
DA:633,4020
DA:634,4020
DA:635,4020
DA:636,4020
DA:639,4066
DA:643,4
DA:644,4
DA:645,12
DA:646,12
DA:647,1
DA:648,1
DA:651,4
DA:655,24
DA:656,24
DA:657,24
DA:658,21
DA:659,63
DA:662,24
DA:663,24
DA:664,24
DA:665,24
DA:666,2400
DA:667,840
DA:668,840
DA:669,840
DA:672,24
DA:673,24
DA:677,2
DA:678,2
DA:679,1
DA:680,1
DA:681,10
DA:682,10
DA:683,10
DA:687,1
DA:688,40
DA:689,10
DA:690,10
DA:693,1
DA:694,30
DA:697,2
DA:701,5200
DA:702,5200
DA:703,5200
DA:704,5200
DA:705,5200
DA:709,8694
LF:289
LH:284
BRDA:35,0,0,21
BRDA:41,1,0,17
BRDA:41,1,1,13
BRDA:41,1,2,1
BRDA:41,1,3,57
BRDA:41,1,4,14
BRDA:41,1,5,3
BRDA:41,1,6,1
BRDA:41,1,7,1
BRDA:41,1,8,3
BRDA:41,1,9,1
BRDA:41,1,10,5
BRDA:41,1,11,1
BRDA:41,1,12,2
BRDA:41,1,13,1
BRDA:61,2,0,16
BRDA:61,2,1,1
BRDA:65,3,0,16
BRDA:65,3,1,0
BRDA:69,4,0,8
BRDA:69,4,1,8
BRDA:84,5,0,1
BRDA:84,5,1,0
BRDA:85,6,0,1
BRDA:85,6,1,0
BRDA:102,7,0,13
BRDA:102,7,1,0
BRDA:127,8,0,18
BRDA:127,8,1,4
BRDA:127,8,2,5
BRDA:127,8,3,4
BRDA:127,8,4,4
BRDA:127,8,5,4
BRDA:127,8,6,17
BRDA:127,8,7,1
BRDA:127,8,8,0
BRDA:184,9,0,3
BRDA:184,9,1,11
BRDA:196,10,0,11
BRDA:196,10,1,0
BRDA:200,11,0,8
BRDA:200,11,1,3
BRDA:219,12,0,1
BRDA:219,12,1,2
BRDA:283,13,0,2
BRDA:283,13,1,1
BRDA:284,14,0,2
BRDA:284,14,1,1
BRDA:285,15,0,2
BRDA:285,15,1,1
BRDA:286,16,0,2
BRDA:286,16,1,1
BRDA:290,17,0,3
BRDA:290,17,1,0
BRDA:316,18,0,1
BRDA:316,18,1,0
BRDA:322,19,0,0
BRDA:322,19,1,1
BRDA:340,20,0,4
BRDA:340,20,1,1
BRDA:340,20,2,0
BRDA:343,21,0,1
BRDA:343,21,1,3
BRDA:349,22,0,1
BRDA:349,22,1,2
BRDA:355,23,0,1
BRDA:355,23,1,1
BRDA:377,24,0,1
BRDA:377,24,1,0
BRDA:427,25,0,1
BRDA:427,25,1,1
BRDA:427,25,2,0
BRDA:430,26,0,10
BRDA:430,26,1,30
BRDA:442,27,0,20
BRDA:442,27,1,550
BRDA:465,28,0,18
BRDA:465,28,1,10
BRDA:465,29,0,28
BRDA:465,29,1,18
BRDA:467,30,0,16
BRDA:467,30,1,18
BRDA:501,31,0,102
BRDA:501,31,1,408
BRDA:517,32,0,1300
BRDA:517,32,1,5850
BRDA:553,33,0,1300
BRDA:553,33,1,11700
BRDA:582,34,0,11700
BRDA:582,34,1,1300
BRDA:597,35,0,1
BRDA:597,35,1,13
BRDA:597,36,0,14
BRDA:597,36,1,13
BRDA:602,37,0,11
BRDA:602,37,1,20
BRDA:602,38,0,31
BRDA:602,38,1,12
BRDA:613,39,0,1
BRDA:613,39,1,29
BRDA:625,40,0,4020
BRDA:625,40,1,17915
BRDA:646,41,0,1
BRDA:646,41,1,11
BRDA:657,42,0,21
BRDA:657,42,1,3
BRDA:666,43,0,840
BRDA:666,43,1,1560
BRDA:666,44,0,2400
BRDA:666,44,1,1770
BRDA:678,45,0,1
BRDA:678,45,1,1
BRDA:688,46,0,10
BRDA:688,46,1,30
BRF:114
BRH:102
end_of_record
TN:
SF:src\routers.js
FNF:0
FNH:0
LF:0
LH:0
BRF:0
BRH:0
end_of_record
TN:
SF:src\serviceWorker.js
FN:23,register
FN:34,(anonymous_1)
FN:43,(anonymous_2)
FN:57,registerValidSW
FN:60,(anonymous_4)
FN:61,(anonymous_5)
FN:66,(anonymous_6)
FN:96,(anonymous_7)
FN:101,checkValidServiceWorker
FN:106,(anonymous_9)
FN:114,(anonymous_10)
FN:115,(anonymous_11)
FN:124,(anonymous_12)
FN:131,unregister
FN:134,(anonymous_14)
FN:137,(anonymous_15)
FNF:16
FNH:0
FNDA:0,register
FNDA:0,(anonymous_1)
FNDA:0,(anonymous_2)
FNDA:0,registerValidSW
FNDA:0,(anonymous_4)
FNDA:0,(anonymous_5)
FNDA:0,(anonymous_6)
FNDA:0,(anonymous_7)
FNDA:0,checkValidServiceWorker
FNDA:0,(anonymous_9)
FNDA:0,(anonymous_10)
FNDA:0,(anonymous_11)
FNDA:0,(anonymous_12)
FNDA:0,unregister
FNDA:0,(anonymous_14)
FNDA:0,(anonymous_15)
DA:13,0
DA:24,0
DA:26,0
DA:27,0
DA:31,0
DA:34,0
DA:35,0
DA:37,0
DA:39,0
DA:43,0
DA:44,0
DA:51,0
DA:58,0
DA:61,0
DA:62,0
DA:63,0
DA:64,0
DA:66,0
DA:67,0
DA:68,0
DA:72,0
DA:78,0
DA:79,0
DA:85,0
DA:88,0
DA:89,0
DA:97,0
DA:103,0
DA:108,0
DA:109,0
DA:114,0
DA:115,0
DA:116,0
DA:121,0
DA:125,0
DA:132,0
DA:133,0
DA:135,0
DA:138,0
LF:39
LH:0
BRDA:14,0,0,0
BRDA:14,0,1,0
BRDA:14,0,2,0
BRDA:24,1,0,0
BRDA:24,1,1,0
BRDA:24,2,0,0
BRDA:24,2,1,0
BRDA:27,3,0,0
BRDA:27,3,1,0
BRDA:37,4,0,0
BRDA:37,4,1,0
BRDA:63,5,0,0
BRDA:63,5,1,0
BRDA:67,6,0,0
BRDA:67,6,1,0
BRDA:68,7,0,0
BRDA:68,7,1,0
BRDA:78,8,0,0
BRDA:78,8,1,0
BRDA:78,9,0,0
BRDA:78,9,1,0
BRDA:88,10,0,0
BRDA:88,10,1,0
BRDA:88,11,0,0
BRDA:88,11,1,0
BRDA:109,12,0,0
BRDA:109,12,1,0
BRDA:110,13,0,0
BRDA:110,13,1,0
BRDA:110,13,2,0
BRDA:132,14,0,0
BRDA:132,14,1,0
BRF:32
BRH:0
end_of_record
TN:
SF:src\component\app\app.js
FN:10,(anonymous_0)
FN:12,(anonymous_1)
FN:14,(anonymous_2)
FN:18,(anonymous_3)
FN:20,(anonymous_4)
FN:25,(anonymous_5)
FN:35,(anonymous_6)
FN:38,(anonymous_7)
FN:48,(anonymous_8)
FN:62,(anonymous_9)
FN:64,(anonymous_10)
FN:65,(anonymous_11)
FN:66,(anonymous_12)
FNF:13
FNH:0
FNDA:0,(anonymous_0)
FNDA:0,(anonymous_1)
FNDA:0,(anonymous_2)
FNDA:0,(anonymous_3)
FNDA:0,(anonymous_4)
FNDA:0,(anonymous_5)
FNDA:0,(anonymous_6)
FNDA:0,(anonymous_7)
FNDA:0,(anonymous_8)
FNDA:0,(anonymous_9)
FNDA:0,(anonymous_10)
FNDA:0,(anonymous_11)
FNDA:0,(anonymous_12)
DA:11,0
DA:12,0
DA:15,0
DA:17,0
DA:18,0
DA:21,0
DA:26,0
DA:35,0
DA:38,0
DA:48,0
DA:49,0
DA:62,0
DA:63,0
DA:64,0
DA:65,0
DA:66,0
LF:16
LH:0
BRF:0
BRH:0
end_of_record
TN:
SF:src\component\app\login\login.js
FN:9,(anonymous_0)
FN:18,(anonymous_1)
FN:23,(anonymous_2)
FN:27,(anonymous_3)
FN:45,(anonymous_4)
FN:107,(anonymous_5)
FN:118,(anonymous_6)
FN:120,(anonymous_7)
FN:121,(anonymous_8)
FNF:9
FNH:0
FNDA:0,(anonymous_0)
FNDA:0,(anonymous_1)
FNDA:0,(anonymous_2)
FNDA:0,(anonymous_3)
FNDA:0,(anonymous_4)
FNDA:0,(anonymous_5)
FNDA:0,(anonymous_6)
FNDA:0,(anonymous_7)
FNDA:0,(anonymous_8)
DA:10,0
DA:11,0
DA:18,0
DA:19,0
DA:20,0
DA:23,0
DA:24,0
DA:27,0
DA:28,0
DA:29,0
DA:30,0
DA:31,0
DA:33,0
DA:34,0
DA:36,0
DA:37,0
DA:38,0
DA:41,0
DA:46,0
DA:47,0
DA:48,0
DA:49,0
DA:52,0
DA:107,0
DA:108,0
DA:118,0
DA:119,0
DA:120,0
DA:121,0
LF:29
LH:0
BRDA:30,0,0,0
BRDA:30,0,1,0
BRDA:33,1,0,0
BRDA:33,1,1,0
BRDA:37,2,0,0
BRDA:37,2,1,0
BRDA:47,3,0,0
BRDA:47,3,1,0
BRDA:48,4,0,0
BRDA:48,4,1,0
BRDA:48,5,0,0
BRDA:48,5,1,0
BRDA:62,6,0,0
BRDA:62,6,1,0
BRDA:79,7,0,0
BRDA:79,7,1,0
BRF:16
BRH:0
end_of_record
TN:
SF:src\component\app\register\register.js
FN:10,(anonymous_0)
FN:26,(anonymous_1)
FN:41,(anonymous_2)
FN:68,(anonymous_3)
FN:140,(anonymous_4)
FN:144,(anonymous_5)
FN:186,(anonymous_6)
FN:201,(anonymous_7)
FN:396,(anonymous_8)
FN:411,(anonymous_9)
FN:413,(anonymous_10)
FN:414,(anonymous_11)
FN:415,(anonymous_12)
FNF:13
FNH:0
FNDA:0,(anonymous_0)
FNDA:0,(anonymous_1)
FNDA:0,(anonymous_2)
FNDA:0,(anonymous_3)
FNDA:0,(anonymous_4)
FNDA:0,(anonymous_5)
FNDA:0,(anonymous_6)
FNDA:0,(anonymous_7)
FNDA:0,(anonymous_8)
FNDA:0,(anonymous_9)
FNDA:0,(anonymous_10)
FNDA:0,(anonymous_11)
FNDA:0,(anonymous_12)
DA:11,0
DA:12,0
DA:26,0
DA:27,0
DA:28,0
DA:29,0
DA:30,0
DA:31,0
DA:35,0
DA:36,0
DA:41,0
DA:42,0
DA:43,0
DA:44,0
DA:46,0
DA:47,0
DA:48,0
DA:49,0
DA:50,0
DA:52,0
DA:53,0
DA:57,0
DA:58,0
DA:59,0
DA:61,0
DA:62,0
DA:63,0
DA:68,0
DA:69,0
DA:70,0
DA:71,0
DA:72,0
DA:73,0
DA:74,0
DA:75,0
DA:77,0
DA:78,0
DA:79,0
DA:81,0
DA:82,0
DA:83,0
DA:85,0
DA:86,0
DA:87,0
DA:89,0
DA:90,0
DA:91,0
DA:92,0
DA:93,0
DA:94,0
DA:95,0
DA:96,0
DA:97,0
DA:98,0
DA:99,0
DA:100,0
DA:101,0
DA:104,0
DA:105,0
DA:107,0
DA:108,0
DA:110,0
DA:111,0
DA:112,0
DA:113,0
DA:117,0
DA:118,0
DA:121,0
DA:123,0
DA:124,0
DA:125,0
DA:127,0
DA:128,0
DA:129,0
DA:131,0
DA:132,0
DA:133,0
DA:135,0
DA:137,0
DA:140,0
DA:141,0
DA:144,0
DA:145,0
DA:146,0
DA:147,0
DA:148,0
DA:150,0
DA:151,0
DA:153,0
DA:154,0
DA:156,0
DA:157,0
DA:159,0
DA:160,0
DA:162,0
DA:163,0
DA:164,0
DA:166,0
DA:167,0
DA:168,0
DA:171,0
DA:172,0
DA:186,0
DA:187,0
DA:198,0
DA:202,0
DA:203,0
DA:205,0
DA:396,0
DA:397,0
DA:411,0
DA:412,0
DA:413,0
DA:414,0
DA:415,0
LF:115
LH:0
BRDA:29,0,0,0
BRDA:29,0,1,0
BRDA:30,1,0,0
BRDA:30,1,1,0
BRDA:35,2,0,0
BRDA:35,2,1,0
BRDA:43,3,0,0
BRDA:43,3,1,0
BRDA:48,4,0,0
BRDA:48,4,1,0
BRDA:49,5,0,0
BRDA:49,5,1,0
BRDA:52,6,0,0
BRDA:52,6,1,0
BRDA:58,7,0,0
BRDA:58,7,1,0
BRDA:62,8,0,0
BRDA:62,8,1,0
BRDA:75,9,0,0
BRDA:75,9,1,0
BRDA:75,9,2,0
BRDA:75,9,3,0
BRDA:75,9,4,0
BRDA:75,9,5,0
BRDA:75,9,6,0
BRDA:75,9,7,0
BRDA:99,10,0,0
BRDA:99,10,1,0
BRDA:100,11,0,0
BRDA:100,11,1,0
BRDA:104,12,0,0
BRDA:104,12,1,0
BRDA:107,13,0,0
BRDA:107,13,1,0
BRDA:111,14,0,0
BRDA:111,14,1,0
BRDA:112,15,0,0
BRDA:112,15,1,0
BRDA:117,16,0,0
BRDA:117,16,1,0
BRDA:147,17,0,0
BRDA:147,17,1,0
BRDA:147,18,0,0
BRDA:147,18,1,0
BRDA:150,19,0,0
BRDA:150,19,1,0
BRDA:150,20,0,0
BRDA:150,20,1,0
BRDA:153,21,0,0
BRDA:153,21,1,0
BRDA:153,22,0,0
BRDA:153,22,1,0
BRDA:156,23,0,0
BRDA:156,23,1,0
BRDA:156,24,0,0
BRDA:156,24,1,0
BRDA:159,25,0,0
BRDA:159,25,1,0
BRDA:159,26,0,0
BRDA:159,26,1,0
BRDA:162,27,0,0
BRDA:162,27,1,0
BRDA:162,28,0,0
BRDA:162,28,1,0
BRDA:167,29,0,0
BRDA:167,29,1,0
BRDA:202,30,0,0
BRDA:202,30,1,0
BRDA:220,31,0,0
BRDA:220,31,1,0
BRDA:259,32,0,0
BRDA:259,32,1,0
BRDA:277,33,0,0
BRDA:277,33,1,0
BRDA:299,34,0,0
BRDA:299,34,1,0
BRDA:316,35,0,0
BRDA:316,35,1,0
BRDA:338,36,0,0
BRDA:338,36,1,0
BRDA:355,37,0,0
BRDA:355,37,1,0
BRF:82
BRH:0
end_of_record
TN:
SF:src\component\main\comment.js
FN:6,Commentlist
FN:9,(anonymous_1)
FN:10,(anonymous_2)
FN:14,(anonymous_3)
FNF:4
FNH:0
FNDA:0,Commentlist
FNDA:0,(anonymous_1)
FNDA:0,(anonymous_2)
FNDA:0,(anonymous_3)
DA:7,0
DA:9,0
DA:10,0
DA:12,0
DA:14,0
DA:15,0
DA:39,0
LF:7
LH:0
BRF:0
BRH:0
end_of_record
TN:
SF:src\component\main\main.js
FN:11,(anonymous_0)
FN:28,(anonymous_1)
FN:30,(anonymous_2)
FN:32,(anonymous_3)
FN:36,(anonymous_4)
FN:38,(anonymous_5)
FN:43,(anonymous_6)
FN:52,(anonymous_7)
FN:58,(anonymous_8)
FN:62,(anonymous_9)
FN:69,(anonymous_10)
FN:72,(anonymous_11)
FN:74,(anonymous_12)
FN:101,(anonymous_13)
FN:105,(anonymous_14)
FN:111,(anonymous_15)
FN:115,(anonymous_16)
FN:120,(anonymous_17)
FN:128,(anonymous_18)
FN:171,(anonymous_19)
FN:197,(anonymous_20)
FN:212,(anonymous_21)
FN:334,(anonymous_22)
FN:351,(anonymous_23)
FN:353,(anonymous_24)
FN:354,(anonymous_25)
FN:355,(anonymous_26)
FN:356,(anonymous_27)
FN:357,(anonymous_28)
FN:358,(anonymous_29)
FN:359,(anonymous_30)
FN:360,(anonymous_31)
FNF:32
FNH:0
FNDA:0,(anonymous_0)
FNDA:0,(anonymous_1)
FNDA:0,(anonymous_2)
FNDA:0,(anonymous_3)
FNDA:0,(anonymous_4)
FNDA:0,(anonymous_5)
FNDA:0,(anonymous_6)
FNDA:0,(anonymous_7)
FNDA:0,(anonymous_8)
FNDA:0,(anonymous_9)
FNDA:0,(anonymous_10)
FNDA:0,(anonymous_11)
FNDA:0,(anonymous_12)
FNDA:0,(anonymous_13)
FNDA:0,(anonymous_14)
FNDA:0,(anonymous_15)
FNDA:0,(anonymous_16)
FNDA:0,(anonymous_17)
FNDA:0,(anonymous_18)
FNDA:0,(anonymous_19)
FNDA:0,(anonymous_20)
FNDA:0,(anonymous_21)
FNDA:0,(anonymous_22)
FNDA:0,(anonymous_23)
FNDA:0,(anonymous_24)
FNDA:0,(anonymous_25)
FNDA:0,(anonymous_26)
FNDA:0,(anonymous_27)
FNDA:0,(anonymous_28)
FNDA:0,(anonymous_29)
FNDA:0,(anonymous_30)
FNDA:0,(anonymous_31)
DA:12,0
DA:13,0
DA:22,0
DA:23,0
DA:24,0
DA:25,0
DA:28,0
DA:29,0
DA:30,0
DA:33,0
DA:35,0
DA:36,0
DA:39,0
DA:43,0
DA:44,0
DA:52,0
DA:53,0
DA:54,0
DA:58,0
DA:59,0
DA:62,0
DA:63,0
DA:64,0
DA:65,0
DA:69,0
DA:71,0
DA:72,0
DA:73,0
DA:74,0
DA:75,0
DA:95,0
DA:97,0
DA:101,0
DA:102,0
DA:105,0
DA:106,0
DA:107,0
DA:111,0
DA:112,0
DA:115,0
DA:116,0
DA:117,0
DA:120,0
DA:122,0
DA:123,0
DA:126,0
DA:128,0
DA:129,0
DA:168,0
DA:171,0
DA:172,0
DA:173,0
DA:174,0
DA:175,0
DA:176,0
DA:177,0
DA:178,0
DA:179,0
DA:183,0
DA:184,0
DA:185,0
DA:186,0
DA:187,0
DA:188,0
DA:189,0
DA:194,0
DA:198,0
DA:199,0
DA:200,0
DA:202,0
DA:203,0
DA:205,0
DA:212,0
DA:334,0
DA:335,0
DA:351,0
DA:352,0
DA:353,0
DA:354,0
DA:355,0
DA:356,0
DA:357,0
DA:358,0
DA:359,0
DA:360,0
LF:85
LH:0
BRDA:63,0,0,0
BRDA:63,0,1,0
BRDA:73,1,0,0
BRDA:73,1,1,0
BRDA:106,2,0,0
BRDA:106,2,1,0
BRDA:106,3,0,0
BRDA:106,3,1,0
BRDA:122,4,0,0
BRDA:122,4,1,0
BRDA:122,5,0,0
BRDA:122,5,1,0
BRDA:145,6,0,0
BRDA:145,6,1,0
BRDA:172,7,0,0
BRDA:172,7,1,0
BRDA:176,8,0,0
BRDA:176,8,1,0
BRDA:178,9,0,0
BRDA:178,9,1,0
BRDA:183,10,0,0
BRDA:183,10,1,0
BRDA:187,11,0,0
BRDA:187,11,1,0
BRDA:199,12,0,0
BRDA:199,12,1,0
BRDA:199,13,0,0
BRDA:199,13,1,0
BRDA:202,14,0,0
BRDA:202,14,1,0
BRDA:282,15,0,0
BRDA:282,15,1,0
BRDA:283,16,0,0
BRDA:283,16,1,0
BRF:34
BRH:0
end_of_record
TN:
SF:src\component\profile\profile.js
FN:10,(anonymous_0)
FN:24,(anonymous_1)
FN:26,(anonymous_2)
FN:28,(anonymous_3)
FN:32,(anonymous_4)
FN:34,(anonymous_5)
FN:39,(anonymous_6)
FN:54,(anonymous_7)
FN:83,(anonymous_8)
FN:87,(anonymous_9)
FN:100,(anonymous_10)
FN:118,(anonymous_11)
FN:122,(anonymous_12)
FN:256,(anonymous_13)
FN:273,(anonymous_14)
FN:275,(anonymous_15)
FN:276,(anonymous_16)
FN:277,(anonymous_17)
FNF:18
FNH:0
FNDA:0,(anonymous_0)
FNDA:0,(anonymous_1)
FNDA:0,(anonymous_2)
FNDA:0,(anonymous_3)
FNDA:0,(anonymous_4)
FNDA:0,(anonymous_5)
FNDA:0,(anonymous_6)
FNDA:0,(anonymous_7)
FNDA:0,(anonymous_8)
FNDA:0,(anonymous_9)
FNDA:0,(anonymous_10)
FNDA:0,(anonymous_11)
FNDA:0,(anonymous_12)
FNDA:0,(anonymous_13)
FNDA:0,(anonymous_14)
FNDA:0,(anonymous_15)
FNDA:0,(anonymous_16)
FNDA:0,(anonymous_17)
DA:11,0
DA:12,0
DA:21,0
DA:24,0
DA:25,0
DA:26,0
DA:29,0
DA:31,0
DA:32,0
DA:35,0
DA:39,0
DA:40,0
DA:41,0
DA:42,0
DA:43,0
DA:44,0
DA:48,0
DA:49,0
DA:54,0
DA:55,0
DA:56,0
DA:57,0
DA:58,0
DA:59,0
DA:60,0
DA:62,0
DA:63,0
DA:64,0
DA:66,0
DA:67,0
DA:68,0
DA:70,0
DA:71,0
DA:72,0
DA:74,0
DA:75,0
DA:76,0
DA:78,0
DA:80,0
DA:83,0
DA:84,0
DA:87,0
DA:88,0
DA:100,0
DA:101,0
DA:102,0
DA:103,0
DA:104,0
DA:105,0
DA:108,0
DA:109,0
DA:112,0
DA:113,0
DA:118,0
DA:119,0
DA:123,0
DA:124,0
DA:125,0
DA:127,0
DA:128,0
DA:130,0
DA:256,0
DA:257,0
DA:273,0
DA:274,0
DA:275,0
DA:276,0
DA:277,0
LF:68
LH:0
BRDA:42,0,0,0
BRDA:42,0,1,0
BRDA:42,1,0,0
BRDA:42,1,1,0
BRDA:42,1,2,0
BRDA:43,2,0,0
BRDA:43,2,1,0
BRDA:48,3,0,0
BRDA:48,3,1,0
BRDA:60,4,0,0
BRDA:60,4,1,0
BRDA:60,4,2,0
BRDA:60,4,3,0
BRDA:60,4,4,0
BRDA:104,5,0,0
BRDA:104,5,1,0
BRDA:108,6,0,0
BRDA:108,6,1,0
BRDA:108,7,0,0
BRDA:108,7,1,0
BRDA:108,7,2,0
BRDA:108,7,3,0
BRDA:124,8,0,0
BRDA:124,8,1,0
BRDA:124,9,0,0
BRDA:124,9,1,0
BRDA:127,10,0,0
BRDA:127,10,1,0
BRDA:176,11,0,0
BRDA:176,11,1,0
BRDA:192,12,0,0
BRDA:192,12,1,0
BRDA:211,13,0,0
BRDA:211,13,1,0
BRDA:228,14,0,0
BRDA:228,14,1,0
BRF:36
BRH:0
end_of_record
